[ 2015-02-04T17:35:44+08:00 ] ::1 /fuzhuang/index.php/jquery.nivo.slider.js
INFO: [ app_init ] --START--
INFO: Run Behavior\BuildLiteBehavior [ RunTime:0.000000s ]
INFO: [ app_init ] --END-- [ RunTime:0.001000s ]
ERR: 无法加载模块:Jquery.nivo.slider
NOTIC: [2] include(E:\WWW\fuzhuang\system\core/Tpl/think_exception.tpl) [<a href='function.include'>function.include</a>]: failed to open stream: No such file or directory E:\WWW\fuzhuang\system\core\Library\Think\Think.class.php 第 314 行.
NOTIC: [2] include() [<a href='function.include'>function.include</a>]: Failed opening 'E:\WWW\fuzhuang\system\core/Tpl/think_exception.tpl' for inclusion (include_path='.;C:\php\pear') E:\WWW\fuzhuang\system\core\Library\Think\Think.class.php 第 314 行.

[ 2015-02-04T17:35:55+08:00 ] ::1 /fuzhuang/index.php/jquery.nivo.slider.js
INFO: [ app_init ] --START--
INFO: Run Behavior\BuildLiteBehavior [ RunTime:0.000000s ]
INFO: [ app_init ] --END-- [ RunTime:0.000000s ]
ERR: 无法加载模块:Jquery.nivo.slider
NOTIC: [2] include(E:\WWW\fuzhuang\system\core/Tpl/think_exception.tpl) [<a href='function.include'>function.include</a>]: failed to open stream: No such file or directory E:\WWW\fuzhuang\system\core\Library\Think\Think.class.php 第 314 行.
NOTIC: [2] include() [<a href='function.include'>function.include</a>]: Failed opening 'E:\WWW\fuzhuang\system\core/Tpl/think_exception.tpl' for inclusion (include_path='.;C:\php\pear') E:\WWW\fuzhuang\system\core\Library\Think\Think.class.php 第 314 行.

[ 2015-02-04T17:39:43+08:00 ] ::1 /fuzhuang/index.php/themes/default/default.css
INFO: [ app_init ] --START--
INFO: Run Behavior\BuildLiteBehavior [ RunTime:0.000000s ]
INFO: [ app_init ] --END-- [ RunTime:0.000000s ]
ERR: 无法加载模块:Themes
NOTIC: [2] include(E:\WWW\fuzhuang\system\core/Tpl/think_exception.tpl) [<a href='function.include'>function.include</a>]: failed to open stream: No such file or directory E:\WWW\fuzhuang\system\core\Library\Think\Think.class.php 第 314 行.
NOTIC: [2] include() [<a href='function.include'>function.include</a>]: Failed opening 'E:\WWW\fuzhuang\system\core/Tpl/think_exception.tpl' for inclusion (include_path='.;C:\php\pear') E:\WWW\fuzhuang\system\core\Library\Think\Think.class.php 第 314 行.

[ 2015-02-04T17:39:43+08:00 ] ::1 /fuzhuang/index.php/themes/light/light.css
INFO: [ app_init ] --START--
INFO: Run Behavior\BuildLiteBehavior [ RunTime:0.001000s ]
INFO: [ app_init ] --END-- [ RunTime:0.001000s ]
ERR: 无法加载模块:Themes
NOTIC: [2] include(E:\WWW\fuzhuang\system\core/Tpl/think_exception.tpl) [<a href='function.include'>function.include</a>]: failed to open stream: No such file or directory E:\WWW\fuzhuang\system\core\Library\Think\Think.class.php 第 314 行.
NOTIC: [2] include() [<a href='function.include'>function.include</a>]: Failed opening 'E:\WWW\fuzhuang\system\core/Tpl/think_exception.tpl' for inclusion (include_path='.;C:\php\pear') E:\WWW\fuzhuang\system\core\Library\Think\Think.class.php 第 314 行.

[ 2015-02-04T17:39:43+08:00 ] ::1 /fuzhuang/index.php/themes/dark/dark.css
INFO: [ app_init ] --START--
INFO: Run Behavior\BuildLiteBehavior [ RunTime:0.000000s ]
INFO: [ app_init ] --END-- [ RunTime:0.000000s ]
ERR: 无法加载模块:Themes
NOTIC: [2] include(E:\WWW\fuzhuang\system\core/Tpl/think_exception.tpl) [<a href='function.include'>function.include</a>]: failed to open stream: No such file or directory E:\WWW\fuzhuang\system\core\Library\Think\Think.class.php 第 314 行.
NOTIC: [2] include() [<a href='function.include'>function.include</a>]: Failed opening 'E:\WWW\fuzhuang\system\core/Tpl/think_exception.tpl' for inclusion (include_path='.;C:\php\pear') E:\WWW\fuzhuang\system\core\Library\Think\Think.class.php 第 314 行.

