[ 2015-01-26T00:32:18+08:00 ] ::1 /fuzhuang/index.php/Admin/Node/index
INFO: [ app_init ] --START--
INFO: Run Behavior\BuildLiteBehavior [ RunTime:0.000000s ]
INFO: [ app_init ] --END-- [ RunTime:0.001000s ]
INFO: [ app_begin ] --START--
INFO: Run Behavior\ReadHtmlCacheBehavior [ RunTime:0.001000s ]
INFO: [ app_begin ] --END-- [ RunTime:0.001000s ]
SQL: SHOW COLUMNS FROM `nav_page` [ RunTime:0.0050s ]
SQL: SELECT COUNT(*) AS tp_count FROM `nav_page` WHERE ( pid=0 ) LIMIT 1   [ RunTime:0.0000s ]
SQL: SELECT `id`,`pid`,`nav_title`,`nav_photo`,`thumb_photo`,`nav_order`,`nav_status` FROM `nav_page` WHERE ( pid=0 ) ORDER BY nav_order LIMIT 0,10   [ RunTime:0.0010s ]
SQL: SELECT `id`,`pid`,`nav_title`,`nav_photo`,`thumb_photo`,`nav_order`,`nav_status` FROM `nav_page` WHERE ( pid=1 ) ORDER BY nav_order  [ RunTime:0.0000s ]
SQL: SELECT `id`,`pid`,`nav_title`,`nav_photo`,`thumb_photo`,`nav_order`,`nav_status` FROM `nav_page` WHERE ( pid=2 ) ORDER BY nav_order  [ RunTime:0.0000s ]
SQL: SELECT `id`,`pid`,`nav_title`,`nav_photo`,`thumb_photo`,`nav_order`,`nav_status` FROM `nav_page` WHERE ( pid=6 ) ORDER BY nav_order  [ RunTime:0.0010s ]
SQL: SELECT `id`,`pid`,`nav_title`,`nav_photo`,`thumb_photo`,`nav_order`,`nav_status` FROM `nav_page` WHERE ( pid=10 ) ORDER BY nav_order  [ RunTime:0.0000s ]
SQL: SELECT `id`,`pid`,`nav_title`,`nav_photo`,`thumb_photo`,`nav_order`,`nav_status` FROM `nav_page` WHERE ( pid=11 ) ORDER BY nav_order  [ RunTime:0.0010s ]
SQL: SELECT `id`,`pid`,`nav_title`,`nav_photo`,`thumb_photo`,`nav_order`,`nav_status` FROM `nav_page` WHERE ( pid=12 ) ORDER BY nav_order  [ RunTime:0.0000s ]
SQL: SELECT `id`,`pid`,`nav_title`,`nav_photo`,`thumb_photo`,`nav_order`,`nav_status` FROM `nav_page` WHERE ( pid=13 ) ORDER BY nav_order  [ RunTime:0.0000s ]
SQL: SELECT `id`,`pid`,`nav_title`,`nav_photo`,`thumb_photo`,`nav_order`,`nav_status` FROM `nav_page` WHERE ( pid=16 ) ORDER BY nav_order  [ RunTime:0.0000s ]
SQL: SELECT `id`,`pid`,`nav_title`,`nav_photo`,`thumb_photo`,`nav_order`,`nav_status` FROM `nav_page` WHERE ( pid=19 ) ORDER BY nav_order  [ RunTime:0.0000s ]
INFO: [ view_parse ] --START--
INFO: [ template_filter ] --START--
INFO: Run Behavior\ContentReplaceBehavior [ RunTime:0.000000s ]
INFO: [ template_filter ] --END-- [ RunTime:0.000000s ]
INFO: Run Behavior\ParseTemplateBehavior [ RunTime:0.009001s ]
INFO: [ view_parse ] --END-- [ RunTime:0.009001s ]
INFO: [ view_filter ] --START--
INFO: Run Behavior\WriteHtmlCacheBehavior [ RunTime:0.000000s ]
INFO: [ view_filter ] --END-- [ RunTime:0.000000s ]
INFO: [ app_end ] --START--
INFO: Run Behavior\ShowPageTraceBehavior [ RunTime:0.000000s ]
INFO: [ app_end ] --END-- [ RunTime:0.000000s ]

[ 2015-01-26T00:34:17+08:00 ] ::1 /fuzhuang/index.php/Admin/Index/login
INFO: [ app_init ] --START--
INFO: Run Behavior\BuildLiteBehavior [ RunTime:0.000000s ]
INFO: [ app_init ] --END-- [ RunTime:0.001000s ]
INFO: [ app_begin ] --START--
INFO: Run Behavior\ReadHtmlCacheBehavior [ RunTime:0.001000s ]
INFO: [ app_begin ] --END-- [ RunTime:0.001000s ]
SQL: SHOW COLUMNS FROM `user_admin` [ RunTime:0.0240s ]
SQL: SELECT `password` FROM `user_admin` WHERE ( username='admin' ) LIMIT 1   [ RunTime:0.0010s ]
INFO: [ view_parse ] --START--
INFO: [ template_filter ] --START--
INFO: Run Behavior\ContentReplaceBehavior [ RunTime:0.000000s ]
INFO: [ template_filter ] --END-- [ RunTime:0.000000s ]
NOTIC: [8] Use of undefined constant logout - assumed 'logout' E:\www\fuzhuang\Application\Runtime\Cache\Admin\b595b808c2ebeeeb0478ffc30bb4e87a.php 第 16 行.
INFO: Run Behavior\ParseTemplateBehavior [ RunTime:0.016001s ]
INFO: [ view_parse ] --END-- [ RunTime:0.016001s ]
INFO: [ view_filter ] --START--
INFO: Run Behavior\WriteHtmlCacheBehavior [ RunTime:0.001000s ]
INFO: [ view_filter ] --END-- [ RunTime:0.001000s ]
INFO: [ app_end ] --START--
INFO: Run Behavior\ShowPageTraceBehavior [ RunTime:0.001000s ]
INFO: [ app_end ] --END-- [ RunTime:0.001000s ]

[ 2015-01-26T00:34:19+08:00 ] ::1 /fuzhuang/index.php/Admin/Node/index
INFO: [ app_init ] --START--
INFO: Run Behavior\BuildLiteBehavior [ RunTime:0.000000s ]
INFO: [ app_init ] --END-- [ RunTime:0.001000s ]
INFO: [ app_begin ] --START--
INFO: Run Behavior\ReadHtmlCacheBehavior [ RunTime:0.001000s ]
INFO: [ app_begin ] --END-- [ RunTime:0.001000s ]
SQL: SHOW COLUMNS FROM `nav_page` [ RunTime:0.0110s ]
SQL: SELECT COUNT(*) AS tp_count FROM `nav_page` WHERE ( pid=0 ) LIMIT 1   [ RunTime:0.0010s ]
SQL: SELECT `id`,`pid`,`nav_title`,`nav_photo`,`thumb_photo`,`nav_order`,`nav_status` FROM `nav_page` WHERE ( pid=0 ) ORDER BY nav_order LIMIT 0,10   [ RunTime:0.0010s ]
SQL: SELECT `id`,`pid`,`nav_title`,`nav_photo`,`thumb_photo`,`nav_order`,`nav_status` FROM `nav_page` WHERE ( pid=1 ) ORDER BY nav_order  [ RunTime:0.0000s ]
SQL: SELECT `id`,`pid`,`nav_title`,`nav_photo`,`thumb_photo`,`nav_order`,`nav_status` FROM `nav_page` WHERE ( pid=2 ) ORDER BY nav_order  [ RunTime:0.0010s ]
SQL: SELECT `id`,`pid`,`nav_title`,`nav_photo`,`thumb_photo`,`nav_order`,`nav_status` FROM `nav_page` WHERE ( pid=6 ) ORDER BY nav_order  [ RunTime:0.0010s ]
SQL: SELECT `id`,`pid`,`nav_title`,`nav_photo`,`thumb_photo`,`nav_order`,`nav_status` FROM `nav_page` WHERE ( pid=10 ) ORDER BY nav_order  [ RunTime:0.0000s ]
SQL: SELECT `id`,`pid`,`nav_title`,`nav_photo`,`thumb_photo`,`nav_order`,`nav_status` FROM `nav_page` WHERE ( pid=11 ) ORDER BY nav_order  [ RunTime:0.0000s ]
SQL: SELECT `id`,`pid`,`nav_title`,`nav_photo`,`thumb_photo`,`nav_order`,`nav_status` FROM `nav_page` WHERE ( pid=12 ) ORDER BY nav_order  [ RunTime:0.0010s ]
SQL: SELECT `id`,`pid`,`nav_title`,`nav_photo`,`thumb_photo`,`nav_order`,`nav_status` FROM `nav_page` WHERE ( pid=13 ) ORDER BY nav_order  [ RunTime:0.0010s ]
SQL: SELECT `id`,`pid`,`nav_title`,`nav_photo`,`thumb_photo`,`nav_order`,`nav_status` FROM `nav_page` WHERE ( pid=16 ) ORDER BY nav_order  [ RunTime:0.0010s ]
SQL: SELECT `id`,`pid`,`nav_title`,`nav_photo`,`thumb_photo`,`nav_order`,`nav_status` FROM `nav_page` WHERE ( pid=19 ) ORDER BY nav_order  [ RunTime:0.0010s ]
INFO: [ view_parse ] --START--
INFO: [ template_filter ] --START--
INFO: Run Behavior\ContentReplaceBehavior [ RunTime:0.001000s ]
INFO: [ template_filter ] --END-- [ RunTime:0.001000s ]
INFO: Run Behavior\ParseTemplateBehavior [ RunTime:0.014001s ]
INFO: [ view_parse ] --END-- [ RunTime:0.014001s ]
INFO: [ view_filter ] --START--
INFO: Run Behavior\WriteHtmlCacheBehavior [ RunTime:0.000000s ]
INFO: [ view_filter ] --END-- [ RunTime:0.000000s ]
INFO: [ app_end ] --START--
INFO: Run Behavior\ShowPageTraceBehavior [ RunTime:0.001000s ]
INFO: [ app_end ] --END-- [ RunTime:0.001000s ]

[ 2015-01-26T00:34:19+08:00 ] ::1 /fuzhuang/index.php/Admin/System/index
INFO: [ app_init ] --START--
INFO: Run Behavior\BuildLiteBehavior [ RunTime:0.000000s ]
INFO: [ app_init ] --END-- [ RunTime:0.000000s ]
INFO: [ app_begin ] --START--
INFO: Run Behavior\ReadHtmlCacheBehavior [ RunTime:0.000000s ]
INFO: [ app_begin ] --END-- [ RunTime:0.001000s ]
INFO: [ view_parse ] --START--
INFO: [ template_filter ] --START--
INFO: Run Behavior\ContentReplaceBehavior [ RunTime:0.000000s ]
INFO: [ template_filter ] --END-- [ RunTime:0.000000s ]
INFO: Run Behavior\ParseTemplateBehavior [ RunTime:0.008001s ]
INFO: [ view_parse ] --END-- [ RunTime:0.008001s ]
INFO: [ view_filter ] --START--
INFO: Run Behavior\WriteHtmlCacheBehavior [ RunTime:0.000000s ]
INFO: [ view_filter ] --END-- [ RunTime:0.001000s ]
INFO: [ app_end ] --START--
INFO: Run Behavior\ShowPageTraceBehavior [ RunTime:0.000000s ]
INFO: [ app_end ] --END-- [ RunTime:0.000000s ]

[ 2015-01-26T00:36:45+08:00 ] ::1 /fuzhuang/index.php/Admin/Node/index
INFO: [ app_init ] --START--
INFO: Run Behavior\BuildLiteBehavior [ RunTime:0.000000s ]
INFO: [ app_init ] --END-- [ RunTime:0.000000s ]
INFO: [ app_begin ] --START--
INFO: Run Behavior\ReadHtmlCacheBehavior [ RunTime:0.001000s ]
INFO: [ app_begin ] --END-- [ RunTime:0.001000s ]
SQL: SHOW COLUMNS FROM `nav_page` [ RunTime:0.0140s ]
SQL: SELECT COUNT(*) AS tp_count FROM `nav_page` WHERE ( pid=0 ) LIMIT 1   [ RunTime:0.0010s ]
SQL: SELECT `id`,`pid`,`nav_title`,`nav_photo`,`thumb_photo`,`nav_order`,`nav_status` FROM `nav_page` WHERE ( pid=0 ) ORDER BY nav_order LIMIT 0,10   [ RunTime:0.0020s ]
SQL: SELECT `id`,`pid`,`nav_title`,`nav_photo`,`thumb_photo`,`nav_order`,`nav_status` FROM `nav_page` WHERE ( pid=1 ) ORDER BY nav_order  [ RunTime:0.0010s ]
SQL: SELECT `id`,`pid`,`nav_title`,`nav_photo`,`thumb_photo`,`nav_order`,`nav_status` FROM `nav_page` WHERE ( pid=2 ) ORDER BY nav_order  [ RunTime:0.0000s ]
SQL: SELECT `id`,`pid`,`nav_title`,`nav_photo`,`thumb_photo`,`nav_order`,`nav_status` FROM `nav_page` WHERE ( pid=6 ) ORDER BY nav_order  [ RunTime:0.0000s ]
SQL: SELECT `id`,`pid`,`nav_title`,`nav_photo`,`thumb_photo`,`nav_order`,`nav_status` FROM `nav_page` WHERE ( pid=10 ) ORDER BY nav_order  [ RunTime:0.0010s ]
SQL: SELECT `id`,`pid`,`nav_title`,`nav_photo`,`thumb_photo`,`nav_order`,`nav_status` FROM `nav_page` WHERE ( pid=11 ) ORDER BY nav_order  [ RunTime:0.0010s ]
SQL: SELECT `id`,`pid`,`nav_title`,`nav_photo`,`thumb_photo`,`nav_order`,`nav_status` FROM `nav_page` WHERE ( pid=12 ) ORDER BY nav_order  [ RunTime:0.0000s ]
SQL: SELECT `id`,`pid`,`nav_title`,`nav_photo`,`thumb_photo`,`nav_order`,`nav_status` FROM `nav_page` WHERE ( pid=13 ) ORDER BY nav_order  [ RunTime:0.0000s ]
SQL: SELECT `id`,`pid`,`nav_title`,`nav_photo`,`thumb_photo`,`nav_order`,`nav_status` FROM `nav_page` WHERE ( pid=16 ) ORDER BY nav_order  [ RunTime:0.0010s ]
SQL: SELECT `id`,`pid`,`nav_title`,`nav_photo`,`thumb_photo`,`nav_order`,`nav_status` FROM `nav_page` WHERE ( pid=19 ) ORDER BY nav_order  [ RunTime:0.0000s ]
INFO: [ view_parse ] --START--
INFO: [ template_filter ] --START--
INFO: Run Behavior\ContentReplaceBehavior [ RunTime:0.000000s ]
INFO: [ template_filter ] --END-- [ RunTime:0.000000s ]
INFO: Run Behavior\ParseTemplateBehavior [ RunTime:0.010000s ]
INFO: [ view_parse ] --END-- [ RunTime:0.010000s ]
INFO: [ view_filter ] --START--
INFO: Run Behavior\WriteHtmlCacheBehavior [ RunTime:0.000000s ]
INFO: [ view_filter ] --END-- [ RunTime:0.000000s ]
INFO: [ app_end ] --START--
INFO: Run Behavior\ShowPageTraceBehavior [ RunTime:0.002001s ]
INFO: [ app_end ] --END-- [ RunTime:0.002001s ]

[ 2015-01-26T00:37:08+08:00 ] ::1 /fuzhuang/index.php/Admin/Index/login
INFO: [ app_init ] --START--
INFO: Run Behavior\BuildLiteBehavior [ RunTime:0.000000s ]
INFO: [ app_init ] --END-- [ RunTime:0.001001s ]
INFO: [ app_begin ] --START--
INFO: Run Behavior\ReadHtmlCacheBehavior [ RunTime:0.001000s ]
INFO: [ app_begin ] --END-- [ RunTime:0.001000s ]
SQL: SHOW COLUMNS FROM `user_admin` [ RunTime:0.0060s ]
SQL: SELECT `password` FROM `user_admin` WHERE ( username='admin' ) LIMIT 1   [ RunTime:0.0000s ]
INFO: [ view_parse ] --START--
INFO: [ template_filter ] --START--
INFO: Run Behavior\ContentReplaceBehavior [ RunTime:0.001000s ]
INFO: [ template_filter ] --END-- [ RunTime:0.001000s ]
NOTIC: [8] Use of undefined constant logout - assumed 'logout' E:\www\fuzhuang\Application\Runtime\Cache\Admin\b595b808c2ebeeeb0478ffc30bb4e87a.php 第 16 行.
INFO: Run Behavior\ParseTemplateBehavior [ RunTime:0.011000s ]
INFO: [ view_parse ] --END-- [ RunTime:0.011000s ]
INFO: [ view_filter ] --START--
INFO: Run Behavior\WriteHtmlCacheBehavior [ RunTime:0.000000s ]
INFO: [ view_filter ] --END-- [ RunTime:0.000000s ]
INFO: [ app_end ] --START--
INFO: Run Behavior\ShowPageTraceBehavior [ RunTime:0.001000s ]
INFO: [ app_end ] --END-- [ RunTime:0.001000s ]

[ 2015-01-26T00:37:10+08:00 ] ::1 /fuzhuang/index.php/Admin/Node/index
INFO: [ app_init ] --START--
INFO: Run Behavior\BuildLiteBehavior [ RunTime:0.000000s ]
INFO: [ app_init ] --END-- [ RunTime:0.001000s ]
INFO: [ app_begin ] --START--
INFO: Run Behavior\ReadHtmlCacheBehavior [ RunTime:0.001000s ]
INFO: [ app_begin ] --END-- [ RunTime:0.001000s ]
SQL: SHOW COLUMNS FROM `nav_page` [ RunTime:0.0050s ]
SQL: SELECT COUNT(*) AS tp_count FROM `nav_page` WHERE ( pid=0 ) LIMIT 1   [ RunTime:0.0010s ]
SQL: SELECT `id`,`pid`,`nav_title`,`nav_photo`,`thumb_photo`,`nav_order`,`nav_status` FROM `nav_page` WHERE ( pid=0 ) ORDER BY nav_order LIMIT 0,10   [ RunTime:0.0000s ]
SQL: SELECT `id`,`pid`,`nav_title`,`nav_photo`,`thumb_photo`,`nav_order`,`nav_status` FROM `nav_page` WHERE ( pid=1 ) ORDER BY nav_order  [ RunTime:0.0000s ]
SQL: SELECT `id`,`pid`,`nav_title`,`nav_photo`,`thumb_photo`,`nav_order`,`nav_status` FROM `nav_page` WHERE ( pid=2 ) ORDER BY nav_order  [ RunTime:0.0010s ]
SQL: SELECT `id`,`pid`,`nav_title`,`nav_photo`,`thumb_photo`,`nav_order`,`nav_status` FROM `nav_page` WHERE ( pid=6 ) ORDER BY nav_order  [ RunTime:0.0010s ]
SQL: SELECT `id`,`pid`,`nav_title`,`nav_photo`,`thumb_photo`,`nav_order`,`nav_status` FROM `nav_page` WHERE ( pid=10 ) ORDER BY nav_order  [ RunTime:0.0010s ]
SQL: SELECT `id`,`pid`,`nav_title`,`nav_photo`,`thumb_photo`,`nav_order`,`nav_status` FROM `nav_page` WHERE ( pid=11 ) ORDER BY nav_order  [ RunTime:0.0000s ]
SQL: SELECT `id`,`pid`,`nav_title`,`nav_photo`,`thumb_photo`,`nav_order`,`nav_status` FROM `nav_page` WHERE ( pid=12 ) ORDER BY nav_order  [ RunTime:0.0000s ]
SQL: SELECT `id`,`pid`,`nav_title`,`nav_photo`,`thumb_photo`,`nav_order`,`nav_status` FROM `nav_page` WHERE ( pid=13 ) ORDER BY nav_order  [ RunTime:0.0010s ]
SQL: SELECT `id`,`pid`,`nav_title`,`nav_photo`,`thumb_photo`,`nav_order`,`nav_status` FROM `nav_page` WHERE ( pid=16 ) ORDER BY nav_order  [ RunTime:0.0010s ]
SQL: SELECT `id`,`pid`,`nav_title`,`nav_photo`,`thumb_photo`,`nav_order`,`nav_status` FROM `nav_page` WHERE ( pid=19 ) ORDER BY nav_order  [ RunTime:0.0000s ]
INFO: [ view_parse ] --START--
INFO: [ template_filter ] --START--
INFO: Run Behavior\ContentReplaceBehavior [ RunTime:0.000000s ]
INFO: [ template_filter ] --END-- [ RunTime:0.001000s ]
INFO: Run Behavior\ParseTemplateBehavior [ RunTime:0.009001s ]
INFO: [ view_parse ] --END-- [ RunTime:0.009001s ]
INFO: [ view_filter ] --START--
INFO: Run Behavior\WriteHtmlCacheBehavior [ RunTime:0.000000s ]
INFO: [ view_filter ] --END-- [ RunTime:0.000000s ]
INFO: [ app_end ] --START--
INFO: Run Behavior\ShowPageTraceBehavior [ RunTime:0.001000s ]
INFO: [ app_end ] --END-- [ RunTime:0.001000s ]

[ 2015-01-26T00:37:10+08:00 ] ::1 /fuzhuang/index.php/Admin/System/index
INFO: [ app_init ] --START--
INFO: Run Behavior\BuildLiteBehavior [ RunTime:0.000000s ]
INFO: [ app_init ] --END-- [ RunTime:0.001000s ]
INFO: [ app_begin ] --START--
INFO: Run Behavior\ReadHtmlCacheBehavior [ RunTime:0.001000s ]
INFO: [ app_begin ] --END-- [ RunTime:0.002000s ]
INFO: [ view_parse ] --START--
INFO: [ template_filter ] --START--
INFO: Run Behavior\ContentReplaceBehavior [ RunTime:0.000000s ]
INFO: [ template_filter ] --END-- [ RunTime:0.002000s ]
INFO: Run Behavior\ParseTemplateBehavior [ RunTime:0.013001s ]
INFO: [ view_parse ] --END-- [ RunTime:0.013001s ]
INFO: [ view_filter ] --START--
INFO: Run Behavior\WriteHtmlCacheBehavior [ RunTime:0.001000s ]
INFO: [ view_filter ] --END-- [ RunTime:0.001000s ]
INFO: [ app_end ] --START--
INFO: Run Behavior\ShowPageTraceBehavior [ RunTime:0.002000s ]
INFO: [ app_end ] --END-- [ RunTime:0.002000s ]

