[ 2015-01-22T00:34:39+08:00 ] ::1 /fuzhuang/index.php/Admin/Product/index
INFO: [ app_init ] --START--
INFO: Run Behavior\BuildLiteBehavior [ RunTime:0.000000s ]
INFO: [ app_init ] --END-- [ RunTime:0.002000s ]
INFO: [ app_begin ] --START--
INFO: Run Behavior\ReadHtmlCacheBehavior [ RunTime:0.002000s ]
INFO: [ app_begin ] --END-- [ RunTime:0.002000s ]
SQL: SHOW COLUMNS FROM `product` [ RunTime:0.0110s ]
SQL: SHOW COLUMNS FROM `product_category` [ RunTime:0.0090s ]
NOTIC: [2] Invalid argument supplied for foreach() E:\www\fuzhuang\system\core\Library\Think\Db\Driver.class.php 第 488 行.
SQL: SELECT COUNT(*) AS tp_count FROM `product` LIMIT 1   [ RunTime:0.0000s ]
NOTIC: [2] Invalid argument supplied for foreach() E:\www\fuzhuang\system\core\Library\Think\Db\Driver.class.php 第 488 行.
SQL: SELECT `id`,`cid`,`cpid`,`product_title`,`status`,`small_img` FROM `product` ORDER BY add_time LIMIT 0,10   [ RunTime:0.0010s ]
SQL: SELECT `id`,`pid`,`c_title` FROM `product_category` WHERE ( id=2 ) LIMIT 1   [ RunTime:0.0010s ]
SQL: SELECT `id`,`pid`,`c_title` FROM `product_category` WHERE ( id=1 ) LIMIT 1   [ RunTime:0.0010s ]
SQL: SELECT `id`,`pid`,`c_title` FROM `product_category` WHERE ( id=3 ) LIMIT 1   [ RunTime:0.0000s ]
SQL: SELECT `id`,`pid`,`c_title` FROM `product_category` WHERE ( status=1 and pid=0 ) ORDER BY myorder  [ RunTime:0.0000s ]
SQL: SELECT `id`,`pid`,`c_title` FROM `product_category` WHERE ( pid=1 ) ORDER BY myorder  [ RunTime:0.0000s ]
SQL: SELECT `id`,`pid`,`c_title` FROM `product_category` WHERE ( pid=3 ) ORDER BY myorder  [ RunTime:0.0010s ]
INFO: [ view_parse ] --START--
INFO: [ template_filter ] --START--
INFO: Run Behavior\ContentReplaceBehavior [ RunTime:0.001001s ]
INFO: [ template_filter ] --END-- [ RunTime:0.001001s ]
NOTIC: [8] Undefined index: childY E:\www\fuzhuang\Application\Runtime\Cache\Admin\34e4b095905075aaede5ee9039415509.php 第 39 行.
INFO: Run Behavior\ParseTemplateBehavior [ RunTime:0.111006s ]
INFO: [ view_parse ] --END-- [ RunTime:0.112007s ]
INFO: [ view_filter ] --START--
INFO: Run Behavior\WriteHtmlCacheBehavior [ RunTime:0.017001s ]
INFO: [ view_filter ] --END-- [ RunTime:0.017001s ]
INFO: [ app_end ] --START--
INFO: Run Behavior\ShowPageTraceBehavior [ RunTime:0.009000s ]
INFO: [ app_end ] --END-- [ RunTime:0.009000s ]

[ 2015-01-22T00:34:42+08:00 ] ::1 /fuzhuang/index.php/Admin/Product/imgList?id=1&title=a1
INFO: [ app_init ] --START--
INFO: Run Behavior\BuildLiteBehavior [ RunTime:0.000000s ]
INFO: [ app_init ] --END-- [ RunTime:0.001000s ]
INFO: [ app_begin ] --START--
INFO: Run Behavior\ReadHtmlCacheBehavior [ RunTime:0.001000s ]
INFO: [ app_begin ] --END-- [ RunTime:0.001000s ]
SQL: SHOW COLUMNS FROM `product_images` [ RunTime:0.0100s ]
SQL: SELECT * FROM `product_images` WHERE ( product_id=1 )  [ RunTime:0.0010s ]
INFO: [ view_parse ] --START--
INFO: [ template_filter ] --START--
INFO: Run Behavior\ContentReplaceBehavior [ RunTime:0.000000s ]
INFO: [ template_filter ] --END-- [ RunTime:0.000000s ]
INFO: Run Behavior\ParseTemplateBehavior [ RunTime:0.013000s ]
INFO: [ view_parse ] --END-- [ RunTime:0.013000s ]
INFO: [ view_filter ] --START--
INFO: Run Behavior\WriteHtmlCacheBehavior [ RunTime:0.001000s ]
INFO: [ view_filter ] --END-- [ RunTime:0.001000s ]
INFO: [ app_end ] --START--
INFO: Run Behavior\ShowPageTraceBehavior [ RunTime:0.002000s ]
INFO: [ app_end ] --END-- [ RunTime:0.002000s ]

[ 2015-01-22T00:34:53+08:00 ] ::1 /fuzhuang/index.php/Admin/Product/addImg
INFO: [ app_init ] --START--
INFO: Run Behavior\BuildLiteBehavior [ RunTime:0.000000s ]
INFO: [ app_init ] --END-- [ RunTime:0.000000s ]
INFO: [ app_begin ] --START--
INFO: Run Behavior\ReadHtmlCacheBehavior [ RunTime:0.001000s ]
INFO: [ app_begin ] --END-- [ RunTime:0.001000s ]
SQL: SHOW COLUMNS FROM `product_images` [ RunTime:0.0140s ]
NOTIC: [2] mkdir() [<a href='function.mkdir'>function.mkdir</a>]: File exists E:\www\fuzhuang\Application\Admin\Controller\ProductController.class.php 第 363 行.
NOTIC: [2] call_user_func() expects parameter 1 to be a valid callback, no array or string given E:\www\fuzhuang\system\core\Library\Think\Upload.class.php 第 170 行.
NOTIC: [2] mkdir() [<a href='function.mkdir'>function.mkdir</a>]: File exists E:\www\fuzhuang\Application\Admin\Controller\ProductController.class.php 第 374 行.
SQL: INSERT INTO `product_images` (`product_id`,`big_img`,`small_img`,`add_time`) VALUES ('1','/fuzhuang/public/uploads/product_img/2015-01-22/54bfd52d3a421.png','/fuzhuang/public/uploads/product_img/thumb_img/2015-01-22/54bfd52d3a421.png','1421858093') [ RunTime:0.0000s ]
INFO: [ app_end ] --START--
INFO: Run Behavior\ShowPageTraceBehavior [ RunTime:0.001000s ]
INFO: [ app_end ] --END-- [ RunTime:0.001000s ]

[ 2015-01-22T00:34:56+08:00 ] ::1 /fuzhuang/index.php/Admin/Product/imgList
INFO: [ app_init ] --START--
INFO: Run Behavior\BuildLiteBehavior [ RunTime:0.000000s ]
INFO: [ app_init ] --END-- [ RunTime:0.001000s ]
INFO: [ app_begin ] --START--
INFO: Run Behavior\ReadHtmlCacheBehavior [ RunTime:0.000000s ]
INFO: [ app_begin ] --END-- [ RunTime:0.001000s ]
SQL: SHOW COLUMNS FROM `product_images` [ RunTime:0.0130s ]

[ 2015-01-22T00:36:04+08:00 ] ::1 /fuzhuang/index.php/Admin/Product/index
INFO: [ app_init ] --START--
INFO: Run Behavior\BuildLiteBehavior [ RunTime:0.001000s ]
INFO: [ app_init ] --END-- [ RunTime:0.001000s ]
INFO: [ app_begin ] --START--
INFO: Run Behavior\ReadHtmlCacheBehavior [ RunTime:0.001000s ]
INFO: [ app_begin ] --END-- [ RunTime:0.001000s ]
SQL: SHOW COLUMNS FROM `product` [ RunTime:0.0160s ]
SQL: SHOW COLUMNS FROM `product_category` [ RunTime:0.0160s ]
NOTIC: [2] Invalid argument supplied for foreach() E:\www\fuzhuang\system\core\Library\Think\Db\Driver.class.php 第 488 行.
SQL: SELECT COUNT(*) AS tp_count FROM `product` LIMIT 1   [ RunTime:0.0010s ]
NOTIC: [2] Invalid argument supplied for foreach() E:\www\fuzhuang\system\core\Library\Think\Db\Driver.class.php 第 488 行.
SQL: SELECT `id`,`cid`,`cpid`,`product_title`,`status`,`small_img` FROM `product` ORDER BY add_time LIMIT 0,10   [ RunTime:0.0000s ]
SQL: SELECT `id`,`pid`,`c_title` FROM `product_category` WHERE ( id=2 ) LIMIT 1   [ RunTime:0.0000s ]
SQL: SELECT `id`,`pid`,`c_title` FROM `product_category` WHERE ( id=1 ) LIMIT 1   [ RunTime:0.0010s ]
SQL: SELECT `id`,`pid`,`c_title` FROM `product_category` WHERE ( id=3 ) LIMIT 1   [ RunTime:0.0000s ]
SQL: SELECT `id`,`pid`,`c_title` FROM `product_category` WHERE ( status=1 and pid=0 ) ORDER BY myorder  [ RunTime:0.0000s ]
SQL: SELECT `id`,`pid`,`c_title` FROM `product_category` WHERE ( pid=1 ) ORDER BY myorder  [ RunTime:0.0010s ]
SQL: SELECT `id`,`pid`,`c_title` FROM `product_category` WHERE ( pid=3 ) ORDER BY myorder  [ RunTime:0.0010s ]
INFO: [ view_parse ] --START--
INFO: [ template_filter ] --START--
INFO: Run Behavior\ContentReplaceBehavior [ RunTime:0.000000s ]
INFO: [ template_filter ] --END-- [ RunTime:0.000000s ]
NOTIC: [8] Undefined index: childY E:\www\fuzhuang\Application\Runtime\Cache\Admin\34e4b095905075aaede5ee9039415509.php 第 39 行.
INFO: Run Behavior\ParseTemplateBehavior [ RunTime:0.013001s ]
INFO: [ view_parse ] --END-- [ RunTime:0.013001s ]
INFO: [ view_filter ] --START--
INFO: Run Behavior\WriteHtmlCacheBehavior [ RunTime:0.000000s ]
INFO: [ view_filter ] --END-- [ RunTime:0.000000s ]
INFO: [ app_end ] --START--
INFO: Run Behavior\ShowPageTraceBehavior [ RunTime:0.001000s ]
INFO: [ app_end ] --END-- [ RunTime:0.001000s ]

[ 2015-01-22T00:36:06+08:00 ] ::1 /fuzhuang/index.php/Admin/Product/imgList?id=1&title=a1
INFO: [ app_init ] --START--
INFO: Run Behavior\BuildLiteBehavior [ RunTime:0.001000s ]
INFO: [ app_init ] --END-- [ RunTime:0.001000s ]
INFO: [ app_begin ] --START--
INFO: Run Behavior\ReadHtmlCacheBehavior [ RunTime:0.001000s ]
INFO: [ app_begin ] --END-- [ RunTime:0.001000s ]
SQL: SHOW COLUMNS FROM `product_images` [ RunTime:0.0120s ]
SQL: SELECT * FROM `product_images` WHERE ( product_id=1 )  [ RunTime:0.0010s ]
INFO: [ view_parse ] --START--
INFO: [ template_filter ] --START--
INFO: Run Behavior\ContentReplaceBehavior [ RunTime:0.000000s ]
INFO: [ template_filter ] --END-- [ RunTime:0.000000s ]
INFO: Run Behavior\ParseTemplateBehavior [ RunTime:0.013001s ]
INFO: [ view_parse ] --END-- [ RunTime:0.014001s ]
INFO: [ view_filter ] --START--
INFO: Run Behavior\WriteHtmlCacheBehavior [ RunTime:0.001000s ]
INFO: [ view_filter ] --END-- [ RunTime:0.001000s ]
INFO: [ app_end ] --START--
INFO: Run Behavior\ShowPageTraceBehavior [ RunTime:0.001000s ]
INFO: [ app_end ] --END-- [ RunTime:0.001000s ]

[ 2015-01-22T00:36:13+08:00 ] ::1 /fuzhuang/index.php/Admin/Product/addImg
INFO: [ app_init ] --START--
INFO: Run Behavior\BuildLiteBehavior [ RunTime:0.000000s ]
INFO: [ app_init ] --END-- [ RunTime:0.000000s ]
INFO: [ app_begin ] --START--
INFO: Run Behavior\ReadHtmlCacheBehavior [ RunTime:0.001000s ]
INFO: [ app_begin ] --END-- [ RunTime:0.001000s ]
SQL: SHOW COLUMNS FROM `product_images` [ RunTime:0.0120s ]
NOTIC: [2] mkdir() [<a href='function.mkdir'>function.mkdir</a>]: File exists E:\www\fuzhuang\Application\Admin\Controller\ProductController.class.php 第 363 行.
NOTIC: [2] call_user_func() expects parameter 1 to be a valid callback, no array or string given E:\www\fuzhuang\system\core\Library\Think\Upload.class.php 第 170 行.
NOTIC: [2] mkdir() [<a href='function.mkdir'>function.mkdir</a>]: File exists E:\www\fuzhuang\Application\Admin\Controller\ProductController.class.php 第 374 行.
NOTIC: [2] mkdir() [<a href='function.mkdir'>function.mkdir</a>]: File exists E:\www\fuzhuang\Application\Admin\Controller\ProductController.class.php 第 376 行.
SQL: INSERT INTO `product_images` (`product_id`,`big_img`,`small_img`,`add_time`) VALUES ('1','/fuzhuang/public/uploads/product_img/2015-01-22/54bfd57d59e50.png','/fuzhuang/public/uploads/product_img/thumb_img/2015-01-22/54bfd57d59e50.png','1421858173') [ RunTime:0.0000s ]
INFO: [ app_end ] --START--
INFO: Run Behavior\ShowPageTraceBehavior [ RunTime:0.002000s ]
INFO: [ app_end ] --END-- [ RunTime:0.002000s ]

[ 2015-01-22T00:36:15+08:00 ] ::1 /fuzhuang/index.php/Admin/Product/imgList?id=1
INFO: [ app_init ] --START--
INFO: Run Behavior\BuildLiteBehavior [ RunTime:0.000000s ]
INFO: [ app_init ] --END-- [ RunTime:0.001001s ]
INFO: [ app_begin ] --START--
INFO: Run Behavior\ReadHtmlCacheBehavior [ RunTime:0.001000s ]
INFO: [ app_begin ] --END-- [ RunTime:0.001000s ]
SQL: SHOW COLUMNS FROM `product_images` [ RunTime:0.0130s ]
SQL: SELECT * FROM `product_images` WHERE ( product_id=1 )  [ RunTime:0.0010s ]
INFO: [ view_parse ] --START--
INFO: [ template_filter ] --START--
INFO: Run Behavior\ContentReplaceBehavior [ RunTime:0.001000s ]
INFO: [ template_filter ] --END-- [ RunTime:0.001000s ]
INFO: Run Behavior\ParseTemplateBehavior [ RunTime:0.022001s ]
INFO: [ view_parse ] --END-- [ RunTime:0.022001s ]
INFO: [ view_filter ] --START--
INFO: Run Behavior\WriteHtmlCacheBehavior [ RunTime:0.002000s ]
INFO: [ view_filter ] --END-- [ RunTime:0.002000s ]
INFO: [ app_end ] --START--
INFO: Run Behavior\ShowPageTraceBehavior [ RunTime:0.003000s ]
INFO: [ app_end ] --END-- [ RunTime:0.003000s ]

[ 2015-01-22T00:38:41+08:00 ] ::1 /fuzhuang/index.php/Admin/Product/index
INFO: [ app_init ] --START--
INFO: Run Behavior\BuildLiteBehavior [ RunTime:0.000000s ]
INFO: [ app_init ] --END-- [ RunTime:0.001000s ]
INFO: [ app_begin ] --START--
INFO: Run Behavior\ReadHtmlCacheBehavior [ RunTime:0.001000s ]
INFO: [ app_begin ] --END-- [ RunTime:0.001000s ]
SQL: SHOW COLUMNS FROM `product` [ RunTime:0.0140s ]
SQL: SHOW COLUMNS FROM `product_category` [ RunTime:0.0140s ]
NOTIC: [2] Invalid argument supplied for foreach() E:\www\fuzhuang\system\core\Library\Think\Db\Driver.class.php 第 488 行.
SQL: SELECT COUNT(*) AS tp_count FROM `product` LIMIT 1   [ RunTime:0.0010s ]
NOTIC: [2] Invalid argument supplied for foreach() E:\www\fuzhuang\system\core\Library\Think\Db\Driver.class.php 第 488 行.
SQL: SELECT `id`,`cid`,`cpid`,`product_title`,`status`,`small_img` FROM `product` ORDER BY add_time LIMIT 0,10   [ RunTime:0.0010s ]
SQL: SELECT `id`,`pid`,`c_title` FROM `product_category` WHERE ( id=2 ) LIMIT 1   [ RunTime:0.0010s ]
SQL: SELECT `id`,`pid`,`c_title` FROM `product_category` WHERE ( id=1 ) LIMIT 1   [ RunTime:0.0000s ]
SQL: SELECT `id`,`pid`,`c_title` FROM `product_category` WHERE ( id=3 ) LIMIT 1   [ RunTime:0.0000s ]
SQL: SELECT `id`,`pid`,`c_title` FROM `product_category` WHERE ( status=1 and pid=0 ) ORDER BY myorder  [ RunTime:0.0010s ]
SQL: SELECT `id`,`pid`,`c_title` FROM `product_category` WHERE ( pid=1 ) ORDER BY myorder  [ RunTime:0.0000s ]
SQL: SELECT `id`,`pid`,`c_title` FROM `product_category` WHERE ( pid=3 ) ORDER BY myorder  [ RunTime:0.0000s ]
INFO: [ view_parse ] --START--
INFO: [ template_filter ] --START--
INFO: Run Behavior\ContentReplaceBehavior [ RunTime:0.001000s ]
INFO: [ template_filter ] --END-- [ RunTime:0.001000s ]
NOTIC: [8] Undefined index: childY E:\www\fuzhuang\Application\Runtime\Cache\Admin\34e4b095905075aaede5ee9039415509.php 第 39 行.
INFO: Run Behavior\ParseTemplateBehavior [ RunTime:0.017001s ]
INFO: [ view_parse ] --END-- [ RunTime:0.017001s ]
INFO: [ view_filter ] --START--
INFO: Run Behavior\WriteHtmlCacheBehavior [ RunTime:0.000000s ]
INFO: [ view_filter ] --END-- [ RunTime:0.000000s ]
INFO: [ app_end ] --START--
INFO: Run Behavior\ShowPageTraceBehavior [ RunTime:0.001001s ]
INFO: [ app_end ] --END-- [ RunTime:0.001001s ]

[ 2015-01-22T00:38:43+08:00 ] ::1 /fuzhuang/index.php/Admin/Product/imgList?id=1&title=a1
INFO: [ app_init ] --START--
INFO: Run Behavior\BuildLiteBehavior [ RunTime:0.000000s ]
INFO: [ app_init ] --END-- [ RunTime:0.001000s ]
INFO: [ app_begin ] --START--
INFO: Run Behavior\ReadHtmlCacheBehavior [ RunTime:0.001000s ]
INFO: [ app_begin ] --END-- [ RunTime:0.001000s ]
SQL: SHOW COLUMNS FROM `product_images` [ RunTime:0.0130s ]
SQL: SELECT * FROM `product_images` WHERE ( product_id=1 )  [ RunTime:0.0010s ]
INFO: [ view_parse ] --START--
INFO: [ template_filter ] --START--
INFO: Run Behavior\ContentReplaceBehavior [ RunTime:0.000000s ]
INFO: [ template_filter ] --END-- [ RunTime:0.000000s ]
INFO: Run Behavior\ParseTemplateBehavior [ RunTime:0.025002s ]
INFO: [ view_parse ] --END-- [ RunTime:0.025002s ]
INFO: [ view_filter ] --START--
INFO: Run Behavior\WriteHtmlCacheBehavior [ RunTime:0.001000s ]
INFO: [ view_filter ] --END-- [ RunTime:0.001000s ]
INFO: [ app_end ] --START--
INFO: Run Behavior\ShowPageTraceBehavior [ RunTime:0.001000s ]
INFO: [ app_end ] --END-- [ RunTime:0.001000s ]

[ 2015-01-22T00:39:04+08:00 ] ::1 /fuzhuang/index.php/Admin/Product/addImg
INFO: [ app_init ] --START--
INFO: Run Behavior\BuildLiteBehavior [ RunTime:0.000000s ]
INFO: [ app_init ] --END-- [ RunTime:0.001000s ]
INFO: [ app_begin ] --START--
INFO: Run Behavior\ReadHtmlCacheBehavior [ RunTime:0.001000s ]
INFO: [ app_begin ] --END-- [ RunTime:0.001000s ]
SQL: SHOW COLUMNS FROM `product_images` [ RunTime:0.0140s ]
NOTIC: [2] mkdir() [<a href='function.mkdir'>function.mkdir</a>]: File exists E:\www\fuzhuang\Application\Admin\Controller\ProductController.class.php 第 363 行.
NOTIC: [2] call_user_func() expects parameter 1 to be a valid callback, no array or string given E:\www\fuzhuang\system\core\Library\Think\Upload.class.php 第 170 行.
NOTIC: [2] mkdir() [<a href='function.mkdir'>function.mkdir</a>]: File exists E:\www\fuzhuang\Application\Admin\Controller\ProductController.class.php 第 374 行.
NOTIC: [2] mkdir() [<a href='function.mkdir'>function.mkdir</a>]: File exists E:\www\fuzhuang\Application\Admin\Controller\ProductController.class.php 第 376 行.
SQL: INSERT INTO `product_images` (`product_id`,`big_img`,`small_img`,`add_time`) VALUES ('1','/fuzhuang/public/uploads/product_img/2015-01-22/54bfd62845168.png','/fuzhuang/public/uploads/product_img/thumb_img/2015-01-22/54bfd62845168.png','1421858344') [ RunTime:0.0000s ]
INFO: [ app_end ] --START--
INFO: Run Behavior\ShowPageTraceBehavior [ RunTime:0.001000s ]
INFO: [ app_end ] --END-- [ RunTime:0.001000s ]

[ 2015-01-22T00:39:06+08:00 ] ::1 /fuzhuang/index.php/Admin/Product/imgList?id=1
INFO: [ app_init ] --START--
INFO: Run Behavior\BuildLiteBehavior [ RunTime:0.001000s ]
INFO: [ app_init ] --END-- [ RunTime:0.001000s ]
INFO: [ app_begin ] --START--
INFO: Run Behavior\ReadHtmlCacheBehavior [ RunTime:0.001000s ]
INFO: [ app_begin ] --END-- [ RunTime:0.001000s ]
SQL: SHOW COLUMNS FROM `product_images` [ RunTime:0.0130s ]
SQL: SELECT * FROM `product_images` WHERE ( product_id=1 )  [ RunTime:0.0010s ]
INFO: [ view_parse ] --START--
INFO: [ template_filter ] --START--
INFO: Run Behavior\ContentReplaceBehavior [ RunTime:0.000000s ]
INFO: [ template_filter ] --END-- [ RunTime:0.000000s ]
INFO: Run Behavior\ParseTemplateBehavior [ RunTime:0.019001s ]
INFO: [ view_parse ] --END-- [ RunTime:0.019001s ]
INFO: [ view_filter ] --START--
INFO: Run Behavior\WriteHtmlCacheBehavior [ RunTime:0.001000s ]
INFO: [ view_filter ] --END-- [ RunTime:0.001000s ]
INFO: [ app_end ] --START--
INFO: Run Behavior\ShowPageTraceBehavior [ RunTime:0.002000s ]
INFO: [ app_end ] --END-- [ RunTime:0.002000s ]

[ 2015-01-22T00:39:55+08:00 ] ::1 /fuzhuang/index.php/Admin/Product/index
INFO: [ app_init ] --START--
INFO: Run Behavior\BuildLiteBehavior [ RunTime:0.000000s ]
INFO: [ app_init ] --END-- [ RunTime:0.001000s ]
INFO: [ app_begin ] --START--
INFO: Run Behavior\ReadHtmlCacheBehavior [ RunTime:0.000000s ]
INFO: [ app_begin ] --END-- [ RunTime:0.001000s ]
SQL: SHOW COLUMNS FROM `product` [ RunTime:0.0140s ]
SQL: SHOW COLUMNS FROM `product_category` [ RunTime:0.0110s ]
NOTIC: [2] Invalid argument supplied for foreach() E:\www\fuzhuang\system\core\Library\Think\Db\Driver.class.php 第 488 行.
SQL: SELECT COUNT(*) AS tp_count FROM `product` LIMIT 1   [ RunTime:0.0010s ]
NOTIC: [2] Invalid argument supplied for foreach() E:\www\fuzhuang\system\core\Library\Think\Db\Driver.class.php 第 488 行.
SQL: SELECT `id`,`cid`,`cpid`,`product_title`,`status`,`small_img` FROM `product` ORDER BY add_time LIMIT 0,10   [ RunTime:0.0010s ]
SQL: SELECT `id`,`pid`,`c_title` FROM `product_category` WHERE ( id=2 ) LIMIT 1   [ RunTime:0.0000s ]
SQL: SELECT `id`,`pid`,`c_title` FROM `product_category` WHERE ( id=1 ) LIMIT 1   [ RunTime:0.0010s ]
SQL: SELECT `id`,`pid`,`c_title` FROM `product_category` WHERE ( id=3 ) LIMIT 1   [ RunTime:0.0000s ]
SQL: SELECT `id`,`pid`,`c_title` FROM `product_category` WHERE ( status=1 and pid=0 ) ORDER BY myorder  [ RunTime:0.0010s ]
SQL: SELECT `id`,`pid`,`c_title` FROM `product_category` WHERE ( pid=1 ) ORDER BY myorder  [ RunTime:0.0000s ]
SQL: SELECT `id`,`pid`,`c_title` FROM `product_category` WHERE ( pid=3 ) ORDER BY myorder  [ RunTime:0.0010s ]
INFO: [ view_parse ] --START--
INFO: [ template_filter ] --START--
INFO: Run Behavior\ContentReplaceBehavior [ RunTime:0.000000s ]
INFO: [ template_filter ] --END-- [ RunTime:0.000000s ]
NOTIC: [8] Undefined index: childY E:\www\fuzhuang\Application\Runtime\Cache\Admin\34e4b095905075aaede5ee9039415509.php 第 39 行.
INFO: Run Behavior\ParseTemplateBehavior [ RunTime:0.011000s ]
INFO: [ view_parse ] --END-- [ RunTime:0.011000s ]
INFO: [ view_filter ] --START--
INFO: Run Behavior\WriteHtmlCacheBehavior [ RunTime:0.000000s ]
INFO: [ view_filter ] --END-- [ RunTime:0.000000s ]
INFO: [ app_end ] --START--
INFO: Run Behavior\ShowPageTraceBehavior [ RunTime:0.001001s ]
INFO: [ app_end ] --END-- [ RunTime:0.001001s ]

[ 2015-01-22T00:39:58+08:00 ] ::1 /fuzhuang/index.php/Admin/Product/edit?id=1
INFO: [ app_init ] --START--
INFO: Run Behavior\BuildLiteBehavior [ RunTime:0.000000s ]
INFO: [ app_init ] --END-- [ RunTime:0.000000s ]
INFO: [ app_begin ] --START--
INFO: Run Behavior\ReadHtmlCacheBehavior [ RunTime:0.000000s ]
INFO: [ app_begin ] --END-- [ RunTime:0.000000s ]
SQL: SHOW COLUMNS FROM `product` [ RunTime:0.0050s ]
SQL: SHOW COLUMNS FROM `product_category` [ RunTime:0.0040s ]
SQL: SHOW COLUMNS FROM `product_content` [ RunTime:0.0050s ]
SQL: SELECT * FROM `product` WHERE ( id=1 ) LIMIT 1   [ RunTime:0.0000s ]
SQL: SELECT * FROM `product_content` WHERE ( product_id=1 ) LIMIT 1   [ RunTime:0.0010s ]
SQL: SELECT `id`,`pid`,`c_title` FROM `product_category` WHERE ( status=1 and pid=0 ) ORDER BY myorder  [ RunTime:0.0000s ]
SQL: SELECT `id`,`pid`,`c_title` FROM `product_category` WHERE ( pid=1 ) ORDER BY myorder  [ RunTime:0.0000s ]
SQL: SELECT `id`,`pid`,`c_title` FROM `product_category` WHERE ( pid=3 ) ORDER BY myorder  [ RunTime:0.0000s ]
INFO: [ view_parse ] --START--
INFO: [ template_filter ] --START--
INFO: Run Behavior\ContentReplaceBehavior [ RunTime:0.000000s ]
INFO: [ template_filter ] --END-- [ RunTime:0.000000s ]
NOTIC: [8] Undefined index: childY E:\www\fuzhuang\Application\Runtime\Cache\Admin\b3c4eeadefc336ccc37682b1e72f6690.php 第 48 行.
INFO: Run Behavior\ParseTemplateBehavior [ RunTime:0.009000s ]
INFO: [ view_parse ] --END-- [ RunTime:0.009000s ]
INFO: [ view_filter ] --START--
INFO: Run Behavior\WriteHtmlCacheBehavior [ RunTime:0.000000s ]
INFO: [ view_filter ] --END-- [ RunTime:0.000000s ]
INFO: [ app_end ] --START--
INFO: Run Behavior\ShowPageTraceBehavior [ RunTime:0.001000s ]
INFO: [ app_end ] --END-- [ RunTime:0.001000s ]

[ 2015-01-22T00:40:00+08:00 ] ::1 /fuzhuang/index.php/Admin/Product/index
INFO: [ app_init ] --START--
INFO: Run Behavior\BuildLiteBehavior [ RunTime:0.000000s ]
INFO: [ app_init ] --END-- [ RunTime:0.001000s ]
INFO: [ app_begin ] --START--
INFO: Run Behavior\ReadHtmlCacheBehavior [ RunTime:0.001000s ]
INFO: [ app_begin ] --END-- [ RunTime:0.001000s ]
SQL: SHOW COLUMNS FROM `product` [ RunTime:0.0140s ]
SQL: SHOW COLUMNS FROM `product_category` [ RunTime:0.0150s ]
NOTIC: [2] Invalid argument supplied for foreach() E:\www\fuzhuang\system\core\Library\Think\Db\Driver.class.php 第 488 行.
SQL: SELECT COUNT(*) AS tp_count FROM `product` LIMIT 1   [ RunTime:0.0000s ]
NOTIC: [2] Invalid argument supplied for foreach() E:\www\fuzhuang\system\core\Library\Think\Db\Driver.class.php 第 488 行.
SQL: SELECT `id`,`cid`,`cpid`,`product_title`,`status`,`small_img` FROM `product` ORDER BY add_time LIMIT 0,10   [ RunTime:0.0000s ]
SQL: SELECT `id`,`pid`,`c_title` FROM `product_category` WHERE ( id=2 ) LIMIT 1   [ RunTime:0.0000s ]
SQL: SELECT `id`,`pid`,`c_title` FROM `product_category` WHERE ( id=1 ) LIMIT 1   [ RunTime:0.0010s ]
SQL: SELECT `id`,`pid`,`c_title` FROM `product_category` WHERE ( id=3 ) LIMIT 1   [ RunTime:0.0010s ]
SQL: SELECT `id`,`pid`,`c_title` FROM `product_category` WHERE ( status=1 and pid=0 ) ORDER BY myorder  [ RunTime:0.0000s ]
SQL: SELECT `id`,`pid`,`c_title` FROM `product_category` WHERE ( pid=1 ) ORDER BY myorder  [ RunTime:0.0000s ]
SQL: SELECT `id`,`pid`,`c_title` FROM `product_category` WHERE ( pid=3 ) ORDER BY myorder  [ RunTime:0.0000s ]
INFO: [ view_parse ] --START--
INFO: [ template_filter ] --START--
INFO: Run Behavior\ContentReplaceBehavior [ RunTime:0.000000s ]
INFO: [ template_filter ] --END-- [ RunTime:0.000000s ]
NOTIC: [8] Undefined index: childY E:\www\fuzhuang\Application\Runtime\Cache\Admin\34e4b095905075aaede5ee9039415509.php 第 39 行.
INFO: Run Behavior\ParseTemplateBehavior [ RunTime:0.015001s ]
INFO: [ view_parse ] --END-- [ RunTime:0.015001s ]
INFO: [ view_filter ] --START--
INFO: Run Behavior\WriteHtmlCacheBehavior [ RunTime:0.001000s ]
INFO: [ view_filter ] --END-- [ RunTime:0.001000s ]
INFO: [ app_end ] --START--
INFO: Run Behavior\ShowPageTraceBehavior [ RunTime:0.001000s ]
INFO: [ app_end ] --END-- [ RunTime:0.001000s ]

[ 2015-01-22T00:40:02+08:00 ] ::1 /fuzhuang/index.php/Admin/Product/imgList?id=1&title=a1
INFO: [ app_init ] --START--
INFO: Run Behavior\BuildLiteBehavior [ RunTime:0.000000s ]
INFO: [ app_init ] --END-- [ RunTime:0.000000s ]
INFO: [ app_begin ] --START--
INFO: Run Behavior\ReadHtmlCacheBehavior [ RunTime:0.001000s ]
INFO: [ app_begin ] --END-- [ RunTime:0.001000s ]
SQL: SHOW COLUMNS FROM `product_images` [ RunTime:0.0140s ]
SQL: SELECT * FROM `product_images` WHERE ( product_id=1 )  [ RunTime:0.0020s ]
INFO: [ view_parse ] --START--
INFO: [ template_filter ] --START--
INFO: Run Behavior\ContentReplaceBehavior [ RunTime:0.000000s ]
INFO: [ template_filter ] --END-- [ RunTime:0.000000s ]
INFO: Run Behavior\ParseTemplateBehavior [ RunTime:0.016001s ]
INFO: [ view_parse ] --END-- [ RunTime:0.016001s ]
INFO: [ view_filter ] --START--
INFO: Run Behavior\WriteHtmlCacheBehavior [ RunTime:0.001000s ]
INFO: [ view_filter ] --END-- [ RunTime:0.001000s ]
INFO: [ app_end ] --START--
INFO: Run Behavior\ShowPageTraceBehavior [ RunTime:0.001000s ]
INFO: [ app_end ] --END-- [ RunTime:0.001000s ]

[ 2015-01-22T00:43:17+08:00 ] ::1 /fuzhuang/index.php/Admin/Product/index
INFO: [ app_init ] --START--
INFO: Run Behavior\BuildLiteBehavior [ RunTime:0.000000s ]
INFO: [ app_init ] --END-- [ RunTime:0.001000s ]
INFO: [ app_begin ] --START--
INFO: Run Behavior\ReadHtmlCacheBehavior [ RunTime:0.001000s ]
INFO: [ app_begin ] --END-- [ RunTime:0.001000s ]
SQL: SHOW COLUMNS FROM `product` [ RunTime:0.0120s ]
SQL: SHOW COLUMNS FROM `product_category` [ RunTime:0.0120s ]
NOTIC: [2] Invalid argument supplied for foreach() E:\www\fuzhuang\system\core\Library\Think\Db\Driver.class.php 第 488 行.
SQL: SELECT COUNT(*) AS tp_count FROM `product` LIMIT 1   [ RunTime:0.0010s ]
NOTIC: [2] Invalid argument supplied for foreach() E:\www\fuzhuang\system\core\Library\Think\Db\Driver.class.php 第 488 行.
SQL: SELECT `id`,`cid`,`cpid`,`product_title`,`status`,`small_img` FROM `product` ORDER BY add_time LIMIT 0,10   [ RunTime:0.0000s ]
SQL: SELECT `id`,`pid`,`c_title` FROM `product_category` WHERE ( id=2 ) LIMIT 1   [ RunTime:0.0000s ]
SQL: SELECT `id`,`pid`,`c_title` FROM `product_category` WHERE ( id=1 ) LIMIT 1   [ RunTime:0.0010s ]
SQL: SELECT `id`,`pid`,`c_title` FROM `product_category` WHERE ( id=3 ) LIMIT 1   [ RunTime:0.0000s ]
SQL: SELECT `id`,`pid`,`c_title` FROM `product_category` WHERE ( status=1 and pid=0 ) ORDER BY myorder  [ RunTime:0.0000s ]
SQL: SELECT `id`,`pid`,`c_title` FROM `product_category` WHERE ( pid=1 ) ORDER BY myorder  [ RunTime:0.0010s ]
SQL: SELECT `id`,`pid`,`c_title` FROM `product_category` WHERE ( pid=3 ) ORDER BY myorder  [ RunTime:0.0000s ]
INFO: [ view_parse ] --START--
INFO: [ template_filter ] --START--
INFO: Run Behavior\ContentReplaceBehavior [ RunTime:0.000000s ]
INFO: [ template_filter ] --END-- [ RunTime:0.000000s ]
NOTIC: [8] Undefined index: childY E:\www\fuzhuang\Application\Runtime\Cache\Admin\34e4b095905075aaede5ee9039415509.php 第 39 行.
INFO: Run Behavior\ParseTemplateBehavior [ RunTime:0.015001s ]
INFO: [ view_parse ] --END-- [ RunTime:0.015001s ]
INFO: [ view_filter ] --START--
INFO: Run Behavior\WriteHtmlCacheBehavior [ RunTime:0.001000s ]
INFO: [ view_filter ] --END-- [ RunTime:0.001000s ]
INFO: [ app_end ] --START--
INFO: Run Behavior\ShowPageTraceBehavior [ RunTime:0.001000s ]
INFO: [ app_end ] --END-- [ RunTime:0.001000s ]

[ 2015-01-22T00:43:19+08:00 ] ::1 /fuzhuang/index.php/Admin/Product/imgList?id=1&title=a1
INFO: [ app_init ] --START--
INFO: Run Behavior\BuildLiteBehavior [ RunTime:0.000000s ]
INFO: [ app_init ] --END-- [ RunTime:0.001000s ]
INFO: [ app_begin ] --START--
INFO: Run Behavior\ReadHtmlCacheBehavior [ RunTime:0.001000s ]
INFO: [ app_begin ] --END-- [ RunTime:0.001000s ]
SQL: SHOW COLUMNS FROM `product_images` [ RunTime:0.0080s ]
SQL: SELECT * FROM `product_images` WHERE ( product_id=1 )  [ RunTime:0.0010s ]
INFO: [ view_parse ] --START--
INFO: [ template_filter ] --START--
INFO: Run Behavior\ContentReplaceBehavior [ RunTime:0.000000s ]
INFO: [ template_filter ] --END-- [ RunTime:0.000000s ]
INFO: Run Behavior\ParseTemplateBehavior [ RunTime:0.016001s ]
INFO: [ view_parse ] --END-- [ RunTime:0.016001s ]
INFO: [ view_filter ] --START--
INFO: Run Behavior\WriteHtmlCacheBehavior [ RunTime:0.001000s ]
INFO: [ view_filter ] --END-- [ RunTime:0.001000s ]
INFO: [ app_end ] --START--
INFO: Run Behavior\ShowPageTraceBehavior [ RunTime:0.001000s ]
INFO: [ app_end ] --END-- [ RunTime:0.001000s ]

[ 2015-01-22T00:47:12+08:00 ] ::1 /fuzhuang/index.php/Admin/Product/index
INFO: [ app_init ] --START--
INFO: Run Behavior\BuildLiteBehavior [ RunTime:0.000000s ]
INFO: [ app_init ] --END-- [ RunTime:0.000000s ]
INFO: [ app_begin ] --START--
INFO: Run Behavior\ReadHtmlCacheBehavior [ RunTime:0.001000s ]
INFO: [ app_begin ] --END-- [ RunTime:0.002000s ]
SQL: SHOW COLUMNS FROM `product` [ RunTime:0.0080s ]
SQL: SHOW COLUMNS FROM `product_category` [ RunTime:0.0070s ]
NOTIC: [2] Invalid argument supplied for foreach() E:\www\fuzhuang\system\core\Library\Think\Db\Driver.class.php 第 488 行.
SQL: SELECT COUNT(*) AS tp_count FROM `product` LIMIT 1   [ RunTime:0.0000s ]
NOTIC: [2] Invalid argument supplied for foreach() E:\www\fuzhuang\system\core\Library\Think\Db\Driver.class.php 第 488 行.
SQL: SELECT `id`,`cid`,`cpid`,`product_title`,`status`,`small_img` FROM `product` ORDER BY add_time LIMIT 0,10   [ RunTime:0.0010s ]
SQL: SELECT `id`,`pid`,`c_title` FROM `product_category` WHERE ( id=2 ) LIMIT 1   [ RunTime:0.0000s ]
SQL: SELECT `id`,`pid`,`c_title` FROM `product_category` WHERE ( id=1 ) LIMIT 1   [ RunTime:0.0000s ]
SQL: SELECT `id`,`pid`,`c_title` FROM `product_category` WHERE ( id=3 ) LIMIT 1   [ RunTime:0.0010s ]
SQL: SELECT `id`,`pid`,`c_title` FROM `product_category` WHERE ( status=1 and pid=0 ) ORDER BY myorder  [ RunTime:0.0000s ]
SQL: SELECT `id`,`pid`,`c_title` FROM `product_category` WHERE ( pid=1 ) ORDER BY myorder  [ RunTime:0.0000s ]
SQL: SELECT `id`,`pid`,`c_title` FROM `product_category` WHERE ( pid=3 ) ORDER BY myorder  [ RunTime:0.0010s ]
INFO: [ view_parse ] --START--
INFO: [ template_filter ] --START--
INFO: Run Behavior\ContentReplaceBehavior [ RunTime:0.000000s ]
INFO: [ template_filter ] --END-- [ RunTime:0.000000s ]
NOTIC: [8] Undefined index: childY E:\www\fuzhuang\Application\Runtime\Cache\Admin\34e4b095905075aaede5ee9039415509.php 第 39 行.
INFO: Run Behavior\ParseTemplateBehavior [ RunTime:0.013000s ]
INFO: [ view_parse ] --END-- [ RunTime:0.013000s ]
INFO: [ view_filter ] --START--
INFO: Run Behavior\WriteHtmlCacheBehavior [ RunTime:0.001001s ]
INFO: [ view_filter ] --END-- [ RunTime:0.001001s ]
INFO: [ app_end ] --START--
INFO: Run Behavior\ShowPageTraceBehavior [ RunTime:0.001000s ]
INFO: [ app_end ] --END-- [ RunTime:0.001000s ]

[ 2015-01-22T00:47:32+08:00 ] ::1 /fuzhuang/index.php/Admin/Product/imgList?id=1&title=a1
INFO: [ app_init ] --START--
INFO: Run Behavior\BuildLiteBehavior [ RunTime:0.000000s ]
INFO: [ app_init ] --END-- [ RunTime:0.001000s ]
INFO: [ app_begin ] --START--
INFO: Run Behavior\ReadHtmlCacheBehavior [ RunTime:0.001000s ]
INFO: [ app_begin ] --END-- [ RunTime:0.001000s ]
SQL: SHOW COLUMNS FROM `product_images` [ RunTime:0.0080s ]
SQL: SELECT * FROM `product_images` WHERE ( product_id=1 )  [ RunTime:0.0010s ]
INFO: [ view_parse ] --START--
INFO: [ template_filter ] --START--
INFO: Run Behavior\ContentReplaceBehavior [ RunTime:0.000000s ]
INFO: [ template_filter ] --END-- [ RunTime:0.001000s ]
INFO: Run Behavior\ParseTemplateBehavior [ RunTime:0.016001s ]
INFO: [ view_parse ] --END-- [ RunTime:0.016001s ]
INFO: [ view_filter ] --START--
INFO: Run Behavior\WriteHtmlCacheBehavior [ RunTime:0.000000s ]
INFO: [ view_filter ] --END-- [ RunTime:0.000000s ]
INFO: [ app_end ] --START--
INFO: Run Behavior\ShowPageTraceBehavior [ RunTime:0.000000s ]
INFO: [ app_end ] --END-- [ RunTime:0.000000s ]

[ 2015-01-22T00:47:36+08:00 ] ::1 /fuzhuang/index.php/Admin/Product/deleteImg?id=1&productId=1
INFO: [ app_init ] --START--
INFO: Run Behavior\BuildLiteBehavior [ RunTime:0.000000s ]
INFO: [ app_init ] --END-- [ RunTime:0.000000s ]
INFO: [ app_begin ] --START--
INFO: Run Behavior\ReadHtmlCacheBehavior [ RunTime:0.001000s ]
INFO: [ app_begin ] --END-- [ RunTime:0.001000s ]
SQL: SHOW COLUMNS FROM `product_images` [ RunTime:0.0130s ]
SQL: SELECT * FROM `product_images` WHERE ( id=1 ) LIMIT 1   [ RunTime:0.0000s ]
INFO: [ app_end ] --START--
INFO: Run Behavior\ShowPageTraceBehavior [ RunTime:0.001000s ]
INFO: [ app_end ] --END-- [ RunTime:0.001000s ]

[ 2015-01-22T00:55:50+08:00 ] ::1 /fuzhuang/index.php/Admin/Product/index
INFO: [ app_init ] --START--
INFO: Run Behavior\BuildLiteBehavior [ RunTime:0.000000s ]
INFO: [ app_init ] --END-- [ RunTime:0.001000s ]
INFO: [ app_begin ] --START--
INFO: Run Behavior\ReadHtmlCacheBehavior [ RunTime:0.000000s ]
INFO: [ app_begin ] --END-- [ RunTime:0.000000s ]
SQL: SHOW COLUMNS FROM `product` [ RunTime:0.0120s ]
SQL: SHOW COLUMNS FROM `product_category` [ RunTime:0.0110s ]
NOTIC: [2] Invalid argument supplied for foreach() E:\www\fuzhuang\system\core\Library\Think\Db\Driver.class.php 第 488 行.
SQL: SELECT COUNT(*) AS tp_count FROM `product` LIMIT 1   [ RunTime:0.0000s ]
NOTIC: [2] Invalid argument supplied for foreach() E:\www\fuzhuang\system\core\Library\Think\Db\Driver.class.php 第 488 行.
SQL: SELECT `id`,`cid`,`cpid`,`product_title`,`status`,`small_img` FROM `product` ORDER BY add_time LIMIT 0,10   [ RunTime:0.0010s ]
SQL: SELECT `id`,`pid`,`c_title` FROM `product_category` WHERE ( id=2 ) LIMIT 1   [ RunTime:0.0000s ]
SQL: SELECT `id`,`pid`,`c_title` FROM `product_category` WHERE ( id=1 ) LIMIT 1   [ RunTime:0.0010s ]
SQL: SELECT `id`,`pid`,`c_title` FROM `product_category` WHERE ( id=3 ) LIMIT 1   [ RunTime:0.0010s ]
SQL: SELECT `id`,`pid`,`c_title` FROM `product_category` WHERE ( status=1 and pid=0 ) ORDER BY myorder  [ RunTime:0.0010s ]
SQL: SELECT `id`,`pid`,`c_title` FROM `product_category` WHERE ( pid=1 ) ORDER BY myorder  [ RunTime:0.0000s ]
SQL: SELECT `id`,`pid`,`c_title` FROM `product_category` WHERE ( pid=3 ) ORDER BY myorder  [ RunTime:0.0000s ]
INFO: [ view_parse ] --START--
INFO: [ template_filter ] --START--
INFO: Run Behavior\ContentReplaceBehavior [ RunTime:0.000000s ]
INFO: [ template_filter ] --END-- [ RunTime:0.000000s ]
NOTIC: [8] Undefined index: childY E:\www\fuzhuang\Application\Runtime\Cache\Admin\34e4b095905075aaede5ee9039415509.php 第 39 行.
INFO: Run Behavior\ParseTemplateBehavior [ RunTime:0.009001s ]
INFO: [ view_parse ] --END-- [ RunTime:0.009001s ]
INFO: [ view_filter ] --START--
INFO: Run Behavior\WriteHtmlCacheBehavior [ RunTime:0.000000s ]
INFO: [ view_filter ] --END-- [ RunTime:0.000000s ]
INFO: [ app_end ] --START--
INFO: Run Behavior\ShowPageTraceBehavior [ RunTime:0.000000s ]
INFO: [ app_end ] --END-- [ RunTime:0.000000s ]

[ 2015-01-22T00:55:53+08:00 ] ::1 /fuzhuang/index.php/Admin/Product/imgList?id=1&title=a1
INFO: [ app_init ] --START--
INFO: Run Behavior\BuildLiteBehavior [ RunTime:0.000000s ]
INFO: [ app_init ] --END-- [ RunTime:0.000000s ]
INFO: [ app_begin ] --START--
INFO: Run Behavior\ReadHtmlCacheBehavior [ RunTime:0.000000s ]
INFO: [ app_begin ] --END-- [ RunTime:0.000000s ]
SQL: SHOW COLUMNS FROM `product_images` [ RunTime:0.0080s ]
SQL: SELECT * FROM `product_images` WHERE ( product_id=1 )  [ RunTime:0.0010s ]
INFO: [ view_parse ] --START--
INFO: [ template_filter ] --START--
INFO: Run Behavior\ContentReplaceBehavior [ RunTime:0.000000s ]
INFO: [ template_filter ] --END-- [ RunTime:0.000000s ]
INFO: Run Behavior\ParseTemplateBehavior [ RunTime:0.015001s ]
INFO: [ view_parse ] --END-- [ RunTime:0.016001s ]
INFO: [ view_filter ] --START--
INFO: Run Behavior\WriteHtmlCacheBehavior [ RunTime:0.000000s ]
INFO: [ view_filter ] --END-- [ RunTime:0.000000s ]
INFO: [ app_end ] --START--
INFO: Run Behavior\ShowPageTraceBehavior [ RunTime:0.001000s ]
INFO: [ app_end ] --END-- [ RunTime:0.001000s ]

[ 2015-01-22T00:55:56+08:00 ] ::1 /fuzhuang/index.php/Admin/Product/deleteImg?id=1&productId=1
INFO: [ app_init ] --START--
INFO: Run Behavior\BuildLiteBehavior [ RunTime:0.000000s ]
INFO: [ app_init ] --END-- [ RunTime:0.000000s ]
INFO: [ app_begin ] --START--
INFO: Run Behavior\ReadHtmlCacheBehavior [ RunTime:0.002000s ]
INFO: [ app_begin ] --END-- [ RunTime:0.002000s ]
SQL: SHOW COLUMNS FROM `product_images` [ RunTime:0.0130s ]

[ 2015-01-22T01:00:48+08:00 ] ::1 /fuzhuang/index.php/Admin/Product/index
INFO: [ app_init ] --START--
INFO: Run Behavior\BuildLiteBehavior [ RunTime:0.000000s ]
INFO: [ app_init ] --END-- [ RunTime:0.000000s ]
INFO: [ app_begin ] --START--
INFO: Run Behavior\ReadHtmlCacheBehavior [ RunTime:0.001000s ]
INFO: [ app_begin ] --END-- [ RunTime:0.001000s ]
SQL: SHOW COLUMNS FROM `product` [ RunTime:0.0040s ]
SQL: SHOW COLUMNS FROM `product_category` [ RunTime:0.0070s ]
NOTIC: [2] Invalid argument supplied for foreach() E:\www\fuzhuang\system\core\Library\Think\Db\Driver.class.php 第 488 行.
SQL: SELECT COUNT(*) AS tp_count FROM `product` LIMIT 1   [ RunTime:0.0000s ]
NOTIC: [2] Invalid argument supplied for foreach() E:\www\fuzhuang\system\core\Library\Think\Db\Driver.class.php 第 488 行.
SQL: SELECT `id`,`cid`,`cpid`,`product_title`,`status`,`small_img` FROM `product` ORDER BY add_time LIMIT 0,10   [ RunTime:0.0000s ]
SQL: SELECT `id`,`pid`,`c_title` FROM `product_category` WHERE ( id=2 ) LIMIT 1   [ RunTime:0.0000s ]
SQL: SELECT `id`,`pid`,`c_title` FROM `product_category` WHERE ( id=1 ) LIMIT 1   [ RunTime:0.0010s ]
SQL: SELECT `id`,`pid`,`c_title` FROM `product_category` WHERE ( id=3 ) LIMIT 1   [ RunTime:0.0000s ]
SQL: SELECT `id`,`pid`,`c_title` FROM `product_category` WHERE ( status=1 and pid=0 ) ORDER BY myorder  [ RunTime:0.0000s ]
SQL: SELECT `id`,`pid`,`c_title` FROM `product_category` WHERE ( pid=1 ) ORDER BY myorder  [ RunTime:0.0000s ]
SQL: SELECT `id`,`pid`,`c_title` FROM `product_category` WHERE ( pid=3 ) ORDER BY myorder  [ RunTime:0.0000s ]
INFO: [ view_parse ] --START--
INFO: [ template_filter ] --START--
INFO: Run Behavior\ContentReplaceBehavior [ RunTime:0.000000s ]
INFO: [ template_filter ] --END-- [ RunTime:0.000000s ]
NOTIC: [8] Undefined index: childY E:\www\fuzhuang\Application\Runtime\Cache\Admin\34e4b095905075aaede5ee9039415509.php 第 39 行.
INFO: Run Behavior\ParseTemplateBehavior [ RunTime:0.011001s ]
INFO: [ view_parse ] --END-- [ RunTime:0.011001s ]
INFO: [ view_filter ] --START--
INFO: Run Behavior\WriteHtmlCacheBehavior [ RunTime:0.000000s ]
INFO: [ view_filter ] --END-- [ RunTime:0.000000s ]
INFO: [ app_end ] --START--
INFO: Run Behavior\ShowPageTraceBehavior [ RunTime:0.001000s ]
INFO: [ app_end ] --END-- [ RunTime:0.001000s ]

[ 2015-01-22T01:00:51+08:00 ] ::1 /fuzhuang/index.php/Admin/Product/imgList?id=1&title=a1
INFO: [ app_init ] --START--
INFO: Run Behavior\BuildLiteBehavior [ RunTime:0.000000s ]
INFO: [ app_init ] --END-- [ RunTime:0.000000s ]
INFO: [ app_begin ] --START--
INFO: Run Behavior\ReadHtmlCacheBehavior [ RunTime:0.000000s ]
INFO: [ app_begin ] --END-- [ RunTime:0.001000s ]
SQL: SHOW COLUMNS FROM `product_images` [ RunTime:0.0040s ]
SQL: SELECT * FROM `product_images` WHERE ( product_id=1 )  [ RunTime:0.0010s ]
INFO: [ view_parse ] --START--
INFO: [ template_filter ] --START--
INFO: Run Behavior\ContentReplaceBehavior [ RunTime:0.000000s ]
INFO: [ template_filter ] --END-- [ RunTime:0.000000s ]
INFO: Run Behavior\ParseTemplateBehavior [ RunTime:0.008001s ]
INFO: [ view_parse ] --END-- [ RunTime:0.008001s ]
INFO: [ view_filter ] --START--
INFO: Run Behavior\WriteHtmlCacheBehavior [ RunTime:0.000000s ]
INFO: [ view_filter ] --END-- [ RunTime:0.001000s ]
INFO: [ app_end ] --START--
INFO: Run Behavior\ShowPageTraceBehavior [ RunTime:0.000000s ]
INFO: [ app_end ] --END-- [ RunTime:0.000000s ]

[ 2015-01-22T01:00:54+08:00 ] ::1 /fuzhuang/index.php/Admin/Product/deleteImg?id=1&productId=1
INFO: [ app_init ] --START--
INFO: Run Behavior\BuildLiteBehavior [ RunTime:0.000000s ]
INFO: [ app_init ] --END-- [ RunTime:0.000000s ]
INFO: [ app_begin ] --START--
INFO: Run Behavior\ReadHtmlCacheBehavior [ RunTime:0.002001s ]
INFO: [ app_begin ] --END-- [ RunTime:0.002001s ]
SQL: SHOW COLUMNS FROM `product_images` [ RunTime:0.0040s ]

[ 2015-01-22T01:01:14+08:00 ] ::1 /fuzhuang/index.php/Admin/Product/index
INFO: [ app_init ] --START--
INFO: Run Behavior\BuildLiteBehavior [ RunTime:0.000000s ]
INFO: [ app_init ] --END-- [ RunTime:0.001000s ]
INFO: [ app_begin ] --START--
INFO: Run Behavior\ReadHtmlCacheBehavior [ RunTime:0.001000s ]
INFO: [ app_begin ] --END-- [ RunTime:0.001000s ]
SQL: SHOW COLUMNS FROM `product` [ RunTime:0.0050s ]
SQL: SHOW COLUMNS FROM `product_category` [ RunTime:0.0040s ]
NOTIC: [2] Invalid argument supplied for foreach() E:\www\fuzhuang\system\core\Library\Think\Db\Driver.class.php 第 488 行.
SQL: SELECT COUNT(*) AS tp_count FROM `product` LIMIT 1   [ RunTime:0.0010s ]
NOTIC: [2] Invalid argument supplied for foreach() E:\www\fuzhuang\system\core\Library\Think\Db\Driver.class.php 第 488 行.
SQL: SELECT `id`,`cid`,`cpid`,`product_title`,`status`,`small_img` FROM `product` ORDER BY add_time LIMIT 0,10   [ RunTime:0.0000s ]
SQL: SELECT `id`,`pid`,`c_title` FROM `product_category` WHERE ( id=2 ) LIMIT 1   [ RunTime:0.0010s ]
SQL: SELECT `id`,`pid`,`c_title` FROM `product_category` WHERE ( id=1 ) LIMIT 1   [ RunTime:0.0010s ]
SQL: SELECT `id`,`pid`,`c_title` FROM `product_category` WHERE ( id=3 ) LIMIT 1   [ RunTime:0.0000s ]
SQL: SELECT `id`,`pid`,`c_title` FROM `product_category` WHERE ( status=1 and pid=0 ) ORDER BY myorder  [ RunTime:0.0010s ]
SQL: SELECT `id`,`pid`,`c_title` FROM `product_category` WHERE ( pid=1 ) ORDER BY myorder  [ RunTime:0.0000s ]
SQL: SELECT `id`,`pid`,`c_title` FROM `product_category` WHERE ( pid=3 ) ORDER BY myorder  [ RunTime:0.0010s ]
INFO: [ view_parse ] --START--
INFO: [ template_filter ] --START--
INFO: Run Behavior\ContentReplaceBehavior [ RunTime:0.001000s ]
INFO: [ template_filter ] --END-- [ RunTime:0.001000s ]
NOTIC: [8] Undefined index: childY E:\www\fuzhuang\Application\Runtime\Cache\Admin\34e4b095905075aaede5ee9039415509.php 第 39 行.
INFO: Run Behavior\ParseTemplateBehavior [ RunTime:0.011000s ]
INFO: [ view_parse ] --END-- [ RunTime:0.011000s ]
INFO: [ view_filter ] --START--
INFO: Run Behavior\WriteHtmlCacheBehavior [ RunTime:0.000000s ]
INFO: [ view_filter ] --END-- [ RunTime:0.001000s ]
INFO: [ app_end ] --START--
INFO: Run Behavior\ShowPageTraceBehavior [ RunTime:0.000000s ]
INFO: [ app_end ] --END-- [ RunTime:0.001000s ]

[ 2015-01-22T01:01:17+08:00 ] ::1 /fuzhuang/index.php/Admin/Product/imgList?id=1&title=a1
INFO: [ app_init ] --START--
INFO: Run Behavior\BuildLiteBehavior [ RunTime:0.000000s ]
INFO: [ app_init ] --END-- [ RunTime:0.000000s ]
INFO: [ app_begin ] --START--
INFO: Run Behavior\ReadHtmlCacheBehavior [ RunTime:0.000000s ]
INFO: [ app_begin ] --END-- [ RunTime:0.001000s ]
SQL: SHOW COLUMNS FROM `product_images` [ RunTime:0.0040s ]
SQL: SELECT * FROM `product_images` WHERE ( product_id=1 )  [ RunTime:0.0010s ]
INFO: [ view_parse ] --START--
INFO: [ template_filter ] --START--
INFO: Run Behavior\ContentReplaceBehavior [ RunTime:0.000000s ]
INFO: [ template_filter ] --END-- [ RunTime:0.000000s ]
INFO: Run Behavior\ParseTemplateBehavior [ RunTime:0.011000s ]
INFO: [ view_parse ] --END-- [ RunTime:0.011000s ]
INFO: [ view_filter ] --START--
INFO: Run Behavior\WriteHtmlCacheBehavior [ RunTime:0.001000s ]
INFO: [ view_filter ] --END-- [ RunTime:0.001000s ]
INFO: [ app_end ] --START--
INFO: Run Behavior\ShowPageTraceBehavior [ RunTime:0.001001s ]
INFO: [ app_end ] --END-- [ RunTime:0.001001s ]

[ 2015-01-22T01:01:20+08:00 ] ::1 /fuzhuang/index.php/Admin/Product/deleteImg?id=1&productId=1
INFO: [ app_init ] --START--
INFO: Run Behavior\BuildLiteBehavior [ RunTime:0.000000s ]
INFO: [ app_init ] --END-- [ RunTime:0.000000s ]
INFO: [ app_begin ] --START--
INFO: Run Behavior\ReadHtmlCacheBehavior [ RunTime:0.000000s ]
INFO: [ app_begin ] --END-- [ RunTime:0.001000s ]
SQL: SHOW COLUMNS FROM `product_images` [ RunTime:0.0040s ]

[ 2015-01-22T01:06:13+08:00 ] ::1 /fuzhuang/index.php/Admin/Product/index
INFO: [ app_init ] --START--
INFO: Run Behavior\BuildLiteBehavior [ RunTime:0.000000s ]
INFO: [ app_init ] --END-- [ RunTime:0.000000s ]
INFO: [ app_begin ] --START--
INFO: Run Behavior\ReadHtmlCacheBehavior [ RunTime:0.001000s ]
INFO: [ app_begin ] --END-- [ RunTime:0.001000s ]
SQL: SHOW COLUMNS FROM `product` [ RunTime:0.0130s ]
SQL: SHOW COLUMNS FROM `product_category` [ RunTime:0.0190s ]
NOTIC: [2] Invalid argument supplied for foreach() E:\www\fuzhuang\system\core\Library\Think\Db\Driver.class.php 第 488 行.
SQL: SELECT COUNT(*) AS tp_count FROM `product` LIMIT 1   [ RunTime:0.0000s ]
NOTIC: [2] Invalid argument supplied for foreach() E:\www\fuzhuang\system\core\Library\Think\Db\Driver.class.php 第 488 行.
SQL: SELECT `id`,`cid`,`cpid`,`product_title`,`status`,`small_img` FROM `product` ORDER BY add_time LIMIT 0,10   [ RunTime:0.0010s ]
SQL: SELECT `id`,`pid`,`c_title` FROM `product_category` WHERE ( id=2 ) LIMIT 1   [ RunTime:0.0000s ]
SQL: SELECT `id`,`pid`,`c_title` FROM `product_category` WHERE ( id=1 ) LIMIT 1   [ RunTime:0.0000s ]
SQL: SELECT `id`,`pid`,`c_title` FROM `product_category` WHERE ( id=3 ) LIMIT 1   [ RunTime:0.0000s ]
SQL: SELECT `id`,`pid`,`c_title` FROM `product_category` WHERE ( status=1 and pid=0 ) ORDER BY myorder  [ RunTime:0.0010s ]
SQL: SELECT `id`,`pid`,`c_title` FROM `product_category` WHERE ( pid=1 ) ORDER BY myorder  [ RunTime:0.0000s ]
SQL: SELECT `id`,`pid`,`c_title` FROM `product_category` WHERE ( pid=3 ) ORDER BY myorder  [ RunTime:0.0010s ]
INFO: [ view_parse ] --START--
INFO: [ template_filter ] --START--
INFO: Run Behavior\ContentReplaceBehavior [ RunTime:0.000000s ]
INFO: [ template_filter ] --END-- [ RunTime:0.000000s ]
NOTIC: [8] Undefined index: childY E:\www\fuzhuang\Application\Runtime\Cache\Admin\34e4b095905075aaede5ee9039415509.php 第 39 行.
INFO: Run Behavior\ParseTemplateBehavior [ RunTime:0.011000s ]
INFO: [ view_parse ] --END-- [ RunTime:0.011000s ]
INFO: [ view_filter ] --START--
INFO: Run Behavior\WriteHtmlCacheBehavior [ RunTime:0.001000s ]
INFO: [ view_filter ] --END-- [ RunTime:0.001000s ]
INFO: [ app_end ] --START--
INFO: Run Behavior\ShowPageTraceBehavior [ RunTime:0.001000s ]
INFO: [ app_end ] --END-- [ RunTime:0.001000s ]

[ 2015-01-22T01:06:37+08:00 ] ::1 /fuzhuang/index.php/Admin/Product/imgList?id=1&title=a1
INFO: [ app_init ] --START--
INFO: Run Behavior\BuildLiteBehavior [ RunTime:0.000000s ]
INFO: [ app_init ] --END-- [ RunTime:0.000000s ]
INFO: [ app_begin ] --START--
INFO: Run Behavior\ReadHtmlCacheBehavior [ RunTime:0.001000s ]
INFO: [ app_begin ] --END-- [ RunTime:0.001000s ]
SQL: SHOW COLUMNS FROM `product_images` [ RunTime:0.0110s ]
SQL: SELECT * FROM `product_images` WHERE ( product_id=1 )  [ RunTime:0.0010s ]
INFO: [ view_parse ] --START--
INFO: [ template_filter ] --START--
INFO: Run Behavior\ContentReplaceBehavior [ RunTime:0.000000s ]
INFO: [ template_filter ] --END-- [ RunTime:0.000000s ]
INFO: Run Behavior\ParseTemplateBehavior [ RunTime:0.012000s ]
INFO: [ view_parse ] --END-- [ RunTime:0.012000s ]
INFO: [ view_filter ] --START--
INFO: Run Behavior\WriteHtmlCacheBehavior [ RunTime:0.001000s ]
INFO: [ view_filter ] --END-- [ RunTime:0.001000s ]
INFO: [ app_end ] --START--
INFO: Run Behavior\ShowPageTraceBehavior [ RunTime:0.001000s ]
INFO: [ app_end ] --END-- [ RunTime:0.001000s ]

[ 2015-01-22T01:06:41+08:00 ] ::1 /fuzhuang/index.php/Admin/Product/deleteImg?id=1&productId=1
INFO: [ app_init ] --START--
INFO: Run Behavior\BuildLiteBehavior [ RunTime:0.000000s ]
INFO: [ app_init ] --END-- [ RunTime:0.000000s ]
INFO: [ app_begin ] --START--
INFO: Run Behavior\ReadHtmlCacheBehavior [ RunTime:0.001000s ]
INFO: [ app_begin ] --END-- [ RunTime:0.001000s ]
SQL: SHOW COLUMNS FROM `product_images` [ RunTime:0.0050s ]

[ 2015-01-22T01:06:58+08:00 ] ::1 /fuzhuang/index.php/Admin/Product/index
INFO: [ app_init ] --START--
INFO: Run Behavior\BuildLiteBehavior [ RunTime:0.001000s ]
INFO: [ app_init ] --END-- [ RunTime:0.001000s ]
INFO: [ app_begin ] --START--
INFO: Run Behavior\ReadHtmlCacheBehavior [ RunTime:0.001000s ]
INFO: [ app_begin ] --END-- [ RunTime:0.001000s ]
SQL: SHOW COLUMNS FROM `product` [ RunTime:0.0050s ]
SQL: SHOW COLUMNS FROM `product_category` [ RunTime:0.0050s ]
NOTIC: [2] Invalid argument supplied for foreach() E:\www\fuzhuang\system\core\Library\Think\Db\Driver.class.php 第 488 行.
SQL: SELECT COUNT(*) AS tp_count FROM `product` LIMIT 1   [ RunTime:0.0000s ]
NOTIC: [2] Invalid argument supplied for foreach() E:\www\fuzhuang\system\core\Library\Think\Db\Driver.class.php 第 488 行.
SQL: SELECT `id`,`cid`,`cpid`,`product_title`,`status`,`small_img` FROM `product` ORDER BY add_time LIMIT 0,10   [ RunTime:0.0010s ]
SQL: SELECT `id`,`pid`,`c_title` FROM `product_category` WHERE ( id=2 ) LIMIT 1   [ RunTime:0.0000s ]
SQL: SELECT `id`,`pid`,`c_title` FROM `product_category` WHERE ( id=1 ) LIMIT 1   [ RunTime:0.0000s ]
SQL: SELECT `id`,`pid`,`c_title` FROM `product_category` WHERE ( id=3 ) LIMIT 1   [ RunTime:0.0000s ]
SQL: SELECT `id`,`pid`,`c_title` FROM `product_category` WHERE ( status=1 and pid=0 ) ORDER BY myorder  [ RunTime:0.0000s ]
SQL: SELECT `id`,`pid`,`c_title` FROM `product_category` WHERE ( pid=1 ) ORDER BY myorder  [ RunTime:0.0010s ]
SQL: SELECT `id`,`pid`,`c_title` FROM `product_category` WHERE ( pid=3 ) ORDER BY myorder  [ RunTime:0.0000s ]
INFO: [ view_parse ] --START--
INFO: [ template_filter ] --START--
INFO: Run Behavior\ContentReplaceBehavior [ RunTime:0.000000s ]
INFO: [ template_filter ] --END-- [ RunTime:0.001001s ]
NOTIC: [8] Undefined index: childY E:\www\fuzhuang\Application\Runtime\Cache\Admin\34e4b095905075aaede5ee9039415509.php 第 39 行.
INFO: Run Behavior\ParseTemplateBehavior [ RunTime:0.035002s ]
INFO: [ view_parse ] --END-- [ RunTime:0.035002s ]
INFO: [ view_filter ] --START--
INFO: Run Behavior\WriteHtmlCacheBehavior [ RunTime:0.000000s ]
INFO: [ view_filter ] --END-- [ RunTime:0.000000s ]
INFO: [ app_end ] --START--
INFO: Run Behavior\ShowPageTraceBehavior [ RunTime:0.001000s ]
INFO: [ app_end ] --END-- [ RunTime:0.001000s ]

[ 2015-01-22T01:07:00+08:00 ] ::1 /fuzhuang/index.php/Admin/Product/imgList?id=1&title=a1
INFO: [ app_init ] --START--
INFO: Run Behavior\BuildLiteBehavior [ RunTime:0.000000s ]
INFO: [ app_init ] --END-- [ RunTime:0.000000s ]
INFO: [ app_begin ] --START--
INFO: Run Behavior\ReadHtmlCacheBehavior [ RunTime:0.000000s ]
INFO: [ app_begin ] --END-- [ RunTime:0.000000s ]
SQL: SHOW COLUMNS FROM `product_images` [ RunTime:0.0040s ]
SQL: SELECT * FROM `product_images` WHERE ( product_id=1 )  [ RunTime:0.0000s ]
INFO: [ view_parse ] --START--
INFO: [ template_filter ] --START--
INFO: Run Behavior\ContentReplaceBehavior [ RunTime:0.000000s ]
INFO: [ template_filter ] --END-- [ RunTime:0.000000s ]
INFO: Run Behavior\ParseTemplateBehavior [ RunTime:0.008001s ]
INFO: [ view_parse ] --END-- [ RunTime:0.008001s ]
INFO: [ view_filter ] --START--
INFO: Run Behavior\WriteHtmlCacheBehavior [ RunTime:0.001000s ]
INFO: [ view_filter ] --END-- [ RunTime:0.001000s ]
INFO: [ app_end ] --START--
INFO: Run Behavior\ShowPageTraceBehavior [ RunTime:0.000000s ]
INFO: [ app_end ] --END-- [ RunTime:0.000000s ]

[ 2015-01-22T01:07:03+08:00 ] ::1 /fuzhuang/index.php/Admin/Product/deleteImg?id=1&productId=1
INFO: [ app_init ] --START--
INFO: Run Behavior\BuildLiteBehavior [ RunTime:0.000000s ]
INFO: [ app_init ] --END-- [ RunTime:0.000000s ]
INFO: [ app_begin ] --START--
INFO: Run Behavior\ReadHtmlCacheBehavior [ RunTime:0.001000s ]
INFO: [ app_begin ] --END-- [ RunTime:0.001000s ]
SQL: SHOW COLUMNS FROM `product_images` [ RunTime:0.0050s ]
SQL: SELECT * FROM `product_images` WHERE ( id=1 ) LIMIT 1   [ RunTime:0.0000s ]
SQL: DELETE FROM `product_images` WHERE ( id=1 ) [ RunTime:0.1160s ]

[ 2015-01-22T01:07:05+08:00 ] ::1 /fuzhuang/index.php/Admin/Product/imgList?id=1
INFO: [ app_init ] --START--
INFO: Run Behavior\BuildLiteBehavior [ RunTime:0.000000s ]
INFO: [ app_init ] --END-- [ RunTime:0.001000s ]
INFO: [ app_begin ] --START--
INFO: Run Behavior\ReadHtmlCacheBehavior [ RunTime:0.002000s ]
INFO: [ app_begin ] --END-- [ RunTime:0.002000s ]
SQL: SHOW COLUMNS FROM `product_images` [ RunTime:0.0040s ]
SQL: SELECT * FROM `product_images` WHERE ( product_id=1 )  [ RunTime:0.0000s ]
INFO: [ view_parse ] --START--
INFO: [ template_filter ] --START--
INFO: Run Behavior\ContentReplaceBehavior [ RunTime:0.000000s ]
INFO: [ template_filter ] --END-- [ RunTime:0.000000s ]
INFO: Run Behavior\ParseTemplateBehavior [ RunTime:0.010000s ]
INFO: [ view_parse ] --END-- [ RunTime:0.010000s ]
INFO: [ view_filter ] --START--
INFO: Run Behavior\WriteHtmlCacheBehavior [ RunTime:0.000000s ]
INFO: [ view_filter ] --END-- [ RunTime:0.000000s ]
INFO: [ app_end ] --START--
INFO: Run Behavior\ShowPageTraceBehavior [ RunTime:0.001000s ]
INFO: [ app_end ] --END-- [ RunTime:0.001000s ]

[ 2015-01-22T01:08:27+08:00 ] ::1 /fuzhuang/index.php/Admin/Product/index
INFO: [ app_init ] --START--
INFO: Run Behavior\BuildLiteBehavior [ RunTime:0.000000s ]
INFO: [ app_init ] --END-- [ RunTime:0.000000s ]
INFO: [ app_begin ] --START--
INFO: Run Behavior\ReadHtmlCacheBehavior [ RunTime:0.001000s ]
INFO: [ app_begin ] --END-- [ RunTime:0.001000s ]
SQL: SHOW COLUMNS FROM `product` [ RunTime:0.0060s ]
SQL: SHOW COLUMNS FROM `product_category` [ RunTime:0.0050s ]
NOTIC: [2] Invalid argument supplied for foreach() E:\www\fuzhuang\system\core\Library\Think\Db\Driver.class.php 第 488 行.
SQL: SELECT COUNT(*) AS tp_count FROM `product` LIMIT 1   [ RunTime:0.0000s ]
NOTIC: [2] Invalid argument supplied for foreach() E:\www\fuzhuang\system\core\Library\Think\Db\Driver.class.php 第 488 行.
SQL: SELECT `id`,`cid`,`cpid`,`product_title`,`status`,`small_img` FROM `product` ORDER BY add_time LIMIT 0,10   [ RunTime:0.0000s ]
SQL: SELECT `id`,`pid`,`c_title` FROM `product_category` WHERE ( id=2 ) LIMIT 1   [ RunTime:0.0010s ]
SQL: SELECT `id`,`pid`,`c_title` FROM `product_category` WHERE ( id=1 ) LIMIT 1   [ RunTime:0.0000s ]
SQL: SELECT `id`,`pid`,`c_title` FROM `product_category` WHERE ( id=3 ) LIMIT 1   [ RunTime:0.0010s ]
SQL: SELECT `id`,`pid`,`c_title` FROM `product_category` WHERE ( status=1 and pid=0 ) ORDER BY myorder  [ RunTime:0.0000s ]
SQL: SELECT `id`,`pid`,`c_title` FROM `product_category` WHERE ( pid=1 ) ORDER BY myorder  [ RunTime:0.0000s ]
SQL: SELECT `id`,`pid`,`c_title` FROM `product_category` WHERE ( pid=3 ) ORDER BY myorder  [ RunTime:0.0010s ]
INFO: [ view_parse ] --START--
INFO: [ template_filter ] --START--
INFO: Run Behavior\ContentReplaceBehavior [ RunTime:0.000000s ]
INFO: [ template_filter ] --END-- [ RunTime:0.000000s ]
NOTIC: [8] Undefined index: childY E:\www\fuzhuang\Application\Runtime\Cache\Admin\34e4b095905075aaede5ee9039415509.php 第 39 行.
INFO: Run Behavior\ParseTemplateBehavior [ RunTime:0.011000s ]
INFO: [ view_parse ] --END-- [ RunTime:0.011000s ]
INFO: [ view_filter ] --START--
INFO: Run Behavior\WriteHtmlCacheBehavior [ RunTime:0.000000s ]
INFO: [ view_filter ] --END-- [ RunTime:0.000000s ]
INFO: [ app_end ] --START--
INFO: Run Behavior\ShowPageTraceBehavior [ RunTime:0.001000s ]
INFO: [ app_end ] --END-- [ RunTime:0.001000s ]

[ 2015-01-22T01:08:29+08:00 ] ::1 /fuzhuang/index.php/Admin/Product/imgList?id=1&title=a1
INFO: [ app_init ] --START--
INFO: Run Behavior\BuildLiteBehavior [ RunTime:0.000000s ]
INFO: [ app_init ] --END-- [ RunTime:0.000000s ]
INFO: [ app_begin ] --START--
INFO: Run Behavior\ReadHtmlCacheBehavior [ RunTime:0.001000s ]
INFO: [ app_begin ] --END-- [ RunTime:0.001000s ]
SQL: SHOW COLUMNS FROM `product_images` [ RunTime:0.0050s ]
SQL: SELECT * FROM `product_images` WHERE ( product_id=1 )  [ RunTime:0.0010s ]
INFO: [ view_parse ] --START--
INFO: [ template_filter ] --START--
INFO: Run Behavior\ContentReplaceBehavior [ RunTime:0.000000s ]
INFO: [ template_filter ] --END-- [ RunTime:0.000000s ]
INFO: Run Behavior\ParseTemplateBehavior [ RunTime:0.009000s ]
INFO: [ view_parse ] --END-- [ RunTime:0.009000s ]
INFO: [ view_filter ] --START--
INFO: Run Behavior\WriteHtmlCacheBehavior [ RunTime:0.001000s ]
INFO: [ view_filter ] --END-- [ RunTime:0.001000s ]
INFO: [ app_end ] --START--
INFO: Run Behavior\ShowPageTraceBehavior [ RunTime:0.001000s ]
INFO: [ app_end ] --END-- [ RunTime:0.001000s ]

[ 2015-01-22T01:08:33+08:00 ] ::1 /fuzhuang/index.php/Admin/Product/deleteImg?id=2&productId=1
INFO: [ app_init ] --START--
INFO: Run Behavior\BuildLiteBehavior [ RunTime:0.000000s ]
INFO: [ app_init ] --END-- [ RunTime:0.001000s ]
INFO: [ app_begin ] --START--
INFO: Run Behavior\ReadHtmlCacheBehavior [ RunTime:0.001000s ]
INFO: [ app_begin ] --END-- [ RunTime:0.001000s ]
SQL: SHOW COLUMNS FROM `product_images` [ RunTime:0.0040s ]
SQL: SELECT * FROM `product_images` WHERE ( id=2 ) LIMIT 1   [ RunTime:0.0000s ]
SQL: DELETE FROM `product_images` WHERE ( id=2 ) [ RunTime:0.0010s ]

[ 2015-01-22T01:08:35+08:00 ] ::1 /fuzhuang/index.php/Admin/Product/imgList?id=1
INFO: [ app_init ] --START--
INFO: Run Behavior\BuildLiteBehavior [ RunTime:0.000000s ]
INFO: [ app_init ] --END-- [ RunTime:0.001000s ]
INFO: [ app_begin ] --START--
INFO: Run Behavior\ReadHtmlCacheBehavior [ RunTime:0.001000s ]
INFO: [ app_begin ] --END-- [ RunTime:0.001000s ]
SQL: SHOW COLUMNS FROM `product_images` [ RunTime:0.0050s ]
SQL: SELECT * FROM `product_images` WHERE ( product_id=1 )  [ RunTime:0.0010s ]
INFO: [ view_parse ] --START--
INFO: [ template_filter ] --START--
INFO: Run Behavior\ContentReplaceBehavior [ RunTime:0.000000s ]
INFO: [ template_filter ] --END-- [ RunTime:0.000000s ]
INFO: Run Behavior\ParseTemplateBehavior [ RunTime:0.011001s ]
INFO: [ view_parse ] --END-- [ RunTime:0.011001s ]
INFO: [ view_filter ] --START--
INFO: Run Behavior\WriteHtmlCacheBehavior [ RunTime:0.000000s ]
INFO: [ view_filter ] --END-- [ RunTime:0.000000s ]
INFO: [ app_end ] --START--
INFO: Run Behavior\ShowPageTraceBehavior [ RunTime:0.001000s ]
INFO: [ app_end ] --END-- [ RunTime:0.001000s ]

[ 2015-01-22T01:09:45+08:00 ] ::1 /fuzhuang/index.php/Admin/Product/index
INFO: [ app_init ] --START--
INFO: Run Behavior\BuildLiteBehavior [ RunTime:0.001001s ]
INFO: [ app_init ] --END-- [ RunTime:0.001001s ]
INFO: [ app_begin ] --START--
INFO: Run Behavior\ReadHtmlCacheBehavior [ RunTime:0.001000s ]
INFO: [ app_begin ] --END-- [ RunTime:0.001000s ]
SQL: SHOW COLUMNS FROM `product` [ RunTime:0.0820s ]
SQL: SHOW COLUMNS FROM `product_category` [ RunTime:0.0190s ]
NOTIC: [2] Invalid argument supplied for foreach() E:\www\fuzhuang\system\core\Library\Think\Db\Driver.class.php 第 488 行.
SQL: SELECT COUNT(*) AS tp_count FROM `product` LIMIT 1   [ RunTime:0.0000s ]
NOTIC: [2] Invalid argument supplied for foreach() E:\www\fuzhuang\system\core\Library\Think\Db\Driver.class.php 第 488 行.
SQL: SELECT `id`,`cid`,`cpid`,`product_title`,`status`,`small_img` FROM `product` ORDER BY add_time LIMIT 0,10   [ RunTime:0.0000s ]
SQL: SELECT `id`,`pid`,`c_title` FROM `product_category` WHERE ( id=2 ) LIMIT 1   [ RunTime:0.0010s ]
SQL: SELECT `id`,`pid`,`c_title` FROM `product_category` WHERE ( id=1 ) LIMIT 1   [ RunTime:0.0000s ]
SQL: SELECT `id`,`pid`,`c_title` FROM `product_category` WHERE ( id=3 ) LIMIT 1   [ RunTime:0.0010s ]
SQL: SELECT `id`,`pid`,`c_title` FROM `product_category` WHERE ( status=1 and pid=0 ) ORDER BY myorder  [ RunTime:0.0000s ]
SQL: SELECT `id`,`pid`,`c_title` FROM `product_category` WHERE ( pid=1 ) ORDER BY myorder  [ RunTime:0.0010s ]
SQL: SELECT `id`,`pid`,`c_title` FROM `product_category` WHERE ( pid=3 ) ORDER BY myorder  [ RunTime:0.0000s ]
INFO: [ view_parse ] --START--
INFO: [ template_filter ] --START--
INFO: Run Behavior\ContentReplaceBehavior [ RunTime:0.000000s ]
INFO: [ template_filter ] --END-- [ RunTime:0.000000s ]
NOTIC: [8] Undefined index: childY E:\www\fuzhuang\Application\Runtime\Cache\Admin\34e4b095905075aaede5ee9039415509.php 第 39 行.
INFO: Run Behavior\ParseTemplateBehavior [ RunTime:0.010001s ]
INFO: [ view_parse ] --END-- [ RunTime:0.010001s ]
INFO: [ view_filter ] --START--
INFO: Run Behavior\WriteHtmlCacheBehavior [ RunTime:0.000000s ]
INFO: [ view_filter ] --END-- [ RunTime:0.000000s ]
INFO: [ app_end ] --START--
INFO: Run Behavior\ShowPageTraceBehavior [ RunTime:0.001000s ]
INFO: [ app_end ] --END-- [ RunTime:0.001000s ]

[ 2015-01-22T01:09:47+08:00 ] ::1 /fuzhuang/index.php/Admin/Product/imgList?id=1&title=a1
INFO: [ app_init ] --START--
INFO: Run Behavior\BuildLiteBehavior [ RunTime:0.000000s ]
INFO: [ app_init ] --END-- [ RunTime:0.001000s ]
INFO: [ app_begin ] --START--
INFO: Run Behavior\ReadHtmlCacheBehavior [ RunTime:0.000000s ]
INFO: [ app_begin ] --END-- [ RunTime:0.000000s ]
SQL: SHOW COLUMNS FROM `product_images` [ RunTime:0.0040s ]
SQL: SELECT * FROM `product_images` WHERE ( product_id=1 )  [ RunTime:0.0000s ]
INFO: [ view_parse ] --START--
INFO: [ template_filter ] --START--
INFO: Run Behavior\ContentReplaceBehavior [ RunTime:0.000000s ]
INFO: [ template_filter ] --END-- [ RunTime:0.000000s ]
INFO: Run Behavior\ParseTemplateBehavior [ RunTime:0.008000s ]
INFO: [ view_parse ] --END-- [ RunTime:0.009000s ]
INFO: [ view_filter ] --START--
INFO: Run Behavior\WriteHtmlCacheBehavior [ RunTime:0.000000s ]
INFO: [ view_filter ] --END-- [ RunTime:0.000000s ]
INFO: [ app_end ] --START--
INFO: Run Behavior\ShowPageTraceBehavior [ RunTime:0.001000s ]
INFO: [ app_end ] --END-- [ RunTime:0.001000s ]

[ 2015-01-22T01:09:57+08:00 ] ::1 /fuzhuang/index.php/Admin/Product/index
INFO: [ app_init ] --START--
INFO: Run Behavior\BuildLiteBehavior [ RunTime:0.000000s ]
INFO: [ app_init ] --END-- [ RunTime:0.001000s ]
INFO: [ app_begin ] --START--
INFO: Run Behavior\ReadHtmlCacheBehavior [ RunTime:0.000000s ]
INFO: [ app_begin ] --END-- [ RunTime:0.000000s ]
SQL: SHOW COLUMNS FROM `product` [ RunTime:0.0040s ]
SQL: SHOW COLUMNS FROM `product_category` [ RunTime:0.0050s ]
NOTIC: [2] Invalid argument supplied for foreach() E:\www\fuzhuang\system\core\Library\Think\Db\Driver.class.php 第 488 行.
SQL: SELECT COUNT(*) AS tp_count FROM `product` LIMIT 1   [ RunTime:0.0000s ]
NOTIC: [2] Invalid argument supplied for foreach() E:\www\fuzhuang\system\core\Library\Think\Db\Driver.class.php 第 488 行.
SQL: SELECT `id`,`cid`,`cpid`,`product_title`,`status`,`small_img` FROM `product` ORDER BY add_time LIMIT 0,10   [ RunTime:0.0010s ]
SQL: SELECT `id`,`pid`,`c_title` FROM `product_category` WHERE ( id=2 ) LIMIT 1   [ RunTime:0.0000s ]
SQL: SELECT `id`,`pid`,`c_title` FROM `product_category` WHERE ( id=1 ) LIMIT 1   [ RunTime:0.0020s ]
SQL: SELECT `id`,`pid`,`c_title` FROM `product_category` WHERE ( id=3 ) LIMIT 1   [ RunTime:0.0000s ]
SQL: SELECT `id`,`pid`,`c_title` FROM `product_category` WHERE ( status=1 and pid=0 ) ORDER BY myorder  [ RunTime:0.0000s ]
SQL: SELECT `id`,`pid`,`c_title` FROM `product_category` WHERE ( pid=1 ) ORDER BY myorder  [ RunTime:0.0000s ]
SQL: SELECT `id`,`pid`,`c_title` FROM `product_category` WHERE ( pid=3 ) ORDER BY myorder  [ RunTime:0.0000s ]
INFO: [ view_parse ] --START--
INFO: [ template_filter ] --START--
INFO: Run Behavior\ContentReplaceBehavior [ RunTime:0.000000s ]
INFO: [ template_filter ] --END-- [ RunTime:0.000000s ]
NOTIC: [8] Undefined index: childY E:\www\fuzhuang\Application\Runtime\Cache\Admin\34e4b095905075aaede5ee9039415509.php 第 39 行.
INFO: Run Behavior\ParseTemplateBehavior [ RunTime:0.011000s ]
INFO: [ view_parse ] --END-- [ RunTime:0.011000s ]
INFO: [ view_filter ] --START--
INFO: Run Behavior\WriteHtmlCacheBehavior [ RunTime:0.000000s ]
INFO: [ view_filter ] --END-- [ RunTime:0.000000s ]
INFO: [ app_end ] --START--
INFO: Run Behavior\ShowPageTraceBehavior [ RunTime:0.001000s ]
INFO: [ app_end ] --END-- [ RunTime:0.001000s ]

[ 2015-01-22T01:09:59+08:00 ] ::1 /fuzhuang/index.php/Admin/Product/imgList?id=1&title=a1
INFO: [ app_init ] --START--
INFO: Run Behavior\BuildLiteBehavior [ RunTime:0.000000s ]
INFO: [ app_init ] --END-- [ RunTime:0.001000s ]
INFO: [ app_begin ] --START--
INFO: Run Behavior\ReadHtmlCacheBehavior [ RunTime:0.000000s ]
INFO: [ app_begin ] --END-- [ RunTime:0.001000s ]
SQL: SHOW COLUMNS FROM `product_images` [ RunTime:0.0110s ]
SQL: SELECT * FROM `product_images` WHERE ( product_id=1 )  [ RunTime:0.0010s ]
INFO: [ view_parse ] --START--
INFO: [ template_filter ] --START--
INFO: Run Behavior\ContentReplaceBehavior [ RunTime:0.000000s ]
INFO: [ template_filter ] --END-- [ RunTime:0.000000s ]
INFO: Run Behavior\ParseTemplateBehavior [ RunTime:0.009000s ]
INFO: [ view_parse ] --END-- [ RunTime:0.009000s ]
INFO: [ view_filter ] --START--
INFO: Run Behavior\WriteHtmlCacheBehavior [ RunTime:0.001000s ]
INFO: [ view_filter ] --END-- [ RunTime:0.001000s ]
INFO: [ app_end ] --START--
INFO: Run Behavior\ShowPageTraceBehavior [ RunTime:0.001001s ]
INFO: [ app_end ] --END-- [ RunTime:0.001001s ]

