[ 2015-01-25T00:01:16+08:00 ] ::1 /fuzhuang/index.php/Admin/News/index
INFO: [ app_init ] --START--
INFO: Run Behavior\BuildLiteBehavior [ RunTime:0.000000s ]
INFO: [ app_init ] --END-- [ RunTime:0.000000s ]
INFO: [ app_begin ] --START--
INFO: Run Behavior\ReadHtmlCacheBehavior [ RunTime:0.001000s ]
INFO: [ app_begin ] --END-- [ RunTime:0.001000s ]
SQL: SHOW COLUMNS FROM `news` [ RunTime:0.0070s ]
SQL: SHOW COLUMNS FROM `news_category` [ RunTime:0.0070s ]
NOTIC: [2] Invalid argument supplied for foreach() E:\www\fuzhuang\system\core\Library\Think\Db\Driver.class.php 第 488 行.
SQL: SELECT COUNT(*) AS tp_count FROM `news` LIMIT 1   [ RunTime:0.0010s ]
NOTIC: [2] Invalid argument supplied for foreach() E:\www\fuzhuang\system\core\Library\Think\Db\Driver.class.php 第 488 行.
SQL: SELECT `id`,`cpid`,`cid`,`news_title`,`big_img`,`small_img`,`release_time` FROM `news` ORDER BY release_time desc LIMIT 0,10   [ RunTime:0.0000s ]
SQL: SELECT `id`,`pid`,`c_title` FROM `news_category` WHERE ( id=3 ) LIMIT 1   [ RunTime:0.0000s ]
SQL: SELECT `id`,`pid`,`c_title` FROM `news_category` WHERE ( id=1 ) LIMIT 1   [ RunTime:0.0000s ]
SQL: SELECT `id`,`pid`,`c_title` FROM `news_category` WHERE ( status=1 and pid=0 ) ORDER BY myorder  [ RunTime:0.0000s ]
SQL: SELECT `id`,`pid`,`c_title` FROM `news_category` WHERE ( pid=1 ) ORDER BY myorder  [ RunTime:0.0010s ]
NOTIC: [8] Undefined variable: k E:\www\fuzhuang\Application\Admin\Controller\NewsController.class.php 第 64 行.
SQL: SELECT `id`,`pid`,`c_title` FROM `news_category` WHERE ( pid=3 ) ORDER BY myorder  [ RunTime:0.0010s ]
NOTIC: [8] Undefined variable: k E:\www\fuzhuang\Application\Admin\Controller\NewsController.class.php 第 64 行.
INFO: [ view_parse ] --START--
INFO: [ template_filter ] --START--
INFO: Run Behavior\ContentReplaceBehavior [ RunTime:0.000000s ]
INFO: [ template_filter ] --END-- [ RunTime:0.000000s ]
NOTIC: [8] Undefined variable: parentid E:\www\fuzhuang\Application\Runtime\Cache\Admin\36087655c6ab8580337cdc45b35a926d.php 第 39 行.
NOTIC: [8] Undefined index: childY E:\www\fuzhuang\Application\Runtime\Cache\Admin\36087655c6ab8580337cdc45b35a926d.php 第 39 行.
NOTIC: [8] Undefined variable: parentid E:\www\fuzhuang\Application\Runtime\Cache\Admin\36087655c6ab8580337cdc45b35a926d.php 第 39 行.
NOTIC: [8] Undefined index: childY E:\www\fuzhuang\Application\Runtime\Cache\Admin\36087655c6ab8580337cdc45b35a926d.php 第 39 行.
INFO: Run Behavior\ParseTemplateBehavior [ RunTime:0.017001s ]
INFO: [ view_parse ] --END-- [ RunTime:0.017001s ]
INFO: [ view_filter ] --START--
INFO: Run Behavior\WriteHtmlCacheBehavior [ RunTime:0.000000s ]
INFO: [ view_filter ] --END-- [ RunTime:0.000000s ]
INFO: [ app_end ] --START--
INFO: Run Behavior\ShowPageTraceBehavior [ RunTime:0.001000s ]
INFO: [ app_end ] --END-- [ RunTime:0.001000s ]

[ 2015-01-25T00:06:54+08:00 ] ::1 /fuzhuang/index.php/Admin/News/edit?id=1
INFO: [ app_init ] --START--
INFO: Run Behavior\BuildLiteBehavior [ RunTime:0.000000s ]
INFO: [ app_init ] --END-- [ RunTime:0.001000s ]
INFO: [ app_begin ] --START--
INFO: Run Behavior\ReadHtmlCacheBehavior [ RunTime:0.002000s ]
INFO: [ app_begin ] --END-- [ RunTime:0.002000s ]
SQL: SHOW COLUMNS FROM `news` [ RunTime:0.0080s ]
SQL: SHOW COLUMNS FROM `news_category` [ RunTime:0.0070s ]
SQL: SELECT * FROM `news` WHERE ( id=1 ) LIMIT 1   [ RunTime:0.0010s ]
SQL: SELECT `id`,`pid`,`c_title` FROM `news_category` WHERE ( status=1 and pid=0 ) ORDER BY myorder  [ RunTime:0.0000s ]
SQL: SELECT `id`,`pid`,`c_title` FROM `news_category` WHERE ( pid=1 ) ORDER BY myorder  [ RunTime:0.0000s ]
NOTIC: [8] Undefined variable: k E:\www\fuzhuang\Application\Admin\Controller\NewsController.class.php 第 278 行.
SQL: SELECT `id`,`pid`,`c_title` FROM `news_category` WHERE ( pid=3 ) ORDER BY myorder  [ RunTime:0.0010s ]
NOTIC: [8] Undefined variable: k E:\www\fuzhuang\Application\Admin\Controller\NewsController.class.php 第 278 行.
INFO: [ view_parse ] --START--
INFO: [ template_filter ] --START--
INFO: Run Behavior\ContentReplaceBehavior [ RunTime:0.000000s ]
INFO: [ template_filter ] --END-- [ RunTime:0.000000s ]
NOTIC: [8] Undefined index: childY E:\www\fuzhuang\Application\Runtime\Cache\Admin\c6b563eb3db7e185c095986d75e59a9c.php 第 50 行.
NOTIC: [8] Undefined index: childY E:\www\fuzhuang\Application\Runtime\Cache\Admin\c6b563eb3db7e185c095986d75e59a9c.php 第 50 行.
NOTIC: [8] Undefined index: design_title E:\www\fuzhuang\Application\Runtime\Cache\Admin\c6b563eb3db7e185c095986d75e59a9c.php 第 56 行.
NOTIC: [8] Undefined index: design_title E:\www\fuzhuang\Application\Runtime\Cache\Admin\c6b563eb3db7e185c095986d75e59a9c.php 第 60 行.
NOTIC: [8] Undefined variable: pl E:\www\fuzhuang\Application\Runtime\Cache\Admin\c6b563eb3db7e185c095986d75e59a9c.php 第 79 行.
NOTIC: [8] Undefined variable: pl E:\www\fuzhuang\Application\Runtime\Cache\Admin\c6b563eb3db7e185c095986d75e59a9c.php 第 80 行.
NOTIC: [8] Undefined index: design_title E:\www\fuzhuang\Application\Runtime\Cache\Admin\c6b563eb3db7e185c095986d75e59a9c.php 第 86 行.
NOTIC: [8] Undefined index: design_title E:\www\fuzhuang\Application\Runtime\Cache\Admin\c6b563eb3db7e185c095986d75e59a9c.php 第 95 行.
NOTIC: [8] Undefined index: design_title E:\www\fuzhuang\Application\Runtime\Cache\Admin\c6b563eb3db7e185c095986d75e59a9c.php 第 101 行.
NOTIC: [8] Undefined index: design_title E:\www\fuzhuang\Application\Runtime\Cache\Admin\c6b563eb3db7e185c095986d75e59a9c.php 第 107 行.
INFO: Run Behavior\ParseTemplateBehavior [ RunTime:0.014000s ]
INFO: [ view_parse ] --END-- [ RunTime:0.014000s ]
INFO: [ view_filter ] --START--
INFO: Run Behavior\WriteHtmlCacheBehavior [ RunTime:0.001001s ]
INFO: [ view_filter ] --END-- [ RunTime:0.001001s ]
INFO: [ app_end ] --START--
INFO: Run Behavior\ShowPageTraceBehavior [ RunTime:0.001000s ]
INFO: [ app_end ] --END-- [ RunTime:0.001000s ]

[ 2015-01-25T00:09:57+08:00 ] ::1 /fuzhuang/index.php/Admin/News/index
INFO: [ app_init ] --START--
INFO: Run Behavior\BuildLiteBehavior [ RunTime:0.000000s ]
INFO: [ app_init ] --END-- [ RunTime:0.000000s ]
INFO: [ app_begin ] --START--
INFO: Run Behavior\ReadHtmlCacheBehavior [ RunTime:0.001000s ]
INFO: [ app_begin ] --END-- [ RunTime:0.001000s ]
SQL: SHOW COLUMNS FROM `news` [ RunTime:0.0040s ]
SQL: SHOW COLUMNS FROM `news_category` [ RunTime:0.0040s ]
NOTIC: [2] Invalid argument supplied for foreach() E:\www\fuzhuang\system\core\Library\Think\Db\Driver.class.php 第 488 行.
SQL: SELECT COUNT(*) AS tp_count FROM `news` LIMIT 1   [ RunTime:0.0010s ]
NOTIC: [2] Invalid argument supplied for foreach() E:\www\fuzhuang\system\core\Library\Think\Db\Driver.class.php 第 488 行.
SQL: SELECT `id`,`cpid`,`cid`,`news_title`,`big_img`,`small_img`,`release_time` FROM `news` ORDER BY release_time desc LIMIT 0,10   [ RunTime:0.0000s ]
SQL: SELECT `id`,`pid`,`c_title` FROM `news_category` WHERE ( id=3 ) LIMIT 1   [ RunTime:0.0010s ]
SQL: SELECT `id`,`pid`,`c_title` FROM `news_category` WHERE ( id=1 ) LIMIT 1   [ RunTime:0.0000s ]
SQL: SELECT `id`,`pid`,`c_title` FROM `news_category` WHERE ( status=1 and pid=0 ) ORDER BY myorder  [ RunTime:0.0000s ]
SQL: SELECT `id`,`pid`,`c_title` FROM `news_category` WHERE ( pid=1 ) ORDER BY myorder  [ RunTime:0.0010s ]
NOTIC: [8] Undefined variable: k E:\www\fuzhuang\Application\Admin\Controller\NewsController.class.php 第 64 行.
SQL: SELECT `id`,`pid`,`c_title` FROM `news_category` WHERE ( pid=3 ) ORDER BY myorder  [ RunTime:0.0000s ]
NOTIC: [8] Undefined variable: k E:\www\fuzhuang\Application\Admin\Controller\NewsController.class.php 第 64 行.
INFO: [ view_parse ] --START--
INFO: [ template_filter ] --START--
INFO: Run Behavior\ContentReplaceBehavior [ RunTime:0.000000s ]
INFO: [ template_filter ] --END-- [ RunTime:0.000000s ]
NOTIC: [8] Undefined variable: parentid E:\www\fuzhuang\Application\Runtime\Cache\Admin\36087655c6ab8580337cdc45b35a926d.php 第 39 行.
NOTIC: [8] Undefined index: childY E:\www\fuzhuang\Application\Runtime\Cache\Admin\36087655c6ab8580337cdc45b35a926d.php 第 39 行.
NOTIC: [8] Undefined variable: parentid E:\www\fuzhuang\Application\Runtime\Cache\Admin\36087655c6ab8580337cdc45b35a926d.php 第 39 行.
NOTIC: [8] Undefined index: childY E:\www\fuzhuang\Application\Runtime\Cache\Admin\36087655c6ab8580337cdc45b35a926d.php 第 39 行.
INFO: Run Behavior\ParseTemplateBehavior [ RunTime:0.010000s ]
INFO: [ view_parse ] --END-- [ RunTime:0.010000s ]
INFO: [ view_filter ] --START--
INFO: Run Behavior\WriteHtmlCacheBehavior [ RunTime:0.000000s ]
INFO: [ view_filter ] --END-- [ RunTime:0.000000s ]
INFO: [ app_end ] --START--
INFO: Run Behavior\ShowPageTraceBehavior [ RunTime:0.001000s ]
INFO: [ app_end ] --END-- [ RunTime:0.001000s ]

[ 2015-01-25T00:10:00+08:00 ] ::1 /fuzhuang/index.php/Admin/News/edit?id=1
INFO: [ app_init ] --START--
INFO: Run Behavior\BuildLiteBehavior [ RunTime:0.000000s ]
INFO: [ app_init ] --END-- [ RunTime:0.000000s ]
INFO: [ app_begin ] --START--
INFO: Run Behavior\ReadHtmlCacheBehavior [ RunTime:0.001000s ]
INFO: [ app_begin ] --END-- [ RunTime:0.001000s ]
SQL: SHOW COLUMNS FROM `news` [ RunTime:0.0070s ]
SQL: SHOW COLUMNS FROM `news_category` [ RunTime:0.0100s ]
SQL: SELECT * FROM `news` WHERE ( id=1 ) LIMIT 1   [ RunTime:0.0010s ]
SQL: SELECT `id`,`pid`,`c_title` FROM `news_category` WHERE ( status=1 and pid=0 ) ORDER BY myorder  [ RunTime:0.0010s ]
SQL: SELECT `id`,`pid`,`c_title` FROM `news_category` WHERE ( pid=1 ) ORDER BY myorder  [ RunTime:0.0000s ]
NOTIC: [8] Undefined variable: k E:\www\fuzhuang\Application\Admin\Controller\NewsController.class.php 第 278 行.
SQL: SELECT `id`,`pid`,`c_title` FROM `news_category` WHERE ( pid=3 ) ORDER BY myorder  [ RunTime:0.0000s ]
NOTIC: [8] Undefined variable: k E:\www\fuzhuang\Application\Admin\Controller\NewsController.class.php 第 278 行.
INFO: [ view_parse ] --START--
INFO: [ template_filter ] --START--
INFO: Run Behavior\ContentReplaceBehavior [ RunTime:0.000000s ]
INFO: [ template_filter ] --END-- [ RunTime:0.000000s ]
NOTIC: [8] Undefined index: childY E:\www\fuzhuang\Application\Runtime\Cache\Admin\c6b563eb3db7e185c095986d75e59a9c.php 第 50 行.
NOTIC: [8] Undefined index: childY E:\www\fuzhuang\Application\Runtime\Cache\Admin\c6b563eb3db7e185c095986d75e59a9c.php 第 50 行.
NOTIC: [8] Undefined variable: pl E:\www\fuzhuang\Application\Runtime\Cache\Admin\c6b563eb3db7e185c095986d75e59a9c.php 第 79 行.
NOTIC: [8] Undefined variable: pl E:\www\fuzhuang\Application\Runtime\Cache\Admin\c6b563eb3db7e185c095986d75e59a9c.php 第 80 行.
INFO: Run Behavior\ParseTemplateBehavior [ RunTime:0.019001s ]
INFO: [ view_parse ] --END-- [ RunTime:0.020001s ]
INFO: [ view_filter ] --START--
INFO: Run Behavior\WriteHtmlCacheBehavior [ RunTime:0.001000s ]
INFO: [ view_filter ] --END-- [ RunTime:0.001000s ]
INFO: [ app_end ] --START--
INFO: Run Behavior\ShowPageTraceBehavior [ RunTime:0.001000s ]
INFO: [ app_end ] --END-- [ RunTime:0.001000s ]

[ 2015-01-25T00:11:12+08:00 ] ::1 /fuzhuang/index.php/Admin/News/index
INFO: [ app_init ] --START--
INFO: Run Behavior\BuildLiteBehavior [ RunTime:0.000000s ]
INFO: [ app_init ] --END-- [ RunTime:0.000000s ]
INFO: [ app_begin ] --START--
INFO: Run Behavior\ReadHtmlCacheBehavior [ RunTime:0.001000s ]
INFO: [ app_begin ] --END-- [ RunTime:0.001000s ]
SQL: SHOW COLUMNS FROM `news` [ RunTime:0.0050s ]
SQL: SHOW COLUMNS FROM `news_category` [ RunTime:0.0040s ]
NOTIC: [2] Invalid argument supplied for foreach() E:\www\fuzhuang\system\core\Library\Think\Db\Driver.class.php 第 488 行.
SQL: SELECT COUNT(*) AS tp_count FROM `news` LIMIT 1   [ RunTime:0.0000s ]
NOTIC: [2] Invalid argument supplied for foreach() E:\www\fuzhuang\system\core\Library\Think\Db\Driver.class.php 第 488 行.
SQL: SELECT `id`,`cpid`,`cid`,`news_title`,`big_img`,`small_img`,`release_time` FROM `news` ORDER BY release_time desc LIMIT 0,10   [ RunTime:0.0010s ]
SQL: SELECT `id`,`pid`,`c_title` FROM `news_category` WHERE ( id=3 ) LIMIT 1   [ RunTime:0.0000s ]
SQL: SELECT `id`,`pid`,`c_title` FROM `news_category` WHERE ( id=1 ) LIMIT 1   [ RunTime:0.0000s ]
SQL: SELECT `id`,`pid`,`c_title` FROM `news_category` WHERE ( status=1 and pid=0 ) ORDER BY myorder  [ RunTime:0.0000s ]
SQL: SELECT `id`,`pid`,`c_title` FROM `news_category` WHERE ( pid=1 ) ORDER BY myorder  [ RunTime:0.0000s ]
NOTIC: [8] Undefined variable: k E:\www\fuzhuang\Application\Admin\Controller\NewsController.class.php 第 64 行.
SQL: SELECT `id`,`pid`,`c_title` FROM `news_category` WHERE ( pid=3 ) ORDER BY myorder  [ RunTime:0.0000s ]
NOTIC: [8] Undefined variable: k E:\www\fuzhuang\Application\Admin\Controller\NewsController.class.php 第 64 行.
INFO: [ view_parse ] --START--
INFO: [ template_filter ] --START--
INFO: Run Behavior\ContentReplaceBehavior [ RunTime:0.000000s ]
INFO: [ template_filter ] --END-- [ RunTime:0.000000s ]
NOTIC: [8] Undefined variable: parentid E:\www\fuzhuang\Application\Runtime\Cache\Admin\36087655c6ab8580337cdc45b35a926d.php 第 39 行.
NOTIC: [8] Undefined index: childY E:\www\fuzhuang\Application\Runtime\Cache\Admin\36087655c6ab8580337cdc45b35a926d.php 第 39 行.
NOTIC: [8] Undefined variable: parentid E:\www\fuzhuang\Application\Runtime\Cache\Admin\36087655c6ab8580337cdc45b35a926d.php 第 39 行.
NOTIC: [8] Undefined index: childY E:\www\fuzhuang\Application\Runtime\Cache\Admin\36087655c6ab8580337cdc45b35a926d.php 第 39 行.
INFO: Run Behavior\ParseTemplateBehavior [ RunTime:0.011000s ]
INFO: [ view_parse ] --END-- [ RunTime:0.011000s ]
INFO: [ view_filter ] --START--
INFO: Run Behavior\WriteHtmlCacheBehavior [ RunTime:0.000000s ]
INFO: [ view_filter ] --END-- [ RunTime:0.001000s ]
INFO: [ app_end ] --START--
INFO: Run Behavior\ShowPageTraceBehavior [ RunTime:0.000000s ]
INFO: [ app_end ] --END-- [ RunTime:0.000000s ]

[ 2015-01-25T00:11:15+08:00 ] ::1 /fuzhuang/index.php/Admin/News/edit?id=1
INFO: [ app_init ] --START--
INFO: Run Behavior\BuildLiteBehavior [ RunTime:0.000000s ]
INFO: [ app_init ] --END-- [ RunTime:0.001000s ]
INFO: [ app_begin ] --START--
INFO: Run Behavior\ReadHtmlCacheBehavior [ RunTime:0.001000s ]
INFO: [ app_begin ] --END-- [ RunTime:0.002000s ]
SQL: SHOW COLUMNS FROM `news` [ RunTime:0.0050s ]
SQL: SHOW COLUMNS FROM `news_category` [ RunTime:0.0040s ]
SQL: SELECT * FROM `news` WHERE ( id=1 ) LIMIT 1   [ RunTime:0.0010s ]
SQL: SELECT `id`,`pid`,`c_title` FROM `news_category` WHERE ( status=1 and pid=0 ) ORDER BY myorder  [ RunTime:0.0000s ]
SQL: SELECT `id`,`pid`,`c_title` FROM `news_category` WHERE ( pid=1 ) ORDER BY myorder  [ RunTime:0.0000s ]
NOTIC: [8] Undefined variable: k E:\www\fuzhuang\Application\Admin\Controller\NewsController.class.php 第 278 行.
SQL: SELECT `id`,`pid`,`c_title` FROM `news_category` WHERE ( pid=3 ) ORDER BY myorder  [ RunTime:0.0010s ]
NOTIC: [8] Undefined variable: k E:\www\fuzhuang\Application\Admin\Controller\NewsController.class.php 第 278 行.
INFO: [ view_parse ] --START--
INFO: [ template_filter ] --START--
INFO: Run Behavior\ContentReplaceBehavior [ RunTime:0.000000s ]
INFO: [ template_filter ] --END-- [ RunTime:0.000000s ]
NOTIC: [8] Undefined index: childY E:\www\fuzhuang\Application\Runtime\Cache\Admin\c6b563eb3db7e185c095986d75e59a9c.php 第 50 行.
NOTIC: [8] Undefined index: childY E:\www\fuzhuang\Application\Runtime\Cache\Admin\c6b563eb3db7e185c095986d75e59a9c.php 第 50 行.
NOTIC: [8] Undefined variable: pl E:\www\fuzhuang\Application\Runtime\Cache\Admin\c6b563eb3db7e185c095986d75e59a9c.php 第 79 行.
NOTIC: [8] Undefined variable: pl E:\www\fuzhuang\Application\Runtime\Cache\Admin\c6b563eb3db7e185c095986d75e59a9c.php 第 80 行.
INFO: Run Behavior\ParseTemplateBehavior [ RunTime:0.009001s ]
INFO: [ view_parse ] --END-- [ RunTime:0.009001s ]
INFO: [ view_filter ] --START--
INFO: Run Behavior\WriteHtmlCacheBehavior [ RunTime:0.000000s ]
INFO: [ view_filter ] --END-- [ RunTime:0.001000s ]
INFO: [ app_end ] --START--
INFO: Run Behavior\ShowPageTraceBehavior [ RunTime:0.001000s ]
INFO: [ app_end ] --END-- [ RunTime:0.001000s ]

[ 2015-01-25T00:11:32+08:00 ] ::1 /fuzhuang/index.php/Admin/News/edit
INFO: [ app_init ] --START--
INFO: Run Behavior\BuildLiteBehavior [ RunTime:0.000000s ]
INFO: [ app_init ] --END-- [ RunTime:0.001001s ]
INFO: [ app_begin ] --START--
INFO: Run Behavior\ReadHtmlCacheBehavior [ RunTime:0.000000s ]
INFO: [ app_begin ] --END-- [ RunTime:0.000000s ]
SQL: SHOW COLUMNS FROM `news` [ RunTime:0.0050s ]
SQL: SHOW COLUMNS FROM `news_category` [ RunTime:0.0050s ]
SQL: SELECT `pid` FROM `news_category` WHERE ( id=1 ) LIMIT 1   [ RunTime:0.0000s ]
SQL: UPDATE `news` SET `cid`='1',`cpid`='0',`news_title`='反反复复',`news_desc`='烦烦烦',`news_content`='反反复复',`status`='1',`release_time`='1422115892',`meta_title`='方法',`meta_keywords`='本办法',`meta_description`='烦烦烦' WHERE ( id=1 ) [ RunTime:0.0000s ]

[ 2015-01-25T00:11:34+08:00 ] ::1 /fuzhuang/index.php/Admin/News/index
INFO: [ app_init ] --START--
INFO: Run Behavior\BuildLiteBehavior [ RunTime:0.000000s ]
INFO: [ app_init ] --END-- [ RunTime:0.001000s ]
INFO: [ app_begin ] --START--
INFO: Run Behavior\ReadHtmlCacheBehavior [ RunTime:0.001000s ]
INFO: [ app_begin ] --END-- [ RunTime:0.001000s ]
SQL: SHOW COLUMNS FROM `news` [ RunTime:0.0070s ]
SQL: SHOW COLUMNS FROM `news_category` [ RunTime:0.0060s ]
NOTIC: [2] Invalid argument supplied for foreach() E:\www\fuzhuang\system\core\Library\Think\Db\Driver.class.php 第 488 行.
SQL: SELECT COUNT(*) AS tp_count FROM `news` LIMIT 1   [ RunTime:0.0010s ]
NOTIC: [2] Invalid argument supplied for foreach() E:\www\fuzhuang\system\core\Library\Think\Db\Driver.class.php 第 488 行.
SQL: SELECT `id`,`cpid`,`cid`,`news_title`,`big_img`,`small_img`,`release_time` FROM `news` ORDER BY release_time desc LIMIT 0,10   [ RunTime:0.0010s ]
SQL: SELECT `id`,`pid`,`c_title` FROM `news_category` WHERE ( id=1 ) LIMIT 1   [ RunTime:0.0000s ]
SQL: SELECT `id`,`pid`,`c_title` FROM `news_category` WHERE ( id=3 ) LIMIT 1   [ RunTime:0.0000s ]
SQL: SELECT `id`,`pid`,`c_title` FROM `news_category` WHERE ( status=1 and pid=0 ) ORDER BY myorder  [ RunTime:0.0000s ]
SQL: SELECT `id`,`pid`,`c_title` FROM `news_category` WHERE ( pid=1 ) ORDER BY myorder  [ RunTime:0.0010s ]
NOTIC: [8] Undefined variable: k E:\www\fuzhuang\Application\Admin\Controller\NewsController.class.php 第 64 行.
SQL: SELECT `id`,`pid`,`c_title` FROM `news_category` WHERE ( pid=3 ) ORDER BY myorder  [ RunTime:0.0000s ]
NOTIC: [8] Undefined variable: k E:\www\fuzhuang\Application\Admin\Controller\NewsController.class.php 第 64 行.
INFO: [ view_parse ] --START--
INFO: [ template_filter ] --START--
INFO: Run Behavior\ContentReplaceBehavior [ RunTime:0.000000s ]
INFO: [ template_filter ] --END-- [ RunTime:0.001000s ]
NOTIC: [8] Undefined variable: parentid E:\www\fuzhuang\Application\Runtime\Cache\Admin\36087655c6ab8580337cdc45b35a926d.php 第 39 行.
NOTIC: [8] Undefined index: childY E:\www\fuzhuang\Application\Runtime\Cache\Admin\36087655c6ab8580337cdc45b35a926d.php 第 39 行.
NOTIC: [8] Undefined variable: parentid E:\www\fuzhuang\Application\Runtime\Cache\Admin\36087655c6ab8580337cdc45b35a926d.php 第 39 行.
NOTIC: [8] Undefined index: childY E:\www\fuzhuang\Application\Runtime\Cache\Admin\36087655c6ab8580337cdc45b35a926d.php 第 39 行.
INFO: Run Behavior\ParseTemplateBehavior [ RunTime:0.012000s ]
INFO: [ view_parse ] --END-- [ RunTime:0.012000s ]
INFO: [ view_filter ] --START--
INFO: Run Behavior\WriteHtmlCacheBehavior [ RunTime:0.000000s ]
INFO: [ view_filter ] --END-- [ RunTime:0.000000s ]
INFO: [ app_end ] --START--
INFO: Run Behavior\ShowPageTraceBehavior [ RunTime:0.001000s ]
INFO: [ app_end ] --END-- [ RunTime:0.001000s ]

[ 2015-01-25T00:11:39+08:00 ] ::1 /fuzhuang/index.php/Admin/News/edit?id=1
INFO: [ app_init ] --START--
INFO: Run Behavior\BuildLiteBehavior [ RunTime:0.000000s ]
INFO: [ app_init ] --END-- [ RunTime:0.000000s ]
INFO: [ app_begin ] --START--
INFO: Run Behavior\ReadHtmlCacheBehavior [ RunTime:0.001000s ]
INFO: [ app_begin ] --END-- [ RunTime:0.001000s ]
SQL: SHOW COLUMNS FROM `news` [ RunTime:0.0070s ]
SQL: SHOW COLUMNS FROM `news_category` [ RunTime:0.0070s ]
SQL: SELECT * FROM `news` WHERE ( id=1 ) LIMIT 1   [ RunTime:0.0000s ]
SQL: SELECT `id`,`pid`,`c_title` FROM `news_category` WHERE ( status=1 and pid=0 ) ORDER BY myorder  [ RunTime:0.0000s ]
SQL: SELECT `id`,`pid`,`c_title` FROM `news_category` WHERE ( pid=1 ) ORDER BY myorder  [ RunTime:0.0000s ]
NOTIC: [8] Undefined variable: k E:\www\fuzhuang\Application\Admin\Controller\NewsController.class.php 第 278 行.
SQL: SELECT `id`,`pid`,`c_title` FROM `news_category` WHERE ( pid=3 ) ORDER BY myorder  [ RunTime:0.0010s ]
NOTIC: [8] Undefined variable: k E:\www\fuzhuang\Application\Admin\Controller\NewsController.class.php 第 278 行.
INFO: [ view_parse ] --START--
INFO: [ template_filter ] --START--
INFO: Run Behavior\ContentReplaceBehavior [ RunTime:0.000000s ]
INFO: [ template_filter ] --END-- [ RunTime:0.000000s ]
NOTIC: [8] Undefined index: childY E:\www\fuzhuang\Application\Runtime\Cache\Admin\c6b563eb3db7e185c095986d75e59a9c.php 第 50 行.
NOTIC: [8] Undefined index: childY E:\www\fuzhuang\Application\Runtime\Cache\Admin\c6b563eb3db7e185c095986d75e59a9c.php 第 50 行.
NOTIC: [8] Undefined variable: pl E:\www\fuzhuang\Application\Runtime\Cache\Admin\c6b563eb3db7e185c095986d75e59a9c.php 第 79 行.
NOTIC: [8] Undefined variable: pl E:\www\fuzhuang\Application\Runtime\Cache\Admin\c6b563eb3db7e185c095986d75e59a9c.php 第 80 行.
INFO: Run Behavior\ParseTemplateBehavior [ RunTime:0.010000s ]
INFO: [ view_parse ] --END-- [ RunTime:0.011000s ]
INFO: [ view_filter ] --START--
INFO: Run Behavior\WriteHtmlCacheBehavior [ RunTime:0.000000s ]
INFO: [ view_filter ] --END-- [ RunTime:0.000000s ]
INFO: [ app_end ] --START--
INFO: Run Behavior\ShowPageTraceBehavior [ RunTime:0.000000s ]
INFO: [ app_end ] --END-- [ RunTime:0.000000s ]

[ 2015-01-25T00:12:13+08:00 ] ::1 /fuzhuang/index.php/Admin/News/index
INFO: [ app_init ] --START--
INFO: Run Behavior\BuildLiteBehavior [ RunTime:0.000000s ]
INFO: [ app_init ] --END-- [ RunTime:0.000000s ]
INFO: [ app_begin ] --START--
INFO: Run Behavior\ReadHtmlCacheBehavior [ RunTime:0.001000s ]
INFO: [ app_begin ] --END-- [ RunTime:0.001000s ]
SQL: SHOW COLUMNS FROM `news` [ RunTime:0.0080s ]
SQL: SHOW COLUMNS FROM `news_category` [ RunTime:0.0080s ]
NOTIC: [2] Invalid argument supplied for foreach() E:\www\fuzhuang\system\core\Library\Think\Db\Driver.class.php 第 488 行.
SQL: SELECT COUNT(*) AS tp_count FROM `news` LIMIT 1   [ RunTime:0.0000s ]
NOTIC: [2] Invalid argument supplied for foreach() E:\www\fuzhuang\system\core\Library\Think\Db\Driver.class.php 第 488 行.
SQL: SELECT `id`,`cpid`,`cid`,`news_title`,`big_img`,`small_img`,`release_time` FROM `news` ORDER BY release_time desc LIMIT 0,10   [ RunTime:0.0030s ]
SQL: SELECT `id`,`pid`,`c_title` FROM `news_category` WHERE ( id=1 ) LIMIT 1   [ RunTime:0.0010s ]
SQL: SELECT `id`,`pid`,`c_title` FROM `news_category` WHERE ( id=3 ) LIMIT 1   [ RunTime:0.0010s ]
SQL: SELECT `id`,`pid`,`c_title` FROM `news_category` WHERE ( status=1 and pid=0 ) ORDER BY myorder  [ RunTime:0.0000s ]
SQL: SELECT `id`,`pid`,`c_title` FROM `news_category` WHERE ( pid=1 ) ORDER BY myorder  [ RunTime:0.0000s ]
NOTIC: [8] Undefined variable: k E:\www\fuzhuang\Application\Admin\Controller\NewsController.class.php 第 64 行.
SQL: SELECT `id`,`pid`,`c_title` FROM `news_category` WHERE ( pid=3 ) ORDER BY myorder  [ RunTime:0.0000s ]
NOTIC: [8] Undefined variable: k E:\www\fuzhuang\Application\Admin\Controller\NewsController.class.php 第 64 行.
INFO: [ view_parse ] --START--
INFO: [ template_filter ] --START--
INFO: Run Behavior\ContentReplaceBehavior [ RunTime:0.001001s ]
INFO: [ template_filter ] --END-- [ RunTime:0.001001s ]
NOTIC: [8] Undefined variable: parentid E:\www\fuzhuang\Application\Runtime\Cache\Admin\36087655c6ab8580337cdc45b35a926d.php 第 39 行.
NOTIC: [8] Undefined index: childY E:\www\fuzhuang\Application\Runtime\Cache\Admin\36087655c6ab8580337cdc45b35a926d.php 第 39 行.
NOTIC: [8] Undefined variable: parentid E:\www\fuzhuang\Application\Runtime\Cache\Admin\36087655c6ab8580337cdc45b35a926d.php 第 39 行.
NOTIC: [8] Undefined index: childY E:\www\fuzhuang\Application\Runtime\Cache\Admin\36087655c6ab8580337cdc45b35a926d.php 第 39 行.
INFO: Run Behavior\ParseTemplateBehavior [ RunTime:0.019001s ]
INFO: [ view_parse ] --END-- [ RunTime:0.019001s ]
INFO: [ view_filter ] --START--
INFO: Run Behavior\WriteHtmlCacheBehavior [ RunTime:0.000000s ]
INFO: [ view_filter ] --END-- [ RunTime:0.000000s ]
INFO: [ app_end ] --START--
INFO: Run Behavior\ShowPageTraceBehavior [ RunTime:0.001000s ]
INFO: [ app_end ] --END-- [ RunTime:0.001000s ]

[ 2015-01-25T00:12:16+08:00 ] ::1 /fuzhuang/index.php/Admin/News/edit?id=1
INFO: [ app_init ] --START--
INFO: Run Behavior\BuildLiteBehavior [ RunTime:0.000000s ]
INFO: [ app_init ] --END-- [ RunTime:0.000000s ]
INFO: [ app_begin ] --START--
INFO: Run Behavior\ReadHtmlCacheBehavior [ RunTime:0.001000s ]
INFO: [ app_begin ] --END-- [ RunTime:0.001000s ]
SQL: SHOW COLUMNS FROM `news` [ RunTime:0.0070s ]
SQL: SHOW COLUMNS FROM `news_category` [ RunTime:0.0070s ]
SQL: SELECT * FROM `news` WHERE ( id=1 ) LIMIT 1   [ RunTime:0.0010s ]
SQL: SELECT `id`,`pid`,`c_title` FROM `news_category` WHERE ( status=1 and pid=0 ) ORDER BY myorder  [ RunTime:0.0000s ]
SQL: SELECT `id`,`pid`,`c_title` FROM `news_category` WHERE ( pid=1 ) ORDER BY myorder  [ RunTime:0.0010s ]
NOTIC: [8] Undefined variable: k E:\www\fuzhuang\Application\Admin\Controller\NewsController.class.php 第 278 行.
SQL: SELECT `id`,`pid`,`c_title` FROM `news_category` WHERE ( pid=3 ) ORDER BY myorder  [ RunTime:0.0010s ]
NOTIC: [8] Undefined variable: k E:\www\fuzhuang\Application\Admin\Controller\NewsController.class.php 第 278 行.
INFO: [ view_parse ] --START--
INFO: [ template_filter ] --START--
INFO: Run Behavior\ContentReplaceBehavior [ RunTime:0.000000s ]
INFO: [ template_filter ] --END-- [ RunTime:0.000000s ]
NOTIC: [8] Undefined index: childY E:\www\fuzhuang\Application\Runtime\Cache\Admin\c6b563eb3db7e185c095986d75e59a9c.php 第 50 行.
NOTIC: [8] Undefined index: childY E:\www\fuzhuang\Application\Runtime\Cache\Admin\c6b563eb3db7e185c095986d75e59a9c.php 第 50 行.
INFO: Run Behavior\ParseTemplateBehavior [ RunTime:0.016001s ]
INFO: [ view_parse ] --END-- [ RunTime:0.016001s ]
INFO: [ view_filter ] --START--
INFO: Run Behavior\WriteHtmlCacheBehavior [ RunTime:0.001000s ]
INFO: [ view_filter ] --END-- [ RunTime:0.001000s ]
INFO: [ app_end ] --START--
INFO: Run Behavior\ShowPageTraceBehavior [ RunTime:0.000000s ]
INFO: [ app_end ] --END-- [ RunTime:0.001000s ]

[ 2015-01-25T00:12:53+08:00 ] ::1 /fuzhuang/index.php/Admin/News/index
INFO: [ app_init ] --START--
INFO: Run Behavior\BuildLiteBehavior [ RunTime:0.000000s ]
INFO: [ app_init ] --END-- [ RunTime:0.001000s ]
INFO: [ app_begin ] --START--
INFO: Run Behavior\ReadHtmlCacheBehavior [ RunTime:0.001000s ]
INFO: [ app_begin ] --END-- [ RunTime:0.001000s ]
SQL: SHOW COLUMNS FROM `news` [ RunTime:0.0060s ]
SQL: SHOW COLUMNS FROM `news_category` [ RunTime:0.0070s ]
NOTIC: [2] Invalid argument supplied for foreach() E:\www\fuzhuang\system\core\Library\Think\Db\Driver.class.php 第 488 行.
SQL: SELECT COUNT(*) AS tp_count FROM `news` LIMIT 1   [ RunTime:0.0000s ]
NOTIC: [2] Invalid argument supplied for foreach() E:\www\fuzhuang\system\core\Library\Think\Db\Driver.class.php 第 488 行.
SQL: SELECT `id`,`cpid`,`cid`,`news_title`,`big_img`,`small_img`,`release_time` FROM `news` ORDER BY release_time desc LIMIT 0,10   [ RunTime:0.0000s ]
SQL: SELECT `id`,`pid`,`c_title` FROM `news_category` WHERE ( id=1 ) LIMIT 1   [ RunTime:0.0000s ]
SQL: SELECT `id`,`pid`,`c_title` FROM `news_category` WHERE ( id=3 ) LIMIT 1   [ RunTime:0.0010s ]
SQL: SELECT `id`,`pid`,`c_title` FROM `news_category` WHERE ( status=1 and pid=0 ) ORDER BY myorder  [ RunTime:0.0010s ]
SQL: SELECT `id`,`pid`,`c_title` FROM `news_category` WHERE ( pid=1 ) ORDER BY myorder  [ RunTime:0.0000s ]
NOTIC: [8] Undefined variable: k E:\www\fuzhuang\Application\Admin\Controller\NewsController.class.php 第 64 行.
SQL: SELECT `id`,`pid`,`c_title` FROM `news_category` WHERE ( pid=3 ) ORDER BY myorder  [ RunTime:0.0000s ]
NOTIC: [8] Undefined variable: k E:\www\fuzhuang\Application\Admin\Controller\NewsController.class.php 第 64 行.
INFO: [ view_parse ] --START--
INFO: [ template_filter ] --START--
INFO: Run Behavior\ContentReplaceBehavior [ RunTime:0.000000s ]
INFO: [ template_filter ] --END-- [ RunTime:0.000000s ]
NOTIC: [8] Undefined variable: parentid E:\www\fuzhuang\Application\Runtime\Cache\Admin\36087655c6ab8580337cdc45b35a926d.php 第 39 行.
NOTIC: [8] Undefined index: childY E:\www\fuzhuang\Application\Runtime\Cache\Admin\36087655c6ab8580337cdc45b35a926d.php 第 39 行.
NOTIC: [8] Undefined variable: parentid E:\www\fuzhuang\Application\Runtime\Cache\Admin\36087655c6ab8580337cdc45b35a926d.php 第 39 行.
NOTIC: [8] Undefined index: childY E:\www\fuzhuang\Application\Runtime\Cache\Admin\36087655c6ab8580337cdc45b35a926d.php 第 39 行.
INFO: Run Behavior\ParseTemplateBehavior [ RunTime:0.015000s ]
INFO: [ view_parse ] --END-- [ RunTime:0.015000s ]
INFO: [ view_filter ] --START--
INFO: Run Behavior\WriteHtmlCacheBehavior [ RunTime:0.000000s ]
INFO: [ view_filter ] --END-- [ RunTime:0.001001s ]
INFO: [ app_end ] --START--
INFO: Run Behavior\ShowPageTraceBehavior [ RunTime:0.001000s ]
INFO: [ app_end ] --END-- [ RunTime:0.001000s ]

[ 2015-01-25T00:12:55+08:00 ] ::1 /fuzhuang/index.php/Admin/News/add
INFO: [ app_init ] --START--
INFO: Run Behavior\BuildLiteBehavior [ RunTime:0.000000s ]
INFO: [ app_init ] --END-- [ RunTime:0.001000s ]
INFO: [ app_begin ] --START--
INFO: Run Behavior\ReadHtmlCacheBehavior [ RunTime:0.000000s ]
INFO: [ app_begin ] --END-- [ RunTime:0.000000s ]
SQL: SHOW COLUMNS FROM `news` [ RunTime:0.0080s ]
SQL: SHOW COLUMNS FROM `news_category` [ RunTime:0.0080s ]
SQL: SELECT `id`,`pid`,`c_title` FROM `news_category` WHERE ( status=1 and pid=0 ) ORDER BY myorder  [ RunTime:0.0010s ]
SQL: SELECT `id`,`pid`,`c_title` FROM `news_category` WHERE ( pid=1 ) ORDER BY myorder  [ RunTime:0.0010s ]
NOTIC: [8] Undefined variable: k E:\www\fuzhuang\Application\Admin\Controller\NewsController.class.php 第 163 行.
SQL: SELECT `id`,`pid`,`c_title` FROM `news_category` WHERE ( pid=3 ) ORDER BY myorder  [ RunTime:0.0010s ]
NOTIC: [8] Undefined variable: k E:\www\fuzhuang\Application\Admin\Controller\NewsController.class.php 第 163 行.
INFO: [ view_parse ] --START--
INFO: [ template_filter ] --START--
INFO: Run Behavior\ContentReplaceBehavior [ RunTime:0.000000s ]
INFO: [ template_filter ] --END-- [ RunTime:0.000000s ]
NOTIC: [8] Undefined index: childY E:\www\fuzhuang\Application\Runtime\Cache\Admin\2dfc02e2d7eeff6052237f403f7435fe.php 第 49 行.
NOTIC: [8] Undefined index: childY E:\www\fuzhuang\Application\Runtime\Cache\Admin\2dfc02e2d7eeff6052237f403f7435fe.php 第 49 行.
INFO: Run Behavior\ParseTemplateBehavior [ RunTime:0.009001s ]
INFO: [ view_parse ] --END-- [ RunTime:0.009001s ]
INFO: [ view_filter ] --START--
INFO: Run Behavior\WriteHtmlCacheBehavior [ RunTime:0.000000s ]
INFO: [ view_filter ] --END-- [ RunTime:0.000000s ]
INFO: [ app_end ] --START--
INFO: Run Behavior\ShowPageTraceBehavior [ RunTime:0.001000s ]
INFO: [ app_end ] --END-- [ RunTime:0.001000s ]

[ 2015-01-25T00:12:58+08:00 ] ::1 /fuzhuang/index.php/Admin/News/index
INFO: [ app_init ] --START--
INFO: Run Behavior\BuildLiteBehavior [ RunTime:0.000000s ]
INFO: [ app_init ] --END-- [ RunTime:0.000000s ]
INFO: [ app_begin ] --START--
INFO: Run Behavior\ReadHtmlCacheBehavior [ RunTime:0.001000s ]
INFO: [ app_begin ] --END-- [ RunTime:0.001000s ]
SQL: SHOW COLUMNS FROM `news` [ RunTime:0.0060s ]
SQL: SHOW COLUMNS FROM `news_category` [ RunTime:0.0060s ]
NOTIC: [2] Invalid argument supplied for foreach() E:\www\fuzhuang\system\core\Library\Think\Db\Driver.class.php 第 488 行.
SQL: SELECT COUNT(*) AS tp_count FROM `news` LIMIT 1   [ RunTime:0.0000s ]
NOTIC: [2] Invalid argument supplied for foreach() E:\www\fuzhuang\system\core\Library\Think\Db\Driver.class.php 第 488 行.
SQL: SELECT `id`,`cpid`,`cid`,`news_title`,`big_img`,`small_img`,`release_time` FROM `news` ORDER BY release_time desc LIMIT 0,10   [ RunTime:0.0010s ]
SQL: SELECT `id`,`pid`,`c_title` FROM `news_category` WHERE ( id=1 ) LIMIT 1   [ RunTime:0.0010s ]
SQL: SELECT `id`,`pid`,`c_title` FROM `news_category` WHERE ( id=3 ) LIMIT 1   [ RunTime:0.0000s ]
SQL: SELECT `id`,`pid`,`c_title` FROM `news_category` WHERE ( status=1 and pid=0 ) ORDER BY myorder  [ RunTime:0.0000s ]
SQL: SELECT `id`,`pid`,`c_title` FROM `news_category` WHERE ( pid=1 ) ORDER BY myorder  [ RunTime:0.0000s ]
NOTIC: [8] Undefined variable: k E:\www\fuzhuang\Application\Admin\Controller\NewsController.class.php 第 64 行.
SQL: SELECT `id`,`pid`,`c_title` FROM `news_category` WHERE ( pid=3 ) ORDER BY myorder  [ RunTime:0.0000s ]
NOTIC: [8] Undefined variable: k E:\www\fuzhuang\Application\Admin\Controller\NewsController.class.php 第 64 行.
INFO: [ view_parse ] --START--
INFO: [ template_filter ] --START--
INFO: Run Behavior\ContentReplaceBehavior [ RunTime:0.000000s ]
INFO: [ template_filter ] --END-- [ RunTime:0.000000s ]
NOTIC: [8] Undefined variable: parentid E:\www\fuzhuang\Application\Runtime\Cache\Admin\36087655c6ab8580337cdc45b35a926d.php 第 39 行.
NOTIC: [8] Undefined index: childY E:\www\fuzhuang\Application\Runtime\Cache\Admin\36087655c6ab8580337cdc45b35a926d.php 第 39 行.
NOTIC: [8] Undefined variable: parentid E:\www\fuzhuang\Application\Runtime\Cache\Admin\36087655c6ab8580337cdc45b35a926d.php 第 39 行.
NOTIC: [8] Undefined index: childY E:\www\fuzhuang\Application\Runtime\Cache\Admin\36087655c6ab8580337cdc45b35a926d.php 第 39 行.
INFO: Run Behavior\ParseTemplateBehavior [ RunTime:0.013001s ]
INFO: [ view_parse ] --END-- [ RunTime:0.013001s ]
INFO: [ view_filter ] --START--
INFO: Run Behavior\WriteHtmlCacheBehavior [ RunTime:0.001000s ]
INFO: [ view_filter ] --END-- [ RunTime:0.001000s ]
INFO: [ app_end ] --START--
INFO: Run Behavior\ShowPageTraceBehavior [ RunTime:0.000000s ]
INFO: [ app_end ] --END-- [ RunTime:0.000000s ]

[ 2015-01-25T00:13:00+08:00 ] ::1 /fuzhuang/index.php/Admin/News/edit?id=2
INFO: [ app_init ] --START--
INFO: Run Behavior\BuildLiteBehavior [ RunTime:0.000000s ]
INFO: [ app_init ] --END-- [ RunTime:0.001000s ]
INFO: [ app_begin ] --START--
INFO: Run Behavior\ReadHtmlCacheBehavior [ RunTime:0.001000s ]
INFO: [ app_begin ] --END-- [ RunTime:0.002000s ]
SQL: SHOW COLUMNS FROM `news` [ RunTime:0.0070s ]
SQL: SHOW COLUMNS FROM `news_category` [ RunTime:0.0070s ]
SQL: SELECT * FROM `news` WHERE ( id=2 ) LIMIT 1   [ RunTime:0.0010s ]
SQL: SELECT `id`,`pid`,`c_title` FROM `news_category` WHERE ( status=1 and pid=0 ) ORDER BY myorder  [ RunTime:0.0010s ]
SQL: SELECT `id`,`pid`,`c_title` FROM `news_category` WHERE ( pid=1 ) ORDER BY myorder  [ RunTime:0.0010s ]
NOTIC: [8] Undefined variable: k E:\www\fuzhuang\Application\Admin\Controller\NewsController.class.php 第 278 行.
SQL: SELECT `id`,`pid`,`c_title` FROM `news_category` WHERE ( pid=3 ) ORDER BY myorder  [ RunTime:0.0000s ]
NOTIC: [8] Undefined variable: k E:\www\fuzhuang\Application\Admin\Controller\NewsController.class.php 第 278 行.
INFO: [ view_parse ] --START--
INFO: [ template_filter ] --START--
INFO: Run Behavior\ContentReplaceBehavior [ RunTime:0.000000s ]
INFO: [ template_filter ] --END-- [ RunTime:0.000000s ]
NOTIC: [8] Undefined index: childY E:\www\fuzhuang\Application\Runtime\Cache\Admin\c6b563eb3db7e185c095986d75e59a9c.php 第 50 行.
NOTIC: [8] Undefined index: childY E:\www\fuzhuang\Application\Runtime\Cache\Admin\c6b563eb3db7e185c095986d75e59a9c.php 第 50 行.
INFO: Run Behavior\ParseTemplateBehavior [ RunTime:0.012001s ]
INFO: [ view_parse ] --END-- [ RunTime:0.012001s ]
INFO: [ view_filter ] --START--
INFO: Run Behavior\WriteHtmlCacheBehavior [ RunTime:0.000000s ]
INFO: [ view_filter ] --END-- [ RunTime:0.000000s ]
INFO: [ app_end ] --START--
INFO: Run Behavior\ShowPageTraceBehavior [ RunTime:0.000000s ]
INFO: [ app_end ] --END-- [ RunTime:0.001000s ]

[ 2015-01-25T00:13:11+08:00 ] ::1 /fuzhuang/index.php/Admin/News/edit
INFO: [ app_init ] --START--
INFO: Run Behavior\BuildLiteBehavior [ RunTime:0.000000s ]
INFO: [ app_init ] --END-- [ RunTime:0.000000s ]
INFO: [ app_begin ] --START--
INFO: Run Behavior\ReadHtmlCacheBehavior [ RunTime:0.001000s ]
INFO: [ app_begin ] --END-- [ RunTime:0.001000s ]
SQL: SHOW COLUMNS FROM `news` [ RunTime:0.0060s ]
SQL: SHOW COLUMNS FROM `news_category` [ RunTime:0.0050s ]
SQL: SELECT `pid` FROM `news_category` WHERE ( id=3 ) LIMIT 1   [ RunTime:0.0000s ]
NOTIC: [2] call_user_func() expects parameter 1 to be a valid callback, no array or string given E:\www\fuzhuang\system\core\Library\Think\Upload.class.php 第 170 行.
SQL: UPDATE `news` SET `cid`='3',`cpid`='0',`news_title`='地对地导弹',`news_desc`='顶顶顶顶',`news_content`='地对地导弹',`status`='1',`release_time`='1422115991',`meta_title`='顶顶顶顶顶顶顶顶顶',`meta_keywords`='反反复复反反复复反反复复',`meta_description`='反反复复反反复复反反复复反反复复',`big_img`='/fuzhuang/public/uploads/news_img/2015-01-25/54c3c49763f3e.png',`small_img`='/fuzhuang/public/uploads/news_img/thumb_img/2015-01-25/54c3c49763f3e.png' WHERE ( id=2 ) [ RunTime:0.0010s ]

[ 2015-01-25T00:13:14+08:00 ] ::1 /fuzhuang/index.php/Admin/News/index
INFO: [ app_init ] --START--
INFO: Run Behavior\BuildLiteBehavior [ RunTime:0.000000s ]
INFO: [ app_init ] --END-- [ RunTime:0.001000s ]
INFO: [ app_begin ] --START--
INFO: Run Behavior\ReadHtmlCacheBehavior [ RunTime:0.001000s ]
INFO: [ app_begin ] --END-- [ RunTime:0.001000s ]
SQL: SHOW COLUMNS FROM `news` [ RunTime:0.0070s ]
SQL: SHOW COLUMNS FROM `news_category` [ RunTime:0.0070s ]
NOTIC: [2] Invalid argument supplied for foreach() E:\www\fuzhuang\system\core\Library\Think\Db\Driver.class.php 第 488 行.
SQL: SELECT COUNT(*) AS tp_count FROM `news` LIMIT 1   [ RunTime:0.0010s ]
NOTIC: [2] Invalid argument supplied for foreach() E:\www\fuzhuang\system\core\Library\Think\Db\Driver.class.php 第 488 行.
SQL: SELECT `id`,`cpid`,`cid`,`news_title`,`big_img`,`small_img`,`release_time` FROM `news` ORDER BY release_time desc LIMIT 0,10   [ RunTime:0.0000s ]
SQL: SELECT `id`,`pid`,`c_title` FROM `news_category` WHERE ( id=3 ) LIMIT 1   [ RunTime:0.0000s ]
SQL: SELECT `id`,`pid`,`c_title` FROM `news_category` WHERE ( id=1 ) LIMIT 1   [ RunTime:0.0010s ]
SQL: SELECT `id`,`pid`,`c_title` FROM `news_category` WHERE ( status=1 and pid=0 ) ORDER BY myorder  [ RunTime:0.0010s ]
SQL: SELECT `id`,`pid`,`c_title` FROM `news_category` WHERE ( pid=1 ) ORDER BY myorder  [ RunTime:0.0000s ]
NOTIC: [8] Undefined variable: k E:\www\fuzhuang\Application\Admin\Controller\NewsController.class.php 第 64 行.
SQL: SELECT `id`,`pid`,`c_title` FROM `news_category` WHERE ( pid=3 ) ORDER BY myorder  [ RunTime:0.0000s ]
NOTIC: [8] Undefined variable: k E:\www\fuzhuang\Application\Admin\Controller\NewsController.class.php 第 64 行.
INFO: [ view_parse ] --START--
INFO: [ template_filter ] --START--
INFO: Run Behavior\ContentReplaceBehavior [ RunTime:0.000000s ]
INFO: [ template_filter ] --END-- [ RunTime:0.000000s ]
NOTIC: [8] Undefined variable: parentid E:\www\fuzhuang\Application\Runtime\Cache\Admin\36087655c6ab8580337cdc45b35a926d.php 第 39 行.
NOTIC: [8] Undefined index: childY E:\www\fuzhuang\Application\Runtime\Cache\Admin\36087655c6ab8580337cdc45b35a926d.php 第 39 行.
NOTIC: [8] Undefined variable: parentid E:\www\fuzhuang\Application\Runtime\Cache\Admin\36087655c6ab8580337cdc45b35a926d.php 第 39 行.
NOTIC: [8] Undefined index: childY E:\www\fuzhuang\Application\Runtime\Cache\Admin\36087655c6ab8580337cdc45b35a926d.php 第 39 行.
INFO: Run Behavior\ParseTemplateBehavior [ RunTime:0.018001s ]
INFO: [ view_parse ] --END-- [ RunTime:0.019001s ]
INFO: [ view_filter ] --START--
INFO: Run Behavior\WriteHtmlCacheBehavior [ RunTime:0.001000s ]
INFO: [ view_filter ] --END-- [ RunTime:0.001000s ]
INFO: [ app_end ] --START--
INFO: Run Behavior\ShowPageTraceBehavior [ RunTime:0.001000s ]
INFO: [ app_end ] --END-- [ RunTime:0.001000s ]

[ 2015-01-25T00:13:24+08:00 ] ::1 /fuzhuang/index.php/Admin/News/index
INFO: [ app_init ] --START--
INFO: Run Behavior\BuildLiteBehavior [ RunTime:0.000000s ]
INFO: [ app_init ] --END-- [ RunTime:0.001000s ]
INFO: [ app_begin ] --START--
INFO: Run Behavior\ReadHtmlCacheBehavior [ RunTime:0.001000s ]
INFO: [ app_begin ] --END-- [ RunTime:0.001000s ]
SQL: SHOW COLUMNS FROM `news` [ RunTime:0.0080s ]
SQL: SHOW COLUMNS FROM `news_category` [ RunTime:0.0050s ]
NOTIC: [2] Invalid argument supplied for foreach() E:\www\fuzhuang\system\core\Library\Think\Db\Driver.class.php 第 488 行.
SQL: SELECT COUNT(*) AS tp_count FROM `news` LIMIT 1   [ RunTime:0.0000s ]
NOTIC: [2] Invalid argument supplied for foreach() E:\www\fuzhuang\system\core\Library\Think\Db\Driver.class.php 第 488 行.
SQL: SELECT `id`,`cpid`,`cid`,`news_title`,`big_img`,`small_img`,`release_time` FROM `news` ORDER BY release_time desc LIMIT 0,10   [ RunTime:0.0000s ]
SQL: SELECT `id`,`pid`,`c_title` FROM `news_category` WHERE ( id=3 ) LIMIT 1   [ RunTime:0.0000s ]
SQL: SELECT `id`,`pid`,`c_title` FROM `news_category` WHERE ( id=1 ) LIMIT 1   [ RunTime:0.0000s ]
SQL: SELECT `id`,`pid`,`c_title` FROM `news_category` WHERE ( status=1 and pid=0 ) ORDER BY myorder  [ RunTime:0.0000s ]
SQL: SELECT `id`,`pid`,`c_title` FROM `news_category` WHERE ( pid=1 ) ORDER BY myorder  [ RunTime:0.0000s ]
NOTIC: [8] Undefined variable: k E:\www\fuzhuang\Application\Admin\Controller\NewsController.class.php 第 64 行.
SQL: SELECT `id`,`pid`,`c_title` FROM `news_category` WHERE ( pid=3 ) ORDER BY myorder  [ RunTime:0.0000s ]
NOTIC: [8] Undefined variable: k E:\www\fuzhuang\Application\Admin\Controller\NewsController.class.php 第 64 行.
INFO: [ view_parse ] --START--
INFO: [ template_filter ] --START--
INFO: Run Behavior\ContentReplaceBehavior [ RunTime:0.000000s ]
INFO: [ template_filter ] --END-- [ RunTime:0.000000s ]
NOTIC: [8] Undefined variable: parentid E:\www\fuzhuang\Application\Runtime\Cache\Admin\36087655c6ab8580337cdc45b35a926d.php 第 39 行.
NOTIC: [8] Undefined index: childY E:\www\fuzhuang\Application\Runtime\Cache\Admin\36087655c6ab8580337cdc45b35a926d.php 第 39 行.
NOTIC: [8] Undefined variable: parentid E:\www\fuzhuang\Application\Runtime\Cache\Admin\36087655c6ab8580337cdc45b35a926d.php 第 39 行.
NOTIC: [8] Undefined index: childY E:\www\fuzhuang\Application\Runtime\Cache\Admin\36087655c6ab8580337cdc45b35a926d.php 第 39 行.
INFO: Run Behavior\ParseTemplateBehavior [ RunTime:0.012000s ]
INFO: [ view_parse ] --END-- [ RunTime:0.012000s ]
INFO: [ view_filter ] --START--
INFO: Run Behavior\WriteHtmlCacheBehavior [ RunTime:0.000000s ]
INFO: [ view_filter ] --END-- [ RunTime:0.000000s ]
INFO: [ app_end ] --START--
INFO: Run Behavior\ShowPageTraceBehavior [ RunTime:0.001000s ]
INFO: [ app_end ] --END-- [ RunTime:0.001000s ]

[ 2015-01-25T00:13:26+08:00 ] ::1 /fuzhuang/index.php/Admin/NewsCategory/index
INFO: [ app_init ] --START--
INFO: Run Behavior\BuildLiteBehavior [ RunTime:0.000000s ]
INFO: [ app_init ] --END-- [ RunTime:0.000000s ]
INFO: [ app_begin ] --START--
INFO: Run Behavior\ReadHtmlCacheBehavior [ RunTime:0.001000s ]
INFO: [ app_begin ] --END-- [ RunTime:0.001000s ]
SQL: SHOW COLUMNS FROM `news_category` [ RunTime:0.0050s ]
SQL: SELECT COUNT(*) AS tp_count FROM `news_category` WHERE ( pid=0 ) LIMIT 1   [ RunTime:0.0700s ]
SQL: SELECT `id`,`pid`,`c_title`,`small_img`,`myorder`,`status` FROM `news_category` WHERE ( pid=0 ) ORDER BY myorder LIMIT 0,10   [ RunTime:0.0010s ]
SQL: SELECT `id`,`pid`,`c_title`,`small_img`,`myorder`,`status` FROM `news_category` WHERE ( pid=1 ) ORDER BY myorder  [ RunTime:0.0000s ]
SQL: SELECT `id`,`pid`,`c_title`,`small_img`,`myorder`,`status` FROM `news_category` WHERE ( pid=3 ) ORDER BY myorder  [ RunTime:0.0000s ]
INFO: [ view_parse ] --START--
INFO: [ template_filter ] --START--
INFO: Run Behavior\ContentReplaceBehavior [ RunTime:0.000000s ]
INFO: [ template_filter ] --END-- [ RunTime:0.000000s ]
INFO: Run Behavior\ParseTemplateBehavior [ RunTime:0.022002s ]
INFO: [ view_parse ] --END-- [ RunTime:0.023002s ]
INFO: [ view_filter ] --START--
INFO: Run Behavior\WriteHtmlCacheBehavior [ RunTime:0.001000s ]
INFO: [ view_filter ] --END-- [ RunTime:0.001000s ]
INFO: [ app_end ] --START--
INFO: Run Behavior\ShowPageTraceBehavior [ RunTime:0.001000s ]
INFO: [ app_end ] --END-- [ RunTime:0.001000s ]

[ 2015-01-25T00:13:27+08:00 ] ::1 /fuzhuang/index.php/Admin/News/index
INFO: [ app_init ] --START--
INFO: Run Behavior\BuildLiteBehavior [ RunTime:0.000000s ]
INFO: [ app_init ] --END-- [ RunTime:0.000000s ]
INFO: [ app_begin ] --START--
INFO: Run Behavior\ReadHtmlCacheBehavior [ RunTime:0.001000s ]
INFO: [ app_begin ] --END-- [ RunTime:0.001000s ]
SQL: SHOW COLUMNS FROM `news` [ RunTime:0.0060s ]
SQL: SHOW COLUMNS FROM `news_category` [ RunTime:0.0070s ]
NOTIC: [2] Invalid argument supplied for foreach() E:\www\fuzhuang\system\core\Library\Think\Db\Driver.class.php 第 488 行.
SQL: SELECT COUNT(*) AS tp_count FROM `news` LIMIT 1   [ RunTime:0.0010s ]
NOTIC: [2] Invalid argument supplied for foreach() E:\www\fuzhuang\system\core\Library\Think\Db\Driver.class.php 第 488 行.
SQL: SELECT `id`,`cpid`,`cid`,`news_title`,`big_img`,`small_img`,`release_time` FROM `news` ORDER BY release_time desc LIMIT 0,10   [ RunTime:0.0010s ]
SQL: SELECT `id`,`pid`,`c_title` FROM `news_category` WHERE ( id=3 ) LIMIT 1   [ RunTime:0.0010s ]
SQL: SELECT `id`,`pid`,`c_title` FROM `news_category` WHERE ( id=1 ) LIMIT 1   [ RunTime:0.0000s ]
SQL: SELECT `id`,`pid`,`c_title` FROM `news_category` WHERE ( status=1 and pid=0 ) ORDER BY myorder  [ RunTime:0.0010s ]
SQL: SELECT `id`,`pid`,`c_title` FROM `news_category` WHERE ( pid=1 ) ORDER BY myorder  [ RunTime:0.0010s ]
NOTIC: [8] Undefined variable: k E:\www\fuzhuang\Application\Admin\Controller\NewsController.class.php 第 64 行.
SQL: SELECT `id`,`pid`,`c_title` FROM `news_category` WHERE ( pid=3 ) ORDER BY myorder  [ RunTime:0.0000s ]
NOTIC: [8] Undefined variable: k E:\www\fuzhuang\Application\Admin\Controller\NewsController.class.php 第 64 行.
INFO: [ view_parse ] --START--
INFO: [ template_filter ] --START--
INFO: Run Behavior\ContentReplaceBehavior [ RunTime:0.000000s ]
INFO: [ template_filter ] --END-- [ RunTime:0.000000s ]
NOTIC: [8] Undefined variable: parentid E:\www\fuzhuang\Application\Runtime\Cache\Admin\36087655c6ab8580337cdc45b35a926d.php 第 39 行.
NOTIC: [8] Undefined index: childY E:\www\fuzhuang\Application\Runtime\Cache\Admin\36087655c6ab8580337cdc45b35a926d.php 第 39 行.
NOTIC: [8] Undefined variable: parentid E:\www\fuzhuang\Application\Runtime\Cache\Admin\36087655c6ab8580337cdc45b35a926d.php 第 39 行.
NOTIC: [8] Undefined index: childY E:\www\fuzhuang\Application\Runtime\Cache\Admin\36087655c6ab8580337cdc45b35a926d.php 第 39 行.
INFO: Run Behavior\ParseTemplateBehavior [ RunTime:0.011001s ]
INFO: [ view_parse ] --END-- [ RunTime:0.011001s ]
INFO: [ view_filter ] --START--
INFO: Run Behavior\WriteHtmlCacheBehavior [ RunTime:0.000000s ]
INFO: [ view_filter ] --END-- [ RunTime:0.000000s ]
INFO: [ app_end ] --START--
INFO: Run Behavior\ShowPageTraceBehavior [ RunTime:0.001000s ]
INFO: [ app_end ] --END-- [ RunTime:0.001000s ]

[ 2015-01-25T00:13:59+08:00 ] ::1 /fuzhuang/index.php/Admin/News/delete?id=2
INFO: [ app_init ] --START--
INFO: Run Behavior\BuildLiteBehavior [ RunTime:0.000000s ]
INFO: [ app_init ] --END-- [ RunTime:0.001000s ]
INFO: [ app_begin ] --START--
INFO: Run Behavior\ReadHtmlCacheBehavior [ RunTime:0.001000s ]
INFO: [ app_begin ] --END-- [ RunTime:0.001000s ]
SQL: SHOW COLUMNS FROM `news` [ RunTime:0.0070s ]
SQL: SHOW COLUMNS FROM `news_category` [ RunTime:0.0070s ]
SQL: DELETE FROM `news` WHERE ( id=2 ) [ RunTime:0.0210s ]
INFO: [ app_end ] --START--
INFO: Run Behavior\ShowPageTraceBehavior [ RunTime:0.002000s ]
INFO: [ app_end ] --END-- [ RunTime:0.002000s ]

[ 2015-01-25T00:14:01+08:00 ] ::1 /fuzhuang/index.php/Admin/News/index
INFO: [ app_init ] --START--
INFO: Run Behavior\BuildLiteBehavior [ RunTime:0.000000s ]
INFO: [ app_init ] --END-- [ RunTime:0.001000s ]
INFO: [ app_begin ] --START--
INFO: Run Behavior\ReadHtmlCacheBehavior [ RunTime:0.001000s ]
INFO: [ app_begin ] --END-- [ RunTime:0.002000s ]
SQL: SHOW COLUMNS FROM `news` [ RunTime:0.0080s ]
SQL: SHOW COLUMNS FROM `news_category` [ RunTime:0.0080s ]
NOTIC: [2] Invalid argument supplied for foreach() E:\www\fuzhuang\system\core\Library\Think\Db\Driver.class.php 第 488 行.
SQL: SELECT COUNT(*) AS tp_count FROM `news` LIMIT 1   [ RunTime:0.0000s ]
NOTIC: [2] Invalid argument supplied for foreach() E:\www\fuzhuang\system\core\Library\Think\Db\Driver.class.php 第 488 行.
SQL: SELECT `id`,`cpid`,`cid`,`news_title`,`big_img`,`small_img`,`release_time` FROM `news` ORDER BY release_time desc LIMIT 0,10   [ RunTime:0.0000s ]
SQL: SELECT `id`,`pid`,`c_title` FROM `news_category` WHERE ( id=1 ) LIMIT 1   [ RunTime:0.0000s ]
SQL: SELECT `id`,`pid`,`c_title` FROM `news_category` WHERE ( status=1 and pid=0 ) ORDER BY myorder  [ RunTime:0.0010s ]
SQL: SELECT `id`,`pid`,`c_title` FROM `news_category` WHERE ( pid=1 ) ORDER BY myorder  [ RunTime:0.0000s ]
NOTIC: [8] Undefined variable: k E:\www\fuzhuang\Application\Admin\Controller\NewsController.class.php 第 64 行.
SQL: SELECT `id`,`pid`,`c_title` FROM `news_category` WHERE ( pid=3 ) ORDER BY myorder  [ RunTime:0.0000s ]
NOTIC: [8] Undefined variable: k E:\www\fuzhuang\Application\Admin\Controller\NewsController.class.php 第 64 行.
INFO: [ view_parse ] --START--
INFO: [ template_filter ] --START--
INFO: Run Behavior\ContentReplaceBehavior [ RunTime:0.000000s ]
INFO: [ template_filter ] --END-- [ RunTime:0.000000s ]
NOTIC: [8] Undefined variable: parentid E:\www\fuzhuang\Application\Runtime\Cache\Admin\36087655c6ab8580337cdc45b35a926d.php 第 39 行.
NOTIC: [8] Undefined index: childY E:\www\fuzhuang\Application\Runtime\Cache\Admin\36087655c6ab8580337cdc45b35a926d.php 第 39 行.
NOTIC: [8] Undefined variable: parentid E:\www\fuzhuang\Application\Runtime\Cache\Admin\36087655c6ab8580337cdc45b35a926d.php 第 39 行.
NOTIC: [8] Undefined index: childY E:\www\fuzhuang\Application\Runtime\Cache\Admin\36087655c6ab8580337cdc45b35a926d.php 第 39 行.
INFO: Run Behavior\ParseTemplateBehavior [ RunTime:0.013000s ]
INFO: [ view_parse ] --END-- [ RunTime:0.013000s ]
INFO: [ view_filter ] --START--
INFO: Run Behavior\WriteHtmlCacheBehavior [ RunTime:0.001001s ]
INFO: [ view_filter ] --END-- [ RunTime:0.001001s ]
INFO: [ app_end ] --START--
INFO: Run Behavior\ShowPageTraceBehavior [ RunTime:0.001000s ]
INFO: [ app_end ] --END-- [ RunTime:0.001000s ]

[ 2015-01-25T00:15:24+08:00 ] ::1 /fuzhuang/index.php/Admin/Node/index
INFO: [ app_init ] --START--
INFO: Run Behavior\BuildLiteBehavior [ RunTime:0.000000s ]
INFO: [ app_init ] --END-- [ RunTime:0.000000s ]
INFO: [ app_begin ] --START--
INFO: Run Behavior\ReadHtmlCacheBehavior [ RunTime:0.001001s ]
INFO: [ app_begin ] --END-- [ RunTime:0.001001s ]
SQL: SHOW COLUMNS FROM `nav_page` [ RunTime:0.0740s ]
SQL: SELECT COUNT(*) AS tp_count FROM `nav_page` WHERE ( pid=0 ) LIMIT 1   [ RunTime:0.0070s ]
SQL: SELECT `id`,`pid`,`nav_title`,`nav_photo`,`thumb_photo`,`nav_order`,`nav_status` FROM `nav_page` WHERE ( pid=0 ) ORDER BY nav_order LIMIT 0,10   [ RunTime:0.0000s ]
SQL: SELECT `id`,`pid`,`nav_title`,`nav_photo`,`thumb_photo`,`nav_order`,`nav_status` FROM `nav_page` WHERE ( pid=1 ) ORDER BY nav_order  [ RunTime:0.0000s ]
SQL: SELECT `id`,`pid`,`nav_title`,`nav_photo`,`thumb_photo`,`nav_order`,`nav_status` FROM `nav_page` WHERE ( pid=2 ) ORDER BY nav_order  [ RunTime:0.0010s ]
SQL: SELECT `id`,`pid`,`nav_title`,`nav_photo`,`thumb_photo`,`nav_order`,`nav_status` FROM `nav_page` WHERE ( pid=6 ) ORDER BY nav_order  [ RunTime:0.0000s ]
SQL: SELECT `id`,`pid`,`nav_title`,`nav_photo`,`thumb_photo`,`nav_order`,`nav_status` FROM `nav_page` WHERE ( pid=10 ) ORDER BY nav_order  [ RunTime:0.0010s ]
SQL: SELECT `id`,`pid`,`nav_title`,`nav_photo`,`thumb_photo`,`nav_order`,`nav_status` FROM `nav_page` WHERE ( pid=11 ) ORDER BY nav_order  [ RunTime:0.0000s ]
SQL: SELECT `id`,`pid`,`nav_title`,`nav_photo`,`thumb_photo`,`nav_order`,`nav_status` FROM `nav_page` WHERE ( pid=12 ) ORDER BY nav_order  [ RunTime:0.0010s ]
SQL: SELECT `id`,`pid`,`nav_title`,`nav_photo`,`thumb_photo`,`nav_order`,`nav_status` FROM `nav_page` WHERE ( pid=13 ) ORDER BY nav_order  [ RunTime:0.0000s ]
SQL: SELECT `id`,`pid`,`nav_title`,`nav_photo`,`thumb_photo`,`nav_order`,`nav_status` FROM `nav_page` WHERE ( pid=16 ) ORDER BY nav_order  [ RunTime:0.0010s ]
INFO: [ view_parse ] --START--
INFO: [ template_filter ] --START--
INFO: Run Behavior\ContentReplaceBehavior [ RunTime:0.000000s ]
INFO: [ template_filter ] --END-- [ RunTime:0.000000s ]
INFO: Run Behavior\ParseTemplateBehavior [ RunTime:0.022001s ]
INFO: [ view_parse ] --END-- [ RunTime:0.022001s ]
INFO: [ view_filter ] --START--
INFO: Run Behavior\WriteHtmlCacheBehavior [ RunTime:0.000000s ]
INFO: [ view_filter ] --END-- [ RunTime:0.000000s ]
INFO: [ app_end ] --START--
INFO: Run Behavior\ShowPageTraceBehavior [ RunTime:0.001000s ]
INFO: [ app_end ] --END-- [ RunTime:0.001000s ]

[ 2015-01-25T17:06:15+08:00 ] ::1 /fuzhuang/index.php/admin
INFO: [ app_init ] --START--
INFO: Run Behavior\BuildLiteBehavior [ RunTime:0.000000s ]
INFO: [ app_init ] --END-- [ RunTime:0.074004s ]
INFO: [ app_begin ] --START--
INFO: Run Behavior\ReadHtmlCacheBehavior [ RunTime:0.015001s ]
INFO: [ app_begin ] --END-- [ RunTime:0.015001s ]
INFO: [ view_parse ] --START--
INFO: [ template_filter ] --START--
INFO: Run Behavior\ContentReplaceBehavior [ RunTime:0.000000s ]
INFO: [ template_filter ] --END-- [ RunTime:0.000000s ]
INFO: Run Behavior\ParseTemplateBehavior [ RunTime:0.169009s ]
INFO: [ view_parse ] --END-- [ RunTime:0.169009s ]
INFO: [ view_filter ] --START--
INFO: Run Behavior\WriteHtmlCacheBehavior [ RunTime:0.018001s ]
INFO: [ view_filter ] --END-- [ RunTime:0.019001s ]
INFO: [ app_end ] --START--
INFO: Run Behavior\ShowPageTraceBehavior [ RunTime:0.009001s ]
INFO: [ app_end ] --END-- [ RunTime:0.009001s ]

[ 2015-01-25T17:06:16+08:00 ] ::1 /fuzhuang/index.php/Admin/Public/verify
INFO: [ app_init ] --START--
INFO: Run Behavior\BuildLiteBehavior [ RunTime:0.000000s ]
INFO: [ app_init ] --END-- [ RunTime:0.001000s ]
INFO: [ app_begin ] --START--
INFO: Run Behavior\ReadHtmlCacheBehavior [ RunTime:0.001000s ]
INFO: [ app_begin ] --END-- [ RunTime:0.001000s ]
INFO: [ app_end ] --START--
INFO: Run Behavior\ShowPageTraceBehavior [ RunTime:0.002000s ]
INFO: [ app_end ] --END-- [ RunTime:0.002000s ]

[ 2015-01-25T18:22:05+08:00 ] ::1 /fuzhuang/index.php/admin
INFO: [ app_init ] --START--
INFO: Run Behavior\BuildLiteBehavior [ RunTime:0.001000s ]
INFO: [ app_init ] --END-- [ RunTime:0.001000s ]
INFO: [ app_begin ] --START--
INFO: Run Behavior\ReadHtmlCacheBehavior [ RunTime:0.001000s ]
INFO: [ app_begin ] --END-- [ RunTime:0.002000s ]
INFO: [ view_parse ] --START--
INFO: [ template_filter ] --START--
INFO: Run Behavior\ContentReplaceBehavior [ RunTime:0.000000s ]
INFO: [ template_filter ] --END-- [ RunTime:0.000000s ]
INFO: Run Behavior\ParseTemplateBehavior [ RunTime:0.026001s ]
INFO: [ view_parse ] --END-- [ RunTime:0.026001s ]
INFO: [ view_filter ] --START--
INFO: Run Behavior\WriteHtmlCacheBehavior [ RunTime:0.001000s ]
INFO: [ view_filter ] --END-- [ RunTime:0.001000s ]
INFO: [ app_end ] --START--
INFO: Run Behavior\ShowPageTraceBehavior [ RunTime:0.000000s ]
INFO: [ app_end ] --END-- [ RunTime:0.000000s ]

[ 2015-01-25T18:22:06+08:00 ] ::1 /fuzhuang/index.php/Admin/Public/verify
INFO: [ app_init ] --START--
INFO: Run Behavior\BuildLiteBehavior [ RunTime:0.000000s ]
INFO: [ app_init ] --END-- [ RunTime:0.001000s ]
INFO: [ app_begin ] --START--
INFO: Run Behavior\ReadHtmlCacheBehavior [ RunTime:0.001000s ]
INFO: [ app_begin ] --END-- [ RunTime:0.001000s ]
INFO: [ app_end ] --START--
INFO: Run Behavior\ShowPageTraceBehavior [ RunTime:0.001000s ]
INFO: [ app_end ] --END-- [ RunTime:0.001000s ]

[ 2015-01-25T18:22:13+08:00 ] ::1 /fuzhuang/index.php/Admin/Index/login
INFO: [ app_init ] --START--
INFO: Run Behavior\BuildLiteBehavior [ RunTime:0.000000s ]
INFO: [ app_init ] --END-- [ RunTime:0.001000s ]
INFO: [ app_begin ] --START--
INFO: Run Behavior\ReadHtmlCacheBehavior [ RunTime:0.000000s ]
INFO: [ app_begin ] --END-- [ RunTime:0.000000s ]
SQL: SHOW COLUMNS FROM `user_admin` [ RunTime:0.6130s ]
SQL: SELECT `password` FROM `user_admin` WHERE ( username='admin' ) LIMIT 1   [ RunTime:0.0060s ]
INFO: [ view_parse ] --START--
INFO: [ template_filter ] --START--
INFO: Run Behavior\ContentReplaceBehavior [ RunTime:0.000000s ]
INFO: [ template_filter ] --END-- [ RunTime:0.000000s ]
NOTIC: [8] Use of undefined constant logout - assumed 'logout' E:\www\fuzhuang\Application\Runtime\Cache\Admin\b595b808c2ebeeeb0478ffc30bb4e87a.php 第 16 行.
INFO: Run Behavior\ParseTemplateBehavior [ RunTime:0.084004s ]
INFO: [ view_parse ] --END-- [ RunTime:0.085005s ]
INFO: [ view_filter ] --START--
INFO: Run Behavior\WriteHtmlCacheBehavior [ RunTime:0.000000s ]
INFO: [ view_filter ] --END-- [ RunTime:0.000000s ]
INFO: [ app_end ] --START--
INFO: Run Behavior\ShowPageTraceBehavior [ RunTime:0.001000s ]
INFO: [ app_end ] --END-- [ RunTime:0.001000s ]

[ 2015-01-25T18:22:13+08:00 ] ::1 /fuzhuang/index.php/Admin/Index/login
INFO: [ app_init ] --START--
INFO: Run Behavior\BuildLiteBehavior [ RunTime:0.000000s ]
INFO: [ app_init ] --END-- [ RunTime:0.001000s ]
INFO: [ app_begin ] --START--
INFO: Run Behavior\ReadHtmlCacheBehavior [ RunTime:0.001000s ]
INFO: [ app_begin ] --END-- [ RunTime:0.001000s ]
INFO: [ view_parse ] --START--
INFO: Run Behavior\ParseTemplateBehavior [ RunTime:0.037002s ]
INFO: [ view_parse ] --END-- [ RunTime:0.037002s ]
INFO: [ view_filter ] --START--
INFO: Run Behavior\WriteHtmlCacheBehavior [ RunTime:0.001000s ]
INFO: [ view_filter ] --END-- [ RunTime:0.001000s ]

[ 2015-01-25T18:22:13+08:00 ] ::1 /fuzhuang/index.php/Admin/Index/login
INFO: [ app_init ] --START--
INFO: Run Behavior\BuildLiteBehavior [ RunTime:0.000000s ]
INFO: [ app_init ] --END-- [ RunTime:0.000000s ]
INFO: [ app_begin ] --START--
INFO: Run Behavior\ReadHtmlCacheBehavior [ RunTime:0.001000s ]
INFO: [ app_begin ] --END-- [ RunTime:0.001000s ]
INFO: [ view_parse ] --START--
INFO: Run Behavior\ParseTemplateBehavior [ RunTime:0.001000s ]
INFO: [ view_parse ] --END-- [ RunTime:0.001000s ]
INFO: [ view_filter ] --START--
INFO: Run Behavior\WriteHtmlCacheBehavior [ RunTime:0.000000s ]
INFO: [ view_filter ] --END-- [ RunTime:0.000000s ]

[ 2015-01-25T18:22:14+08:00 ] ::1 /fuzhuang/index.php/Admin/Index/login
INFO: [ app_init ] --START--
INFO: Run Behavior\BuildLiteBehavior [ RunTime:0.000000s ]
INFO: [ app_init ] --END-- [ RunTime:0.001000s ]
INFO: [ app_begin ] --START--
INFO: Run Behavior\ReadHtmlCacheBehavior [ RunTime:0.001000s ]
INFO: [ app_begin ] --END-- [ RunTime:0.001000s ]
SQL: SHOW COLUMNS FROM `user_admin` [ RunTime:0.0050s ]
SQL: SELECT `password` FROM `user_admin` WHERE ( username='admin' ) LIMIT 1   [ RunTime:0.0000s ]
INFO: [ view_parse ] --START--
INFO: [ template_filter ] --START--
INFO: Run Behavior\ContentReplaceBehavior [ RunTime:0.000000s ]
INFO: [ template_filter ] --END-- [ RunTime:0.000000s ]
NOTIC: [8] Use of undefined constant logout - assumed 'logout' E:\www\fuzhuang\Application\Runtime\Cache\Admin\b595b808c2ebeeeb0478ffc30bb4e87a.php 第 16 行.
INFO: Run Behavior\ParseTemplateBehavior [ RunTime:0.009000s ]
INFO: [ view_parse ] --END-- [ RunTime:0.009000s ]
INFO: [ view_filter ] --START--
INFO: Run Behavior\WriteHtmlCacheBehavior [ RunTime:0.001000s ]
INFO: [ view_filter ] --END-- [ RunTime:0.001000s ]
INFO: [ app_end ] --START--
INFO: Run Behavior\ShowPageTraceBehavior [ RunTime:0.001000s ]
INFO: [ app_end ] --END-- [ RunTime:0.001000s ]

[ 2015-01-25T18:22:15+08:00 ] ::1 /fuzhuang/index.php/Admin/System/index
INFO: [ app_init ] --START--
INFO: Run Behavior\BuildLiteBehavior [ RunTime:0.000000s ]
INFO: [ app_init ] --END-- [ RunTime:0.001000s ]
INFO: [ app_begin ] --START--
INFO: Run Behavior\ReadHtmlCacheBehavior [ RunTime:0.001000s ]
INFO: [ app_begin ] --END-- [ RunTime:0.001000s ]
INFO: [ view_parse ] --START--
INFO: [ template_filter ] --START--
INFO: Run Behavior\ContentReplaceBehavior [ RunTime:0.000000s ]
INFO: [ template_filter ] --END-- [ RunTime:0.000000s ]
INFO: Run Behavior\ParseTemplateBehavior [ RunTime:0.022001s ]
INFO: [ view_parse ] --END-- [ RunTime:0.022001s ]
INFO: [ view_filter ] --START--
INFO: Run Behavior\WriteHtmlCacheBehavior [ RunTime:0.000000s ]
INFO: [ view_filter ] --END-- [ RunTime:0.001000s ]
INFO: [ app_end ] --START--
INFO: Run Behavior\ShowPageTraceBehavior [ RunTime:0.001000s ]
INFO: [ app_end ] --END-- [ RunTime:0.001000s ]

[ 2015-01-25T18:22:18+08:00 ] ::1 /fuzhuang/index.php/Admin/User/index
INFO: [ app_init ] --START--
INFO: Run Behavior\BuildLiteBehavior [ RunTime:0.000000s ]
INFO: [ app_init ] --END-- [ RunTime:0.000000s ]
INFO: [ app_begin ] --START--
INFO: Run Behavior\ReadHtmlCacheBehavior [ RunTime:0.001000s ]
INFO: [ app_begin ] --END-- [ RunTime:0.001000s ]
SQL: SHOW COLUMNS FROM `user_admin` [ RunTime:0.0060s ]
NOTIC: [2] Invalid argument supplied for foreach() E:\www\fuzhuang\system\core\Library\Think\Db\Driver.class.php 第 488 行.
SQL: SELECT COUNT(*) AS tp_count FROM `user_admin` LIMIT 1   [ RunTime:0.1300s ]
NOTIC: [2] Invalid argument supplied for foreach() E:\www\fuzhuang\system\core\Library\Think\Db\Driver.class.php 第 488 行.
SQL: SELECT `id`,`username`,`real_name`,`tel`,`mobile_phone`,`userIp`,`user_status`,`add_time` FROM `user_admin` ORDER BY id asc LIMIT 0,10   [ RunTime:0.0000s ]
INFO: [ view_parse ] --START--
INFO: [ template_filter ] --START--
INFO: Run Behavior\ContentReplaceBehavior [ RunTime:0.000000s ]
INFO: [ template_filter ] --END-- [ RunTime:0.000000s ]
INFO: Run Behavior\ParseTemplateBehavior [ RunTime:0.165010s ]
INFO: [ view_parse ] --END-- [ RunTime:0.165010s ]
INFO: [ view_filter ] --START--
INFO: Run Behavior\WriteHtmlCacheBehavior [ RunTime:0.001000s ]
INFO: [ view_filter ] --END-- [ RunTime:0.001000s ]
INFO: [ app_end ] --START--
INFO: Run Behavior\ShowPageTraceBehavior [ RunTime:0.000000s ]
INFO: [ app_end ] --END-- [ RunTime:0.000000s ]

[ 2015-01-25T18:22:21+08:00 ] ::1 /fuzhuang/index.php/Admin/Node/index
INFO: [ app_init ] --START--
INFO: Run Behavior\BuildLiteBehavior [ RunTime:0.000000s ]
INFO: [ app_init ] --END-- [ RunTime:0.001000s ]
INFO: [ app_begin ] --START--
INFO: Run Behavior\ReadHtmlCacheBehavior [ RunTime:0.001000s ]
INFO: [ app_begin ] --END-- [ RunTime:0.001000s ]
SQL: SHOW COLUMNS FROM `nav_page` [ RunTime:0.1240s ]
SQL: SELECT COUNT(*) AS tp_count FROM `nav_page` WHERE ( pid=0 ) LIMIT 1   [ RunTime:0.0250s ]
SQL: SELECT `id`,`pid`,`nav_title`,`nav_photo`,`thumb_photo`,`nav_order`,`nav_status` FROM `nav_page` WHERE ( pid=0 ) ORDER BY nav_order LIMIT 0,10   [ RunTime:0.0010s ]
SQL: SELECT `id`,`pid`,`nav_title`,`nav_photo`,`thumb_photo`,`nav_order`,`nav_status` FROM `nav_page` WHERE ( pid=1 ) ORDER BY nav_order  [ RunTime:0.0000s ]
SQL: SELECT `id`,`pid`,`nav_title`,`nav_photo`,`thumb_photo`,`nav_order`,`nav_status` FROM `nav_page` WHERE ( pid=2 ) ORDER BY nav_order  [ RunTime:0.0000s ]
SQL: SELECT `id`,`pid`,`nav_title`,`nav_photo`,`thumb_photo`,`nav_order`,`nav_status` FROM `nav_page` WHERE ( pid=6 ) ORDER BY nav_order  [ RunTime:0.0010s ]
SQL: SELECT `id`,`pid`,`nav_title`,`nav_photo`,`thumb_photo`,`nav_order`,`nav_status` FROM `nav_page` WHERE ( pid=10 ) ORDER BY nav_order  [ RunTime:0.0010s ]
SQL: SELECT `id`,`pid`,`nav_title`,`nav_photo`,`thumb_photo`,`nav_order`,`nav_status` FROM `nav_page` WHERE ( pid=11 ) ORDER BY nav_order  [ RunTime:0.0010s ]
SQL: SELECT `id`,`pid`,`nav_title`,`nav_photo`,`thumb_photo`,`nav_order`,`nav_status` FROM `nav_page` WHERE ( pid=12 ) ORDER BY nav_order  [ RunTime:0.0010s ]
SQL: SELECT `id`,`pid`,`nav_title`,`nav_photo`,`thumb_photo`,`nav_order`,`nav_status` FROM `nav_page` WHERE ( pid=13 ) ORDER BY nav_order  [ RunTime:0.0010s ]
SQL: SELECT `id`,`pid`,`nav_title`,`nav_photo`,`thumb_photo`,`nav_order`,`nav_status` FROM `nav_page` WHERE ( pid=16 ) ORDER BY nav_order  [ RunTime:0.0000s ]
INFO: [ view_parse ] --START--
INFO: [ template_filter ] --START--
INFO: Run Behavior\ContentReplaceBehavior [ RunTime:0.000000s ]
INFO: [ template_filter ] --END-- [ RunTime:0.000000s ]
INFO: Run Behavior\ParseTemplateBehavior [ RunTime:0.021001s ]
INFO: [ view_parse ] --END-- [ RunTime:0.021001s ]
INFO: [ view_filter ] --START--
INFO: Run Behavior\WriteHtmlCacheBehavior [ RunTime:0.001000s ]
INFO: [ view_filter ] --END-- [ RunTime:0.001000s ]
INFO: [ app_end ] --START--
INFO: Run Behavior\ShowPageTraceBehavior [ RunTime:0.000000s ]
INFO: [ app_end ] --END-- [ RunTime:0.000000s ]

[ 2015-01-25T18:23:35+08:00 ] ::1 /fuzhuang/index.php/Admin/Node/add
INFO: [ app_init ] --START--
INFO: Run Behavior\BuildLiteBehavior [ RunTime:0.000000s ]
INFO: [ app_init ] --END-- [ RunTime:0.001000s ]
INFO: [ app_begin ] --START--
INFO: Run Behavior\ReadHtmlCacheBehavior [ RunTime:0.001000s ]
INFO: [ app_begin ] --END-- [ RunTime:0.001000s ]
SQL: SHOW COLUMNS FROM `nav_page` [ RunTime:0.0060s ]
SQL: SELECT `id`,`nav_title` FROM `nav_page` WHERE ( nav_status=1 AND pid=0 ) ORDER BY nav_order  [ RunTime:0.0150s ]
INFO: [ view_parse ] --START--
INFO: [ template_filter ] --START--
INFO: Run Behavior\ContentReplaceBehavior [ RunTime:0.001000s ]
INFO: [ template_filter ] --END-- [ RunTime:0.001000s ]
INFO: Run Behavior\ParseTemplateBehavior [ RunTime:0.041002s ]
INFO: [ view_parse ] --END-- [ RunTime:0.041002s ]
INFO: [ view_filter ] --START--
INFO: Run Behavior\WriteHtmlCacheBehavior [ RunTime:0.000000s ]
INFO: [ view_filter ] --END-- [ RunTime:0.000000s ]
INFO: [ app_end ] --START--
INFO: Run Behavior\ShowPageTraceBehavior [ RunTime:0.001000s ]
INFO: [ app_end ] --END-- [ RunTime:0.001000s ]

[ 2015-01-25T18:24:11+08:00 ] ::1 /fuzhuang/index.php/Admin/Node/add
INFO: [ app_init ] --START--
INFO: Run Behavior\BuildLiteBehavior [ RunTime:0.000000s ]
INFO: [ app_init ] --END-- [ RunTime:0.001000s ]
INFO: [ app_begin ] --START--
INFO: Run Behavior\ReadHtmlCacheBehavior [ RunTime:0.001000s ]
INFO: [ app_begin ] --END-- [ RunTime:0.001000s ]
SQL: SHOW COLUMNS FROM `nav_page` [ RunTime:0.0050s ]
SQL: INSERT INTO `nav_page` (`pid`,`nav_title`,`nav_desc`,`nav_photo`,`thumb_photo`,`nav_order`,`nav_status`,`add_time`,`meta_title`,`meta_keywords`,`meta_description`) VALUES ('0','联系我们','联系我们','','','9','1','1422181451','联系我们','联系我们','联系我们') [ RunTime:0.2310s ]
SQL: SHOW COLUMNS FROM `page_content` [ RunTime:0.0770s ]
SQL: INSERT INTO `page_content` (`nav_id`,`content`) VALUES ('19','联系我们') [ RunTime:0.0110s ]
SQL: SELECT `id`,`nav_title` FROM `nav_page` WHERE ( nav_status=1 AND pid=0 ) ORDER BY nav_order  [ RunTime:0.0010s ]
INFO: [ view_parse ] --START--
INFO: [ template_filter ] --START--
INFO: Run Behavior\ContentReplaceBehavior [ RunTime:0.000000s ]
INFO: [ template_filter ] --END-- [ RunTime:0.000000s ]
INFO: Run Behavior\ParseTemplateBehavior [ RunTime:0.013001s ]
INFO: [ view_parse ] --END-- [ RunTime:0.013001s ]
INFO: [ view_filter ] --START--
INFO: Run Behavior\WriteHtmlCacheBehavior [ RunTime:0.000000s ]
INFO: [ view_filter ] --END-- [ RunTime:0.001000s ]
INFO: [ app_end ] --START--
INFO: Run Behavior\ShowPageTraceBehavior [ RunTime:0.001000s ]
INFO: [ app_end ] --END-- [ RunTime:0.001000s ]

[ 2015-01-25T18:24:14+08:00 ] ::1 /fuzhuang/index.php/Admin/Node/index
INFO: [ app_init ] --START--
INFO: Run Behavior\BuildLiteBehavior [ RunTime:0.000000s ]
INFO: [ app_init ] --END-- [ RunTime:0.001000s ]
INFO: [ app_begin ] --START--
INFO: Run Behavior\ReadHtmlCacheBehavior [ RunTime:0.002000s ]
INFO: [ app_begin ] --END-- [ RunTime:0.002000s ]
SQL: SHOW COLUMNS FROM `nav_page` [ RunTime:0.0040s ]
SQL: SELECT COUNT(*) AS tp_count FROM `nav_page` WHERE ( pid=0 ) LIMIT 1   [ RunTime:0.0000s ]
SQL: SELECT `id`,`pid`,`nav_title`,`nav_photo`,`thumb_photo`,`nav_order`,`nav_status` FROM `nav_page` WHERE ( pid=0 ) ORDER BY nav_order LIMIT 0,10   [ RunTime:0.0010s ]
SQL: SELECT `id`,`pid`,`nav_title`,`nav_photo`,`thumb_photo`,`nav_order`,`nav_status` FROM `nav_page` WHERE ( pid=1 ) ORDER BY nav_order  [ RunTime:0.0000s ]
SQL: SELECT `id`,`pid`,`nav_title`,`nav_photo`,`thumb_photo`,`nav_order`,`nav_status` FROM `nav_page` WHERE ( pid=2 ) ORDER BY nav_order  [ RunTime:0.0010s ]
SQL: SELECT `id`,`pid`,`nav_title`,`nav_photo`,`thumb_photo`,`nav_order`,`nav_status` FROM `nav_page` WHERE ( pid=6 ) ORDER BY nav_order  [ RunTime:0.0000s ]
SQL: SELECT `id`,`pid`,`nav_title`,`nav_photo`,`thumb_photo`,`nav_order`,`nav_status` FROM `nav_page` WHERE ( pid=10 ) ORDER BY nav_order  [ RunTime:0.0000s ]
SQL: SELECT `id`,`pid`,`nav_title`,`nav_photo`,`thumb_photo`,`nav_order`,`nav_status` FROM `nav_page` WHERE ( pid=11 ) ORDER BY nav_order  [ RunTime:0.0000s ]
SQL: SELECT `id`,`pid`,`nav_title`,`nav_photo`,`thumb_photo`,`nav_order`,`nav_status` FROM `nav_page` WHERE ( pid=12 ) ORDER BY nav_order  [ RunTime:0.0010s ]
SQL: SELECT `id`,`pid`,`nav_title`,`nav_photo`,`thumb_photo`,`nav_order`,`nav_status` FROM `nav_page` WHERE ( pid=13 ) ORDER BY nav_order  [ RunTime:0.0000s ]
SQL: SELECT `id`,`pid`,`nav_title`,`nav_photo`,`thumb_photo`,`nav_order`,`nav_status` FROM `nav_page` WHERE ( pid=16 ) ORDER BY nav_order  [ RunTime:0.0000s ]
SQL: SELECT `id`,`pid`,`nav_title`,`nav_photo`,`thumb_photo`,`nav_order`,`nav_status` FROM `nav_page` WHERE ( pid=19 ) ORDER BY nav_order  [ RunTime:0.0010s ]
INFO: [ view_parse ] --START--
INFO: [ template_filter ] --START--
INFO: Run Behavior\ContentReplaceBehavior [ RunTime:0.000000s ]
INFO: [ template_filter ] --END-- [ RunTime:0.000000s ]
INFO: Run Behavior\ParseTemplateBehavior [ RunTime:0.011000s ]
INFO: [ view_parse ] --END-- [ RunTime:0.011000s ]
INFO: [ view_filter ] --START--
INFO: Run Behavior\WriteHtmlCacheBehavior [ RunTime:0.001000s ]
INFO: [ view_filter ] --END-- [ RunTime:0.001000s ]
INFO: [ app_end ] --START--
INFO: Run Behavior\ShowPageTraceBehavior [ RunTime:0.001000s ]
INFO: [ app_end ] --END-- [ RunTime:0.001000s ]

[ 2015-01-25T19:42:09+08:00 ] ::1 /fuzhuang/index.php/admin
INFO: [ app_init ] --START--
INFO: Run Behavior\BuildLiteBehavior [ RunTime:0.000000s ]
INFO: [ app_init ] --END-- [ RunTime:0.018001s ]
INFO: [ app_begin ] --START--
INFO: Run Behavior\ReadHtmlCacheBehavior [ RunTime:0.003001s ]
INFO: [ app_begin ] --END-- [ RunTime:0.003001s ]
INFO: [ view_parse ] --START--
INFO: [ template_filter ] --START--
INFO: Run Behavior\ContentReplaceBehavior [ RunTime:0.000000s ]
INFO: [ template_filter ] --END-- [ RunTime:0.001000s ]
INFO: Run Behavior\ParseTemplateBehavior [ RunTime:0.034002s ]
INFO: [ view_parse ] --END-- [ RunTime:0.034002s ]
INFO: [ view_filter ] --START--
INFO: Run Behavior\WriteHtmlCacheBehavior [ RunTime:0.001000s ]
INFO: [ view_filter ] --END-- [ RunTime:0.001000s ]
INFO: [ app_end ] --START--
INFO: Run Behavior\ShowPageTraceBehavior [ RunTime:0.002000s ]
INFO: [ app_end ] --END-- [ RunTime:0.002000s ]

[ 2015-01-25T19:42:11+08:00 ] ::1 /fuzhuang/index.php/Admin/Public/verify
INFO: [ app_init ] --START--
INFO: Run Behavior\BuildLiteBehavior [ RunTime:0.000000s ]
INFO: [ app_init ] --END-- [ RunTime:0.001000s ]
INFO: [ app_begin ] --START--
INFO: Run Behavior\ReadHtmlCacheBehavior [ RunTime:0.003000s ]
INFO: [ app_begin ] --END-- [ RunTime:0.003000s ]
INFO: [ app_end ] --START--
INFO: Run Behavior\ShowPageTraceBehavior [ RunTime:0.002000s ]
INFO: [ app_end ] --END-- [ RunTime:0.002000s ]

[ 2015-01-25T23:49:31+08:00 ] ::1 /fuzhuang/index.php/Admin/Index/login
INFO: [ app_init ] --START--
INFO: Run Behavior\BuildLiteBehavior [ RunTime:0.000000s ]
INFO: [ app_init ] --END-- [ RunTime:0.001000s ]
INFO: [ app_begin ] --START--
INFO: Run Behavior\ReadHtmlCacheBehavior [ RunTime:0.002000s ]
INFO: [ app_begin ] --END-- [ RunTime:0.002000s ]
SQL: SHOW COLUMNS FROM `user_admin` [ RunTime:0.1020s ]
SQL: SELECT `password` FROM `user_admin` WHERE ( username='admin' ) LIMIT 1   [ RunTime:0.0010s ]
INFO: [ view_parse ] --START--
INFO: [ template_filter ] --START--
INFO: Run Behavior\ContentReplaceBehavior [ RunTime:0.000000s ]
INFO: [ template_filter ] --END-- [ RunTime:0.000000s ]
NOTIC: [8] Use of undefined constant logout - assumed 'logout' E:\www\fuzhuang\Application\Runtime\Cache\Admin\b595b808c2ebeeeb0478ffc30bb4e87a.php 第 16 行.
INFO: Run Behavior\ParseTemplateBehavior [ RunTime:0.083005s ]
INFO: [ view_parse ] --END-- [ RunTime:0.083005s ]
INFO: [ view_filter ] --START--
INFO: Run Behavior\WriteHtmlCacheBehavior [ RunTime:0.000000s ]
INFO: [ view_filter ] --END-- [ RunTime:0.000000s ]
INFO: [ app_end ] --START--
INFO: Run Behavior\ShowPageTraceBehavior [ RunTime:0.001000s ]
INFO: [ app_end ] --END-- [ RunTime:0.001000s ]

[ 2015-01-25T23:49:32+08:00 ] ::1 /fuzhuang/index.php/Admin/System/index
INFO: [ app_init ] --START--
INFO: Run Behavior\BuildLiteBehavior [ RunTime:0.000000s ]
INFO: [ app_init ] --END-- [ RunTime:0.001000s ]
INFO: [ app_begin ] --START--
INFO: Run Behavior\ReadHtmlCacheBehavior [ RunTime:0.001000s ]
INFO: [ app_begin ] --END-- [ RunTime:0.002000s ]
INFO: [ view_parse ] --START--
INFO: [ template_filter ] --START--
INFO: Run Behavior\ContentReplaceBehavior [ RunTime:0.000000s ]
INFO: [ template_filter ] --END-- [ RunTime:0.000000s ]
INFO: Run Behavior\ParseTemplateBehavior [ RunTime:0.033002s ]
INFO: [ view_parse ] --END-- [ RunTime:0.033002s ]
INFO: [ view_filter ] --START--
INFO: Run Behavior\WriteHtmlCacheBehavior [ RunTime:0.000000s ]
INFO: [ view_filter ] --END-- [ RunTime:0.001000s ]
INFO: [ app_end ] --START--
INFO: Run Behavior\ShowPageTraceBehavior [ RunTime:0.001000s ]
INFO: [ app_end ] --END-- [ RunTime:0.001000s ]

[ 2015-01-25T23:49:35+08:00 ] ::1 /fuzhuang/index.php/Admin/Node/index
INFO: [ app_init ] --START--
INFO: Run Behavior\BuildLiteBehavior [ RunTime:0.000000s ]
INFO: [ app_init ] --END-- [ RunTime:0.000000s ]
INFO: [ app_begin ] --START--
INFO: Run Behavior\ReadHtmlCacheBehavior [ RunTime:0.000000s ]
INFO: [ app_begin ] --END-- [ RunTime:0.000000s ]
SQL: SHOW COLUMNS FROM `nav_page` [ RunTime:0.0130s ]
SQL: SELECT COUNT(*) AS tp_count FROM `nav_page` WHERE ( pid=0 ) LIMIT 1   [ RunTime:0.1220s ]
SQL: SELECT `id`,`pid`,`nav_title`,`nav_photo`,`thumb_photo`,`nav_order`,`nav_status` FROM `nav_page` WHERE ( pid=0 ) ORDER BY nav_order LIMIT 0,10   [ RunTime:0.0020s ]
SQL: SELECT `id`,`pid`,`nav_title`,`nav_photo`,`thumb_photo`,`nav_order`,`nav_status` FROM `nav_page` WHERE ( pid=1 ) ORDER BY nav_order  [ RunTime:0.0010s ]
SQL: SELECT `id`,`pid`,`nav_title`,`nav_photo`,`thumb_photo`,`nav_order`,`nav_status` FROM `nav_page` WHERE ( pid=2 ) ORDER BY nav_order  [ RunTime:0.0010s ]
SQL: SELECT `id`,`pid`,`nav_title`,`nav_photo`,`thumb_photo`,`nav_order`,`nav_status` FROM `nav_page` WHERE ( pid=6 ) ORDER BY nav_order  [ RunTime:0.0010s ]
SQL: SELECT `id`,`pid`,`nav_title`,`nav_photo`,`thumb_photo`,`nav_order`,`nav_status` FROM `nav_page` WHERE ( pid=10 ) ORDER BY nav_order  [ RunTime:0.0010s ]
SQL: SELECT `id`,`pid`,`nav_title`,`nav_photo`,`thumb_photo`,`nav_order`,`nav_status` FROM `nav_page` WHERE ( pid=11 ) ORDER BY nav_order  [ RunTime:0.0010s ]
SQL: SELECT `id`,`pid`,`nav_title`,`nav_photo`,`thumb_photo`,`nav_order`,`nav_status` FROM `nav_page` WHERE ( pid=12 ) ORDER BY nav_order  [ RunTime:0.0010s ]
SQL: SELECT `id`,`pid`,`nav_title`,`nav_photo`,`thumb_photo`,`nav_order`,`nav_status` FROM `nav_page` WHERE ( pid=13 ) ORDER BY nav_order  [ RunTime:0.0010s ]
SQL: SELECT `id`,`pid`,`nav_title`,`nav_photo`,`thumb_photo`,`nav_order`,`nav_status` FROM `nav_page` WHERE ( pid=16 ) ORDER BY nav_order  [ RunTime:0.0020s ]
SQL: SELECT `id`,`pid`,`nav_title`,`nav_photo`,`thumb_photo`,`nav_order`,`nav_status` FROM `nav_page` WHERE ( pid=19 ) ORDER BY nav_order  [ RunTime:0.0000s ]
INFO: [ view_parse ] --START--
INFO: [ template_filter ] --START--
INFO: Run Behavior\ContentReplaceBehavior [ RunTime:0.001000s ]
INFO: [ template_filter ] --END-- [ RunTime:0.001000s ]
INFO: Run Behavior\ParseTemplateBehavior [ RunTime:0.210012s ]
INFO: [ view_parse ] --END-- [ RunTime:0.210012s ]
INFO: [ view_filter ] --START--
INFO: Run Behavior\WriteHtmlCacheBehavior [ RunTime:0.001000s ]
INFO: [ view_filter ] --END-- [ RunTime:0.001000s ]
INFO: [ app_end ] --START--
INFO: Run Behavior\ShowPageTraceBehavior [ RunTime:0.002000s ]
INFO: [ app_end ] --END-- [ RunTime:0.003000s ]

