[ 2015-02-04T23:41:50+08:00 ] ::1 /fuzhuang/index.php/admin
INFO: [ app_init ] --START--
INFO: Run Behavior\BuildLiteBehavior [ RunTime:0.001000s ]
INFO: [ app_init ] --END-- [ RunTime:0.001000s ]
INFO: [ app_begin ] --START--
INFO: Run Behavior\ReadHtmlCacheBehavior [ RunTime:0.001000s ]
INFO: [ app_begin ] --END-- [ RunTime:0.001000s ]
INFO: [ view_parse ] --START--
INFO: [ template_filter ] --START--
INFO: Run Behavior\ContentReplaceBehavior [ RunTime:0.000000s ]
INFO: [ template_filter ] --END-- [ RunTime:0.000000s ]
INFO: Run Behavior\ParseTemplateBehavior [ RunTime:0.021001s ]
INFO: [ view_parse ] --END-- [ RunTime:0.021001s ]
INFO: [ view_filter ] --START--
INFO: Run Behavior\WriteHtmlCacheBehavior [ RunTime:0.000000s ]
INFO: [ view_filter ] --END-- [ RunTime:0.000000s ]
INFO: [ app_end ] --START--
INFO: Run Behavior\ShowPageTraceBehavior [ RunTime:0.001000s ]
INFO: [ app_end ] --END-- [ RunTime:0.001000s ]

[ 2015-02-04T23:41:50+08:00 ] ::1 /fuzhuang/index.php/Admin/Public/verify
INFO: [ app_init ] --START--
INFO: Run Behavior\BuildLiteBehavior [ RunTime:0.000000s ]
INFO: [ app_init ] --END-- [ RunTime:0.000000s ]
INFO: [ app_begin ] --START--
INFO: Run Behavior\ReadHtmlCacheBehavior [ RunTime:0.000000s ]
INFO: [ app_begin ] --END-- [ RunTime:0.000000s ]
INFO: [ app_end ] --START--
INFO: Run Behavior\ShowPageTraceBehavior [ RunTime:0.002001s ]
INFO: [ app_end ] --END-- [ RunTime:0.002001s ]

[ 2015-02-04T23:41:55+08:00 ] ::1 /fuzhuang/index.php/Admin/Index/login
INFO: [ app_init ] --START--
INFO: Run Behavior\BuildLiteBehavior [ RunTime:0.000000s ]
INFO: [ app_init ] --END-- [ RunTime:0.001000s ]
INFO: [ app_begin ] --START--
INFO: Run Behavior\ReadHtmlCacheBehavior [ RunTime:0.001000s ]
INFO: [ app_begin ] --END-- [ RunTime:0.001000s ]
SQL: SHOW COLUMNS FROM `user_admin` [ RunTime:0.1230s ]
SQL: SELECT `password` FROM `user_admin` WHERE ( username='admin' ) LIMIT 1   [ RunTime:0.0000s ]
INFO: [ view_parse ] --START--
INFO: [ template_filter ] --START--
INFO: Run Behavior\ContentReplaceBehavior [ RunTime:0.000000s ]
INFO: [ template_filter ] --END-- [ RunTime:0.000000s ]
NOTIC: [8] Use of undefined constant logout - assumed 'logout' E:\www\fuzhuang\Application\Runtime\Cache\Admin\b595b808c2ebeeeb0478ffc30bb4e87a.php 第 16 行.
INFO: Run Behavior\ParseTemplateBehavior [ RunTime:0.031002s ]
INFO: [ view_parse ] --END-- [ RunTime:0.031002s ]
INFO: [ view_filter ] --START--
INFO: Run Behavior\WriteHtmlCacheBehavior [ RunTime:0.000000s ]
INFO: [ view_filter ] --END-- [ RunTime:0.001000s ]
INFO: [ app_end ] --START--
INFO: Run Behavior\ShowPageTraceBehavior [ RunTime:0.000000s ]
INFO: [ app_end ] --END-- [ RunTime:0.001000s ]

[ 2015-02-04T23:41:56+08:00 ] ::1 /fuzhuang/index.php/Admin/System/index
INFO: [ app_init ] --START--
INFO: Run Behavior\BuildLiteBehavior [ RunTime:0.000000s ]
INFO: [ app_init ] --END-- [ RunTime:0.001000s ]
INFO: [ app_begin ] --START--
INFO: Run Behavior\ReadHtmlCacheBehavior [ RunTime:0.001000s ]
INFO: [ app_begin ] --END-- [ RunTime:0.001000s ]
INFO: [ view_parse ] --START--
INFO: [ template_filter ] --START--
INFO: Run Behavior\ContentReplaceBehavior [ RunTime:0.000000s ]
INFO: [ template_filter ] --END-- [ RunTime:0.000000s ]
INFO: Run Behavior\ParseTemplateBehavior [ RunTime:0.026002s ]
INFO: [ view_parse ] --END-- [ RunTime:0.026002s ]
INFO: [ view_filter ] --START--
INFO: Run Behavior\WriteHtmlCacheBehavior [ RunTime:0.000000s ]
INFO: [ view_filter ] --END-- [ RunTime:0.000000s ]
INFO: [ app_end ] --START--
INFO: Run Behavior\ShowPageTraceBehavior [ RunTime:0.000000s ]
INFO: [ app_end ] --END-- [ RunTime:0.001000s ]

[ 2015-02-04T23:42:00+08:00 ] ::1 /fuzhuang/index.php/Admin/Product/index
INFO: [ app_init ] --START--
INFO: Run Behavior\BuildLiteBehavior [ RunTime:0.000000s ]
INFO: [ app_init ] --END-- [ RunTime:0.001000s ]
INFO: [ app_begin ] --START--
INFO: Run Behavior\ReadHtmlCacheBehavior [ RunTime:0.001000s ]
INFO: [ app_begin ] --END-- [ RunTime:0.001000s ]
SQL: SHOW COLUMNS FROM `product` [ RunTime:0.0200s ]
SQL: SHOW COLUMNS FROM `product_category` [ RunTime:0.0090s ]
NOTIC: [2] Invalid argument supplied for foreach() E:\www\fuzhuang\system\core\Library\Think\Db\Driver.class.php 第 488 行.
SQL: SELECT COUNT(*) AS tp_count FROM `product` LIMIT 1   [ RunTime:0.0950s ]
NOTIC: [2] Invalid argument supplied for foreach() E:\www\fuzhuang\system\core\Library\Think\Db\Driver.class.php 第 488 行.
SQL: SELECT `id`,`cid`,`cpid`,`product_title`,`status`,`small_img`,`hotoffers` FROM `product` ORDER BY add_time LIMIT 0,10   [ RunTime:0.0010s ]
SQL: SELECT `id`,`pid`,`c_title` FROM `product_category` WHERE ( id=2 ) LIMIT 1   [ RunTime:0.0000s ]
SQL: SELECT `id`,`pid`,`c_title` FROM `product_category` WHERE ( id=1 ) LIMIT 1   [ RunTime:0.0010s ]
SQL: SELECT `id`,`pid`,`c_title` FROM `product_category` WHERE ( id=3 ) LIMIT 1   [ RunTime:0.0000s ]
SQL: SELECT `id`,`pid`,`c_title` FROM `product_category` WHERE ( id=2 ) LIMIT 1   [ RunTime:0.0010s ]
SQL: SELECT `id`,`pid`,`c_title` FROM `product_category` WHERE ( id=1 ) LIMIT 1   [ RunTime:0.0000s ]
SQL: SELECT `id`,`pid`,`c_title` FROM `product_category` WHERE ( id=5 ) LIMIT 1   [ RunTime:0.0000s ]
SQL: SELECT `id`,`pid`,`c_title` FROM `product_category` WHERE ( id=1 ) LIMIT 1   [ RunTime:0.0000s ]
SQL: SELECT `id`,`pid`,`c_title` FROM `product_category` WHERE ( id=1 ) LIMIT 1   [ RunTime:0.0000s ]
SQL: SELECT `id`,`pid`,`c_title` FROM `product_category` WHERE ( status=1 and pid=0 ) ORDER BY myorder  [ RunTime:0.0000s ]
SQL: SELECT `id`,`pid`,`c_title` FROM `product_category` WHERE ( pid=1 ) ORDER BY myorder  [ RunTime:0.0000s ]
SQL: SELECT `id`,`pid`,`c_title` FROM `product_category` WHERE ( pid=3 ) ORDER BY myorder  [ RunTime:0.0000s ]
INFO: [ view_parse ] --START--
INFO: [ template_filter ] --START--
INFO: Run Behavior\ContentReplaceBehavior [ RunTime:0.001000s ]
INFO: [ template_filter ] --END-- [ RunTime:0.001000s ]
NOTIC: [8] Undefined index: childY E:\www\fuzhuang\Application\Runtime\Cache\Admin\34e4b095905075aaede5ee9039415509.php 第 39 行.
INFO: Run Behavior\ParseTemplateBehavior [ RunTime:0.059003s ]
INFO: [ view_parse ] --END-- [ RunTime:0.059003s ]
INFO: [ view_filter ] --START--
INFO: Run Behavior\WriteHtmlCacheBehavior [ RunTime:0.000000s ]
INFO: [ view_filter ] --END-- [ RunTime:0.000000s ]
INFO: [ app_end ] --START--
INFO: Run Behavior\ShowPageTraceBehavior [ RunTime:0.001000s ]
INFO: [ app_end ] --END-- [ RunTime:0.001000s ]

[ 2015-02-04T23:48:41+08:00 ] ::1 /fuzhuang/index.php/Admin/Product/edit?id=8
INFO: [ app_init ] --START--
INFO: Run Behavior\BuildLiteBehavior [ RunTime:0.000000s ]
INFO: [ app_init ] --END-- [ RunTime:0.001000s ]
INFO: [ app_begin ] --START--
INFO: Run Behavior\ReadHtmlCacheBehavior [ RunTime:0.001000s ]
INFO: [ app_begin ] --END-- [ RunTime:0.001000s ]
SQL: SHOW COLUMNS FROM `product` [ RunTime:0.0230s ]
SQL: SHOW COLUMNS FROM `product_category` [ RunTime:0.0090s ]
SQL: SHOW COLUMNS FROM `product_content` [ RunTime:0.0550s ]
SQL: SELECT * FROM `product` WHERE ( id=8 ) LIMIT 1   [ RunTime:0.0000s ]
SQL: SELECT * FROM `product_content` WHERE ( product_id=8 ) LIMIT 1   [ RunTime:0.0450s ]
SQL: SELECT `id`,`pid`,`c_title` FROM `product_category` WHERE ( status=1 and pid=0 ) ORDER BY myorder  [ RunTime:0.0000s ]
SQL: SELECT `id`,`pid`,`c_title` FROM `product_category` WHERE ( pid=1 ) ORDER BY myorder  [ RunTime:0.0000s ]
SQL: SELECT `id`,`pid`,`c_title` FROM `product_category` WHERE ( pid=3 ) ORDER BY myorder  [ RunTime:0.0010s ]
INFO: [ view_parse ] --START--
INFO: [ template_filter ] --START--
INFO: Run Behavior\ContentReplaceBehavior [ RunTime:0.000000s ]
INFO: [ template_filter ] --END-- [ RunTime:0.001000s ]
NOTIC: [8] Undefined index: childY E:\www\fuzhuang\Application\Runtime\Cache\Admin\b3c4eeadefc336ccc37682b1e72f6690.php 第 48 行.
NOTIC: [8] Undefined variable: dl E:\www\fuzhuang\Application\Runtime\Cache\Admin\b3c4eeadefc336ccc37682b1e72f6690.php 第 85 行.
INFO: Run Behavior\ParseTemplateBehavior [ RunTime:0.039002s ]
INFO: [ view_parse ] --END-- [ RunTime:0.039002s ]
INFO: [ view_filter ] --START--
INFO: Run Behavior\WriteHtmlCacheBehavior [ RunTime:0.001000s ]
INFO: [ view_filter ] --END-- [ RunTime:0.001000s ]
INFO: [ app_end ] --START--
INFO: Run Behavior\ShowPageTraceBehavior [ RunTime:0.001000s ]
INFO: [ app_end ] --END-- [ RunTime:0.001000s ]

[ 2015-02-04T23:48:53+08:00 ] ::1 /fuzhuang/index.php/Admin/Product/edit
INFO: [ app_init ] --START--
INFO: Run Behavior\BuildLiteBehavior [ RunTime:0.000000s ]
INFO: [ app_init ] --END-- [ RunTime:0.000000s ]
INFO: [ app_begin ] --START--
INFO: Run Behavior\ReadHtmlCacheBehavior [ RunTime:0.001000s ]
INFO: [ app_begin ] --END-- [ RunTime:0.001000s ]
SQL: SHOW COLUMNS FROM `product` [ RunTime:0.0070s ]
SQL: SHOW COLUMNS FROM `product_category` [ RunTime:0.0080s ]
SQL: SHOW COLUMNS FROM `product_content` [ RunTime:0.0060s ]
SQL: SELECT `pid` FROM `product_category` WHERE ( id=2 ) LIMIT 1   [ RunTime:0.0000s ]
SQL: UPDATE `product_content` SET `content1`='pl' WHERE ( product_id=8 ) [ RunTime:0.1250s ]
SQL: UPDATE `product` SET `cid`='2',`cpid`='1',`product_title`='333',`product_desc`='pl',`status`='1',`hotOffers`='1',`meta_title`='',`meta_keywords`='',`meta_description`='' WHERE ( id=8 ) [ RunTime:0.0010s ]

[ 2015-02-04T23:48:55+08:00 ] ::1 /fuzhuang/index.php/Admin/Product/index
INFO: [ app_init ] --START--
INFO: Run Behavior\BuildLiteBehavior [ RunTime:0.000000s ]
INFO: [ app_init ] --END-- [ RunTime:0.000000s ]
INFO: [ app_begin ] --START--
INFO: Run Behavior\ReadHtmlCacheBehavior [ RunTime:0.000000s ]
INFO: [ app_begin ] --END-- [ RunTime:0.001000s ]
SQL: SHOW COLUMNS FROM `product` [ RunTime:0.0170s ]
SQL: SHOW COLUMNS FROM `product_category` [ RunTime:0.0170s ]
NOTIC: [2] Invalid argument supplied for foreach() E:\www\fuzhuang\system\core\Library\Think\Db\Driver.class.php 第 488 行.
SQL: SELECT COUNT(*) AS tp_count FROM `product` LIMIT 1   [ RunTime:0.0010s ]
NOTIC: [2] Invalid argument supplied for foreach() E:\www\fuzhuang\system\core\Library\Think\Db\Driver.class.php 第 488 行.
SQL: SELECT `id`,`cid`,`cpid`,`product_title`,`status`,`small_img`,`hotoffers` FROM `product` ORDER BY add_time LIMIT 0,10   [ RunTime:0.0020s ]
SQL: SELECT `id`,`pid`,`c_title` FROM `product_category` WHERE ( id=2 ) LIMIT 1   [ RunTime:0.0010s ]
SQL: SELECT `id`,`pid`,`c_title` FROM `product_category` WHERE ( id=1 ) LIMIT 1   [ RunTime:0.0030s ]
SQL: SELECT `id`,`pid`,`c_title` FROM `product_category` WHERE ( id=3 ) LIMIT 1   [ RunTime:0.0000s ]
SQL: SELECT `id`,`pid`,`c_title` FROM `product_category` WHERE ( id=2 ) LIMIT 1   [ RunTime:0.0010s ]
SQL: SELECT `id`,`pid`,`c_title` FROM `product_category` WHERE ( id=1 ) LIMIT 1   [ RunTime:0.0000s ]
SQL: SELECT `id`,`pid`,`c_title` FROM `product_category` WHERE ( id=5 ) LIMIT 1   [ RunTime:0.0000s ]
SQL: SELECT `id`,`pid`,`c_title` FROM `product_category` WHERE ( id=1 ) LIMIT 1   [ RunTime:0.0010s ]
SQL: SELECT `id`,`pid`,`c_title` FROM `product_category` WHERE ( id=2 ) LIMIT 1   [ RunTime:0.0010s ]
SQL: SELECT `id`,`pid`,`c_title` FROM `product_category` WHERE ( id=1 ) LIMIT 1   [ RunTime:0.0000s ]
SQL: SELECT `id`,`pid`,`c_title` FROM `product_category` WHERE ( status=1 and pid=0 ) ORDER BY myorder  [ RunTime:0.0010s ]
SQL: SELECT `id`,`pid`,`c_title` FROM `product_category` WHERE ( pid=1 ) ORDER BY myorder  [ RunTime:0.0000s ]
SQL: SELECT `id`,`pid`,`c_title` FROM `product_category` WHERE ( pid=3 ) ORDER BY myorder  [ RunTime:0.0000s ]
INFO: [ view_parse ] --START--
INFO: [ template_filter ] --START--
INFO: Run Behavior\ContentReplaceBehavior [ RunTime:0.000000s ]
INFO: [ template_filter ] --END-- [ RunTime:0.000000s ]
NOTIC: [8] Undefined index: childY E:\www\fuzhuang\Application\Runtime\Cache\Admin\34e4b095905075aaede5ee9039415509.php 第 39 行.
INFO: Run Behavior\ParseTemplateBehavior [ RunTime:0.015000s ]
INFO: [ view_parse ] --END-- [ RunTime:0.015000s ]
INFO: [ view_filter ] --START--
INFO: Run Behavior\WriteHtmlCacheBehavior [ RunTime:0.001001s ]
INFO: [ view_filter ] --END-- [ RunTime:0.001001s ]
INFO: [ app_end ] --START--
INFO: Run Behavior\ShowPageTraceBehavior [ RunTime:0.001000s ]
INFO: [ app_end ] --END-- [ RunTime:0.001000s ]

[ 2015-02-04T23:50:52+08:00 ] ::1 /fuzhuang/index.php/Admin/Product/edit?id=8
INFO: [ app_init ] --START--
INFO: Run Behavior\BuildLiteBehavior [ RunTime:0.000000s ]
INFO: [ app_init ] --END-- [ RunTime:0.000000s ]
INFO: [ app_begin ] --START--
INFO: Run Behavior\ReadHtmlCacheBehavior [ RunTime:0.001000s ]
INFO: [ app_begin ] --END-- [ RunTime:0.001000s ]
SQL: SHOW COLUMNS FROM `product` [ RunTime:0.0120s ]
SQL: SHOW COLUMNS FROM `product_category` [ RunTime:0.0120s ]
SQL: SHOW COLUMNS FROM `product_content` [ RunTime:0.0060s ]
SQL: SELECT * FROM `product` WHERE ( id=8 ) LIMIT 1   [ RunTime:0.0010s ]
SQL: SELECT * FROM `product_content` WHERE ( product_id=8 ) LIMIT 1   [ RunTime:0.0000s ]
SQL: SELECT `id`,`pid`,`c_title` FROM `product_category` WHERE ( status=1 and pid=0 ) ORDER BY myorder  [ RunTime:0.0010s ]
SQL: SELECT `id`,`pid`,`c_title` FROM `product_category` WHERE ( pid=1 ) ORDER BY myorder  [ RunTime:0.0000s ]
SQL: SELECT `id`,`pid`,`c_title` FROM `product_category` WHERE ( pid=3 ) ORDER BY myorder  [ RunTime:0.0010s ]
INFO: [ view_parse ] --START--
INFO: [ template_filter ] --START--
INFO: Run Behavior\ContentReplaceBehavior [ RunTime:0.000000s ]
INFO: [ template_filter ] --END-- [ RunTime:0.000000s ]
NOTIC: [8] Undefined index: childY E:\www\fuzhuang\Application\Runtime\Cache\Admin\b3c4eeadefc336ccc37682b1e72f6690.php 第 48 行.
NOTIC: [8] Undefined variable: dl E:\www\fuzhuang\Application\Runtime\Cache\Admin\b3c4eeadefc336ccc37682b1e72f6690.php 第 85 行.
INFO: Run Behavior\ParseTemplateBehavior [ RunTime:0.010001s ]
INFO: [ view_parse ] --END-- [ RunTime:0.010001s ]
INFO: [ view_filter ] --START--
INFO: Run Behavior\WriteHtmlCacheBehavior [ RunTime:0.001000s ]
INFO: [ view_filter ] --END-- [ RunTime:0.001000s ]
INFO: [ app_end ] --START--
INFO: Run Behavior\ShowPageTraceBehavior [ RunTime:0.000000s ]
INFO: [ app_end ] --END-- [ RunTime:0.000000s ]

[ 2015-02-04T23:51:07+08:00 ] ::1 /fuzhuang/index.php/Admin/Product/edit
INFO: [ app_init ] --START--
INFO: Run Behavior\BuildLiteBehavior [ RunTime:0.000000s ]
INFO: [ app_init ] --END-- [ RunTime:0.001000s ]
INFO: [ app_begin ] --START--
INFO: Run Behavior\ReadHtmlCacheBehavior [ RunTime:0.001000s ]
INFO: [ app_begin ] --END-- [ RunTime:0.001000s ]
SQL: SHOW COLUMNS FROM `product` [ RunTime:0.0270s ]
SQL: SHOW COLUMNS FROM `product_category` [ RunTime:0.0090s ]
SQL: SHOW COLUMNS FROM `product_content` [ RunTime:0.0070s ]
SQL: SELECT `pid` FROM `product_category` WHERE ( id=1 ) LIMIT 1   [ RunTime:0.0010s ]
SQL: UPDATE `product_content` SET `content1`='&amp;nbsp;&amp;nbsp;&amp;nbsp;pl' WHERE ( product_id=8 ) [ RunTime:0.0010s ]
SQL: UPDATE `product` SET `cid`='1',`cpid`='0',`product_title`='333',`product_desc`='pl',`status`='1',`hotOffers`='1',`meta_title`='',`meta_keywords`='',`meta_description`='' WHERE ( id=8 ) [ RunTime:0.0010s ]

[ 2015-02-04T23:51:10+08:00 ] ::1 /fuzhuang/index.php/Admin/Product/index
INFO: [ app_init ] --START--
INFO: Run Behavior\BuildLiteBehavior [ RunTime:0.000000s ]
INFO: [ app_init ] --END-- [ RunTime:0.000000s ]
INFO: [ app_begin ] --START--
INFO: Run Behavior\ReadHtmlCacheBehavior [ RunTime:0.001000s ]
INFO: [ app_begin ] --END-- [ RunTime:0.001000s ]
SQL: SHOW COLUMNS FROM `product` [ RunTime:0.0190s ]
SQL: SHOW COLUMNS FROM `product_category` [ RunTime:0.0110s ]
NOTIC: [2] Invalid argument supplied for foreach() E:\www\fuzhuang\system\core\Library\Think\Db\Driver.class.php 第 488 行.
SQL: SELECT COUNT(*) AS tp_count FROM `product` LIMIT 1   [ RunTime:0.0000s ]
NOTIC: [2] Invalid argument supplied for foreach() E:\www\fuzhuang\system\core\Library\Think\Db\Driver.class.php 第 488 行.
SQL: SELECT `id`,`cid`,`cpid`,`product_title`,`status`,`small_img`,`hotoffers` FROM `product` ORDER BY add_time LIMIT 0,10   [ RunTime:0.0000s ]
SQL: SELECT `id`,`pid`,`c_title` FROM `product_category` WHERE ( id=2 ) LIMIT 1   [ RunTime:0.0010s ]
SQL: SELECT `id`,`pid`,`c_title` FROM `product_category` WHERE ( id=1 ) LIMIT 1   [ RunTime:0.0010s ]
SQL: SELECT `id`,`pid`,`c_title` FROM `product_category` WHERE ( id=3 ) LIMIT 1   [ RunTime:0.0000s ]
SQL: SELECT `id`,`pid`,`c_title` FROM `product_category` WHERE ( id=2 ) LIMIT 1   [ RunTime:0.0000s ]
SQL: SELECT `id`,`pid`,`c_title` FROM `product_category` WHERE ( id=1 ) LIMIT 1   [ RunTime:0.0000s ]
SQL: SELECT `id`,`pid`,`c_title` FROM `product_category` WHERE ( id=5 ) LIMIT 1   [ RunTime:0.0000s ]
SQL: SELECT `id`,`pid`,`c_title` FROM `product_category` WHERE ( id=1 ) LIMIT 1   [ RunTime:0.0010s ]
SQL: SELECT `id`,`pid`,`c_title` FROM `product_category` WHERE ( id=1 ) LIMIT 1   [ RunTime:0.0000s ]
SQL: SELECT `id`,`pid`,`c_title` FROM `product_category` WHERE ( status=1 and pid=0 ) ORDER BY myorder  [ RunTime:0.0000s ]
SQL: SELECT `id`,`pid`,`c_title` FROM `product_category` WHERE ( pid=1 ) ORDER BY myorder  [ RunTime:0.0010s ]
SQL: SELECT `id`,`pid`,`c_title` FROM `product_category` WHERE ( pid=3 ) ORDER BY myorder  [ RunTime:0.0000s ]
INFO: [ view_parse ] --START--
INFO: [ template_filter ] --START--
INFO: Run Behavior\ContentReplaceBehavior [ RunTime:0.000000s ]
INFO: [ template_filter ] --END-- [ RunTime:0.000000s ]
NOTIC: [8] Undefined index: childY E:\www\fuzhuang\Application\Runtime\Cache\Admin\34e4b095905075aaede5ee9039415509.php 第 39 行.
INFO: Run Behavior\ParseTemplateBehavior [ RunTime:0.015001s ]
INFO: [ view_parse ] --END-- [ RunTime:0.015001s ]
INFO: [ view_filter ] --START--
INFO: Run Behavior\WriteHtmlCacheBehavior [ RunTime:0.001000s ]
INFO: [ view_filter ] --END-- [ RunTime:0.001000s ]
INFO: [ app_end ] --START--
INFO: Run Behavior\ShowPageTraceBehavior [ RunTime:0.001000s ]
INFO: [ app_end ] --END-- [ RunTime:0.001000s ]

[ 2015-02-04T23:51:12+08:00 ] ::1 /fuzhuang/index.php/Admin/Product/index
INFO: [ app_init ] --START--
INFO: Run Behavior\BuildLiteBehavior [ RunTime:0.000000s ]
INFO: [ app_init ] --END-- [ RunTime:0.001000s ]
INFO: [ app_begin ] --START--
INFO: Run Behavior\ReadHtmlCacheBehavior [ RunTime:0.001000s ]
INFO: [ app_begin ] --END-- [ RunTime:0.001000s ]
SQL: SHOW COLUMNS FROM `product` [ RunTime:0.0080s ]
SQL: SHOW COLUMNS FROM `product_category` [ RunTime:0.0060s ]
NOTIC: [2] Invalid argument supplied for foreach() E:\www\fuzhuang\system\core\Library\Think\Db\Driver.class.php 第 488 行.
SQL: SELECT COUNT(*) AS tp_count FROM `product` LIMIT 1   [ RunTime:0.0000s ]
NOTIC: [2] Invalid argument supplied for foreach() E:\www\fuzhuang\system\core\Library\Think\Db\Driver.class.php 第 488 行.
SQL: SELECT `id`,`cid`,`cpid`,`product_title`,`status`,`small_img`,`hotoffers` FROM `product` ORDER BY add_time LIMIT 0,10   [ RunTime:0.0010s ]
SQL: SELECT `id`,`pid`,`c_title` FROM `product_category` WHERE ( id=2 ) LIMIT 1   [ RunTime:0.0000s ]
SQL: SELECT `id`,`pid`,`c_title` FROM `product_category` WHERE ( id=1 ) LIMIT 1   [ RunTime:0.0010s ]
SQL: SELECT `id`,`pid`,`c_title` FROM `product_category` WHERE ( id=3 ) LIMIT 1   [ RunTime:0.0000s ]
SQL: SELECT `id`,`pid`,`c_title` FROM `product_category` WHERE ( id=2 ) LIMIT 1   [ RunTime:0.0010s ]
SQL: SELECT `id`,`pid`,`c_title` FROM `product_category` WHERE ( id=1 ) LIMIT 1   [ RunTime:0.0000s ]
SQL: SELECT `id`,`pid`,`c_title` FROM `product_category` WHERE ( id=5 ) LIMIT 1   [ RunTime:0.0000s ]
SQL: SELECT `id`,`pid`,`c_title` FROM `product_category` WHERE ( id=1 ) LIMIT 1   [ RunTime:0.0000s ]
SQL: SELECT `id`,`pid`,`c_title` FROM `product_category` WHERE ( id=1 ) LIMIT 1   [ RunTime:0.0000s ]
SQL: SELECT `id`,`pid`,`c_title` FROM `product_category` WHERE ( status=1 and pid=0 ) ORDER BY myorder  [ RunTime:0.0010s ]
SQL: SELECT `id`,`pid`,`c_title` FROM `product_category` WHERE ( pid=1 ) ORDER BY myorder  [ RunTime:0.0000s ]
SQL: SELECT `id`,`pid`,`c_title` FROM `product_category` WHERE ( pid=3 ) ORDER BY myorder  [ RunTime:0.0010s ]
INFO: [ view_parse ] --START--
INFO: [ template_filter ] --START--
INFO: Run Behavior\ContentReplaceBehavior [ RunTime:0.000000s ]
INFO: [ template_filter ] --END-- [ RunTime:0.000000s ]
NOTIC: [8] Undefined index: childY E:\www\fuzhuang\Application\Runtime\Cache\Admin\34e4b095905075aaede5ee9039415509.php 第 39 行.
INFO: Run Behavior\ParseTemplateBehavior [ RunTime:0.011000s ]
INFO: [ view_parse ] --END-- [ RunTime:0.012000s ]
INFO: [ view_filter ] --START--
INFO: Run Behavior\WriteHtmlCacheBehavior [ RunTime:0.000000s ]
INFO: [ view_filter ] --END-- [ RunTime:0.000000s ]
INFO: [ app_end ] --START--
INFO: Run Behavior\ShowPageTraceBehavior [ RunTime:0.001000s ]
INFO: [ app_end ] --END-- [ RunTime:0.001000s ]

