[ 2015-02-05T00:03:58+08:00 ] ::1 /fuzhuang/index.php/Admin/Product/index
INFO: [ app_init ] --START--
INFO: Run Behavior\BuildLiteBehavior [ RunTime:0.000000s ]
INFO: [ app_init ] --END-- [ RunTime:0.001000s ]
INFO: [ app_begin ] --START--
INFO: Run Behavior\ReadHtmlCacheBehavior [ RunTime:0.001000s ]
INFO: [ app_begin ] --END-- [ RunTime:0.002000s ]
SQL: SHOW COLUMNS FROM `product` [ RunTime:0.0180s ]
SQL: SHOW COLUMNS FROM `product_category` [ RunTime:0.0150s ]
NOTIC: [2] Invalid argument supplied for foreach() E:\www\fuzhuang\system\core\Library\Think\Db\Driver.class.php 第 488 行.
SQL: SELECT COUNT(*) AS tp_count FROM `product` LIMIT 1   [ RunTime:0.0000s ]
NOTIC: [2] Invalid argument supplied for foreach() E:\www\fuzhuang\system\core\Library\Think\Db\Driver.class.php 第 488 行.
SQL: SELECT `id`,`cid`,`cpid`,`product_title`,`status`,`small_img`,`hotoffers` FROM `product` ORDER BY add_time LIMIT 0,10   [ RunTime:0.0000s ]
SQL: SELECT `id`,`pid`,`c_title` FROM `product_category` WHERE ( id=2 ) LIMIT 1   [ RunTime:0.0000s ]
SQL: SELECT `id`,`pid`,`c_title` FROM `product_category` WHERE ( id=1 ) LIMIT 1   [ RunTime:0.0010s ]
SQL: SELECT `id`,`pid`,`c_title` FROM `product_category` WHERE ( id=3 ) LIMIT 1   [ RunTime:0.0000s ]
SQL: SELECT `id`,`pid`,`c_title` FROM `product_category` WHERE ( id=2 ) LIMIT 1   [ RunTime:0.0000s ]
SQL: SELECT `id`,`pid`,`c_title` FROM `product_category` WHERE ( id=1 ) LIMIT 1   [ RunTime:0.0010s ]
SQL: SELECT `id`,`pid`,`c_title` FROM `product_category` WHERE ( id=5 ) LIMIT 1   [ RunTime:0.0000s ]
SQL: SELECT `id`,`pid`,`c_title` FROM `product_category` WHERE ( id=1 ) LIMIT 1   [ RunTime:0.0000s ]
SQL: SELECT `id`,`pid`,`c_title` FROM `product_category` WHERE ( id=1 ) LIMIT 1   [ RunTime:0.0010s ]
SQL: SELECT `id`,`pid`,`c_title` FROM `product_category` WHERE ( status=1 and pid=0 ) ORDER BY myorder  [ RunTime:0.0010s ]
SQL: SELECT `id`,`pid`,`c_title` FROM `product_category` WHERE ( pid=1 ) ORDER BY myorder  [ RunTime:0.0000s ]
SQL: SELECT `id`,`pid`,`c_title` FROM `product_category` WHERE ( pid=3 ) ORDER BY myorder  [ RunTime:0.0000s ]
INFO: [ view_parse ] --START--
INFO: [ template_filter ] --START--
INFO: Run Behavior\ContentReplaceBehavior [ RunTime:0.000000s ]
INFO: [ template_filter ] --END-- [ RunTime:0.000000s ]
NOTIC: [8] Undefined index: childY E:\www\fuzhuang\Application\Runtime\Cache\Admin\34e4b095905075aaede5ee9039415509.php 第 39 行.
INFO: Run Behavior\ParseTemplateBehavior [ RunTime:0.014001s ]
INFO: [ view_parse ] --END-- [ RunTime:0.015001s ]
INFO: [ view_filter ] --START--
INFO: Run Behavior\WriteHtmlCacheBehavior [ RunTime:0.000000s ]
INFO: [ view_filter ] --END-- [ RunTime:0.001000s ]
INFO: [ app_end ] --START--
INFO: Run Behavior\ShowPageTraceBehavior [ RunTime:0.000000s ]
INFO: [ app_end ] --END-- [ RunTime:0.000000s ]

[ 2015-02-05T00:04:05+08:00 ] ::1 /fuzhuang/index.php/Admin/Product/edit?id=7
INFO: [ app_init ] --START--
INFO: Run Behavior\BuildLiteBehavior [ RunTime:0.000000s ]
INFO: [ app_init ] --END-- [ RunTime:0.001000s ]
INFO: [ app_begin ] --START--
INFO: Run Behavior\ReadHtmlCacheBehavior [ RunTime:0.001000s ]
INFO: [ app_begin ] --END-- [ RunTime:0.001000s ]
SQL: SHOW COLUMNS FROM `product` [ RunTime:0.0090s ]
SQL: SHOW COLUMNS FROM `product_category` [ RunTime:0.0100s ]
SQL: SHOW COLUMNS FROM `product_content` [ RunTime:0.0100s ]
SQL: SELECT * FROM `product` WHERE ( id=7 ) LIMIT 1   [ RunTime:0.0010s ]
SQL: SELECT * FROM `product_content` WHERE ( product_id=7 ) LIMIT 1   [ RunTime:0.0010s ]
SQL: SELECT `id`,`pid`,`c_title` FROM `product_category` WHERE ( status=1 and pid=0 ) ORDER BY myorder  [ RunTime:0.0000s ]
SQL: SELECT `id`,`pid`,`c_title` FROM `product_category` WHERE ( pid=1 ) ORDER BY myorder  [ RunTime:0.0010s ]
SQL: SELECT `id`,`pid`,`c_title` FROM `product_category` WHERE ( pid=3 ) ORDER BY myorder  [ RunTime:0.0000s ]
INFO: [ view_parse ] --START--
INFO: [ template_filter ] --START--
INFO: Run Behavior\ContentReplaceBehavior [ RunTime:0.000000s ]
INFO: [ template_filter ] --END-- [ RunTime:0.000000s ]
NOTIC: [8] Undefined index: childY E:\www\fuzhuang\Application\Runtime\Cache\Admin\b3c4eeadefc336ccc37682b1e72f6690.php 第 48 行.
NOTIC: [8] Undefined variable: dl E:\www\fuzhuang\Application\Runtime\Cache\Admin\b3c4eeadefc336ccc37682b1e72f6690.php 第 85 行.
INFO: Run Behavior\ParseTemplateBehavior [ RunTime:0.010001s ]
INFO: [ view_parse ] --END-- [ RunTime:0.010001s ]
INFO: [ view_filter ] --START--
INFO: Run Behavior\WriteHtmlCacheBehavior [ RunTime:0.000000s ]
INFO: [ view_filter ] --END-- [ RunTime:0.000000s ]
INFO: [ app_end ] --START--
INFO: Run Behavior\ShowPageTraceBehavior [ RunTime:0.001000s ]
INFO: [ app_end ] --END-- [ RunTime:0.001000s ]

[ 2015-02-05T00:04:12+08:00 ] ::1 /fuzhuang/index.php/Admin/Product/edit
INFO: [ app_init ] --START--
INFO: Run Behavior\BuildLiteBehavior [ RunTime:0.000000s ]
INFO: [ app_init ] --END-- [ RunTime:0.000000s ]
INFO: [ app_begin ] --START--
INFO: Run Behavior\ReadHtmlCacheBehavior [ RunTime:0.001000s ]
INFO: [ app_begin ] --END-- [ RunTime:0.001000s ]
SQL: SHOW COLUMNS FROM `product` [ RunTime:0.0210s ]
SQL: SHOW COLUMNS FROM `product_category` [ RunTime:0.0090s ]
SQL: SHOW COLUMNS FROM `product_content` [ RunTime:0.0090s ]
SQL: SELECT `pid` FROM `product_category` WHERE ( id=1 ) LIMIT 1   [ RunTime:0.0010s ]
SQL: UPDATE `product_content` SET `content1`='pl' WHERE ( product_id=7 ) [ RunTime:0.0010s ]
SQL: UPDATE `product` SET `cid`='1',`cpid`='0',`product_title`='2222',`product_desc`='pl',`status`='1',`hotOffers`='1',`meta_title`='',`meta_keywords`='',`meta_description`='' WHERE ( id=7 ) [ RunTime:0.0010s ]

[ 2015-02-05T00:04:14+08:00 ] ::1 /fuzhuang/index.php/Admin/Product/index
INFO: [ app_init ] --START--
INFO: Run Behavior\BuildLiteBehavior [ RunTime:0.000000s ]
INFO: [ app_init ] --END-- [ RunTime:0.001000s ]
INFO: [ app_begin ] --START--
INFO: Run Behavior\ReadHtmlCacheBehavior [ RunTime:0.001001s ]
INFO: [ app_begin ] --END-- [ RunTime:0.001001s ]
SQL: SHOW COLUMNS FROM `product` [ RunTime:0.0130s ]
SQL: SHOW COLUMNS FROM `product_category` [ RunTime:0.0080s ]
NOTIC: [2] Invalid argument supplied for foreach() E:\www\fuzhuang\system\core\Library\Think\Db\Driver.class.php 第 488 行.
SQL: SELECT COUNT(*) AS tp_count FROM `product` LIMIT 1   [ RunTime:0.0000s ]
NOTIC: [2] Invalid argument supplied for foreach() E:\www\fuzhuang\system\core\Library\Think\Db\Driver.class.php 第 488 行.
SQL: SELECT `id`,`cid`,`cpid`,`product_title`,`status`,`small_img`,`hotoffers` FROM `product` ORDER BY add_time LIMIT 0,10   [ RunTime:0.0010s ]
SQL: SELECT `id`,`pid`,`c_title` FROM `product_category` WHERE ( id=2 ) LIMIT 1   [ RunTime:0.0000s ]
SQL: SELECT `id`,`pid`,`c_title` FROM `product_category` WHERE ( id=1 ) LIMIT 1   [ RunTime:0.0000s ]
SQL: SELECT `id`,`pid`,`c_title` FROM `product_category` WHERE ( id=3 ) LIMIT 1   [ RunTime:0.0010s ]
SQL: SELECT `id`,`pid`,`c_title` FROM `product_category` WHERE ( id=2 ) LIMIT 1   [ RunTime:0.0000s ]
SQL: SELECT `id`,`pid`,`c_title` FROM `product_category` WHERE ( id=1 ) LIMIT 1   [ RunTime:0.0000s ]
SQL: SELECT `id`,`pid`,`c_title` FROM `product_category` WHERE ( id=1 ) LIMIT 1   [ RunTime:0.0000s ]
SQL: SELECT `id`,`pid`,`c_title` FROM `product_category` WHERE ( id=1 ) LIMIT 1   [ RunTime:0.0000s ]
SQL: SELECT `id`,`pid`,`c_title` FROM `product_category` WHERE ( status=1 and pid=0 ) ORDER BY myorder  [ RunTime:0.0010s ]
SQL: SELECT `id`,`pid`,`c_title` FROM `product_category` WHERE ( pid=1 ) ORDER BY myorder  [ RunTime:0.0010s ]
SQL: SELECT `id`,`pid`,`c_title` FROM `product_category` WHERE ( pid=3 ) ORDER BY myorder  [ RunTime:0.0000s ]
INFO: [ view_parse ] --START--
INFO: [ template_filter ] --START--
INFO: Run Behavior\ContentReplaceBehavior [ RunTime:0.000000s ]
INFO: [ template_filter ] --END-- [ RunTime:0.000000s ]
NOTIC: [8] Undefined index: childY E:\www\fuzhuang\Application\Runtime\Cache\Admin\34e4b095905075aaede5ee9039415509.php 第 39 行.
INFO: Run Behavior\ParseTemplateBehavior [ RunTime:0.013001s ]
INFO: [ view_parse ] --END-- [ RunTime:0.013001s ]
INFO: [ view_filter ] --START--
INFO: Run Behavior\WriteHtmlCacheBehavior [ RunTime:0.001000s ]
INFO: [ view_filter ] --END-- [ RunTime:0.001000s ]
INFO: [ app_end ] --START--
INFO: Run Behavior\ShowPageTraceBehavior [ RunTime:0.000000s ]
INFO: [ app_end ] --END-- [ RunTime:0.000000s ]

[ 2015-02-05T00:05:05+08:00 ] ::1 /fuzhuang/index.php/Admin/Product/edit?id=7
INFO: [ app_init ] --START--
INFO: Run Behavior\BuildLiteBehavior [ RunTime:0.000000s ]
INFO: [ app_init ] --END-- [ RunTime:0.001000s ]
INFO: [ app_begin ] --START--
INFO: Run Behavior\ReadHtmlCacheBehavior [ RunTime:0.001000s ]
INFO: [ app_begin ] --END-- [ RunTime:0.001000s ]
SQL: SHOW COLUMNS FROM `product` [ RunTime:0.0150s ]
SQL: SHOW COLUMNS FROM `product_category` [ RunTime:0.0130s ]
SQL: SHOW COLUMNS FROM `product_content` [ RunTime:0.0110s ]
SQL: SELECT * FROM `product` WHERE ( id=7 ) LIMIT 1   [ RunTime:0.0000s ]
SQL: SELECT * FROM `product_content` WHERE ( product_id=7 ) LIMIT 1   [ RunTime:0.0010s ]
SQL: SELECT `id`,`pid`,`c_title` FROM `product_category` WHERE ( status=1 and pid=0 ) ORDER BY myorder  [ RunTime:0.0000s ]
SQL: SELECT `id`,`pid`,`c_title` FROM `product_category` WHERE ( pid=1 ) ORDER BY myorder  [ RunTime:0.0000s ]
SQL: SELECT `id`,`pid`,`c_title` FROM `product_category` WHERE ( pid=3 ) ORDER BY myorder  [ RunTime:0.0010s ]
INFO: [ view_parse ] --START--
INFO: [ template_filter ] --START--
INFO: Run Behavior\ContentReplaceBehavior [ RunTime:0.000000s ]
INFO: [ template_filter ] --END-- [ RunTime:0.000000s ]
NOTIC: [8] Undefined index: childY E:\www\fuzhuang\Application\Runtime\Cache\Admin\b3c4eeadefc336ccc37682b1e72f6690.php 第 48 行.
NOTIC: [8] Undefined variable: dl E:\www\fuzhuang\Application\Runtime\Cache\Admin\b3c4eeadefc336ccc37682b1e72f6690.php 第 85 行.
INFO: Run Behavior\ParseTemplateBehavior [ RunTime:0.014000s ]
INFO: [ view_parse ] --END-- [ RunTime:0.014000s ]
INFO: [ view_filter ] --START--
INFO: Run Behavior\WriteHtmlCacheBehavior [ RunTime:0.001000s ]
INFO: [ view_filter ] --END-- [ RunTime:0.001000s ]
INFO: [ app_end ] --START--
INFO: Run Behavior\ShowPageTraceBehavior [ RunTime:0.001000s ]
INFO: [ app_end ] --END-- [ RunTime:0.001000s ]

[ 2015-02-05T00:05:20+08:00 ] ::1 /fuzhuang/index.php/Admin/Product/edit
INFO: [ app_init ] --START--
INFO: Run Behavior\BuildLiteBehavior [ RunTime:0.000000s ]
INFO: [ app_init ] --END-- [ RunTime:0.000000s ]
INFO: [ app_begin ] --START--
INFO: Run Behavior\ReadHtmlCacheBehavior [ RunTime:0.000000s ]
INFO: [ app_begin ] --END-- [ RunTime:0.001000s ]
SQL: SHOW COLUMNS FROM `product` [ RunTime:0.0170s ]
SQL: SHOW COLUMNS FROM `product_category` [ RunTime:0.0150s ]
SQL: SHOW COLUMNS FROM `product_content` [ RunTime:0.0070s ]
SQL: SELECT `pid` FROM `product_category` WHERE ( id=5 ) LIMIT 1   [ RunTime:0.0000s ]
SQL: UPDATE `product_content` SET `content1`='pl' WHERE ( product_id=7 ) [ RunTime:0.0000s ]
SQL: UPDATE `product` SET `cid`='5',`cpid`='1',`product_title`='2222',`product_desc`='pl',`status`='1',`hotOffers`='1',`meta_title`='',`meta_keywords`='',`meta_description`='' WHERE ( id=7 ) [ RunTime:0.0000s ]

[ 2015-02-05T00:05:22+08:00 ] ::1 /fuzhuang/index.php/Admin/Product/index
INFO: [ app_init ] --START--
INFO: Run Behavior\BuildLiteBehavior [ RunTime:0.000000s ]
INFO: [ app_init ] --END-- [ RunTime:0.001000s ]
INFO: [ app_begin ] --START--
INFO: Run Behavior\ReadHtmlCacheBehavior [ RunTime:0.001000s ]
INFO: [ app_begin ] --END-- [ RunTime:0.001000s ]
SQL: SHOW COLUMNS FROM `product` [ RunTime:0.0150s ]
SQL: SHOW COLUMNS FROM `product_category` [ RunTime:0.0130s ]
NOTIC: [2] Invalid argument supplied for foreach() E:\www\fuzhuang\system\core\Library\Think\Db\Driver.class.php 第 488 行.
SQL: SELECT COUNT(*) AS tp_count FROM `product` LIMIT 1   [ RunTime:0.0010s ]
NOTIC: [2] Invalid argument supplied for foreach() E:\www\fuzhuang\system\core\Library\Think\Db\Driver.class.php 第 488 行.
SQL: SELECT `id`,`cid`,`cpid`,`product_title`,`status`,`small_img`,`hotoffers` FROM `product` ORDER BY add_time LIMIT 0,10   [ RunTime:0.0010s ]
SQL: SELECT `id`,`pid`,`c_title` FROM `product_category` WHERE ( id=2 ) LIMIT 1   [ RunTime:0.0010s ]
SQL: SELECT `id`,`pid`,`c_title` FROM `product_category` WHERE ( id=1 ) LIMIT 1   [ RunTime:0.0000s ]
SQL: SELECT `id`,`pid`,`c_title` FROM `product_category` WHERE ( id=3 ) LIMIT 1   [ RunTime:0.0000s ]
SQL: SELECT `id`,`pid`,`c_title` FROM `product_category` WHERE ( id=2 ) LIMIT 1   [ RunTime:0.0000s ]
SQL: SELECT `id`,`pid`,`c_title` FROM `product_category` WHERE ( id=1 ) LIMIT 1   [ RunTime:0.0000s ]
SQL: SELECT `id`,`pid`,`c_title` FROM `product_category` WHERE ( id=5 ) LIMIT 1   [ RunTime:0.0000s ]
SQL: SELECT `id`,`pid`,`c_title` FROM `product_category` WHERE ( id=1 ) LIMIT 1   [ RunTime:0.0010s ]
SQL: SELECT `id`,`pid`,`c_title` FROM `product_category` WHERE ( id=1 ) LIMIT 1   [ RunTime:0.0000s ]
SQL: SELECT `id`,`pid`,`c_title` FROM `product_category` WHERE ( status=1 and pid=0 ) ORDER BY myorder  [ RunTime:0.0000s ]
SQL: SELECT `id`,`pid`,`c_title` FROM `product_category` WHERE ( pid=1 ) ORDER BY myorder  [ RunTime:0.0010s ]
SQL: SELECT `id`,`pid`,`c_title` FROM `product_category` WHERE ( pid=3 ) ORDER BY myorder  [ RunTime:0.0000s ]
INFO: [ view_parse ] --START--
INFO: [ template_filter ] --START--
INFO: Run Behavior\ContentReplaceBehavior [ RunTime:0.001000s ]
INFO: [ template_filter ] --END-- [ RunTime:0.001000s ]
NOTIC: [8] Undefined index: childY E:\www\fuzhuang\Application\Runtime\Cache\Admin\34e4b095905075aaede5ee9039415509.php 第 39 行.
INFO: Run Behavior\ParseTemplateBehavior [ RunTime:0.015001s ]
INFO: [ view_parse ] --END-- [ RunTime:0.015001s ]
INFO: [ view_filter ] --START--
INFO: Run Behavior\WriteHtmlCacheBehavior [ RunTime:0.001000s ]
INFO: [ view_filter ] --END-- [ RunTime:0.001000s ]
INFO: [ app_end ] --START--
INFO: Run Behavior\ShowPageTraceBehavior [ RunTime:0.001000s ]
INFO: [ app_end ] --END-- [ RunTime:0.001000s ]

[ 2015-02-05T00:05:25+08:00 ] ::1 /fuzhuang/index.php/Admin/Product/edit?id=8
INFO: [ app_init ] --START--
INFO: Run Behavior\BuildLiteBehavior [ RunTime:0.000000s ]
INFO: [ app_init ] --END-- [ RunTime:0.000000s ]
INFO: [ app_begin ] --START--
INFO: Run Behavior\ReadHtmlCacheBehavior [ RunTime:0.001000s ]
INFO: [ app_begin ] --END-- [ RunTime:0.001000s ]
SQL: SHOW COLUMNS FROM `product` [ RunTime:0.0200s ]
SQL: SHOW COLUMNS FROM `product_category` [ RunTime:0.0100s ]
SQL: SHOW COLUMNS FROM `product_content` [ RunTime:0.0110s ]
SQL: SELECT * FROM `product` WHERE ( id=8 ) LIMIT 1   [ RunTime:0.0010s ]
SQL: SELECT * FROM `product_content` WHERE ( product_id=8 ) LIMIT 1   [ RunTime:0.0000s ]
SQL: SELECT `id`,`pid`,`c_title` FROM `product_category` WHERE ( status=1 and pid=0 ) ORDER BY myorder  [ RunTime:0.0000s ]
SQL: SELECT `id`,`pid`,`c_title` FROM `product_category` WHERE ( pid=1 ) ORDER BY myorder  [ RunTime:0.0000s ]
SQL: SELECT `id`,`pid`,`c_title` FROM `product_category` WHERE ( pid=3 ) ORDER BY myorder  [ RunTime:0.0000s ]
INFO: [ view_parse ] --START--
INFO: [ template_filter ] --START--
INFO: Run Behavior\ContentReplaceBehavior [ RunTime:0.000000s ]
INFO: [ template_filter ] --END-- [ RunTime:0.000000s ]
NOTIC: [8] Undefined index: childY E:\www\fuzhuang\Application\Runtime\Cache\Admin\b3c4eeadefc336ccc37682b1e72f6690.php 第 48 行.
NOTIC: [8] Undefined variable: dl E:\www\fuzhuang\Application\Runtime\Cache\Admin\b3c4eeadefc336ccc37682b1e72f6690.php 第 85 行.
INFO: Run Behavior\ParseTemplateBehavior [ RunTime:0.011001s ]
INFO: [ view_parse ] --END-- [ RunTime:0.011001s ]
INFO: [ view_filter ] --START--
INFO: Run Behavior\WriteHtmlCacheBehavior [ RunTime:0.000000s ]
INFO: [ view_filter ] --END-- [ RunTime:0.000000s ]
INFO: [ app_end ] --START--
INFO: Run Behavior\ShowPageTraceBehavior [ RunTime:0.001000s ]
INFO: [ app_end ] --END-- [ RunTime:0.001000s ]

[ 2015-02-05T00:05:30+08:00 ] ::1 /fuzhuang/index.php/Admin/Product/edit
INFO: [ app_init ] --START--
INFO: Run Behavior\BuildLiteBehavior [ RunTime:0.000000s ]
INFO: [ app_init ] --END-- [ RunTime:0.000000s ]
INFO: [ app_begin ] --START--
INFO: Run Behavior\ReadHtmlCacheBehavior [ RunTime:0.001000s ]
INFO: [ app_begin ] --END-- [ RunTime:0.001000s ]
SQL: SHOW COLUMNS FROM `product` [ RunTime:0.0200s ]
SQL: SHOW COLUMNS FROM `product_category` [ RunTime:0.0180s ]
SQL: SHOW COLUMNS FROM `product_content` [ RunTime:0.0070s ]
SQL: SELECT `pid` FROM `product_category` WHERE ( id=2 ) LIMIT 1   [ RunTime:0.0010s ]
SQL: UPDATE `product_content` SET `content1`='&amp;nbsp;&amp;nbsp;&amp;nbsp;pl' WHERE ( product_id=8 ) [ RunTime:0.0010s ]
SQL: UPDATE `product` SET `cid`='2',`cpid`='1',`product_title`='333',`product_desc`='pl',`status`='1',`hotOffers`='1',`meta_title`='',`meta_keywords`='',`meta_description`='' WHERE ( id=8 ) [ RunTime:0.0000s ]

[ 2015-02-05T00:05:32+08:00 ] ::1 /fuzhuang/index.php/Admin/Product/index
INFO: [ app_init ] --START--
INFO: Run Behavior\BuildLiteBehavior [ RunTime:0.000000s ]
INFO: [ app_init ] --END-- [ RunTime:0.001000s ]
INFO: [ app_begin ] --START--
INFO: Run Behavior\ReadHtmlCacheBehavior [ RunTime:0.001000s ]
INFO: [ app_begin ] --END-- [ RunTime:0.001000s ]
SQL: SHOW COLUMNS FROM `product` [ RunTime:0.0080s ]
SQL: SHOW COLUMNS FROM `product_category` [ RunTime:0.0070s ]
NOTIC: [2] Invalid argument supplied for foreach() E:\www\fuzhuang\system\core\Library\Think\Db\Driver.class.php 第 488 行.
SQL: SELECT COUNT(*) AS tp_count FROM `product` LIMIT 1   [ RunTime:0.0010s ]
NOTIC: [2] Invalid argument supplied for foreach() E:\www\fuzhuang\system\core\Library\Think\Db\Driver.class.php 第 488 行.
SQL: SELECT `id`,`cid`,`cpid`,`product_title`,`status`,`small_img`,`hotoffers` FROM `product` ORDER BY add_time LIMIT 0,10   [ RunTime:0.0010s ]
SQL: SELECT `id`,`pid`,`c_title` FROM `product_category` WHERE ( id=2 ) LIMIT 1   [ RunTime:0.0000s ]
SQL: SELECT `id`,`pid`,`c_title` FROM `product_category` WHERE ( id=1 ) LIMIT 1   [ RunTime:0.0000s ]
SQL: SELECT `id`,`pid`,`c_title` FROM `product_category` WHERE ( id=3 ) LIMIT 1   [ RunTime:0.0010s ]
SQL: SELECT `id`,`pid`,`c_title` FROM `product_category` WHERE ( id=2 ) LIMIT 1   [ RunTime:0.0000s ]
SQL: SELECT `id`,`pid`,`c_title` FROM `product_category` WHERE ( id=1 ) LIMIT 1   [ RunTime:0.0010s ]
SQL: SELECT `id`,`pid`,`c_title` FROM `product_category` WHERE ( id=5 ) LIMIT 1   [ RunTime:0.0000s ]
SQL: SELECT `id`,`pid`,`c_title` FROM `product_category` WHERE ( id=1 ) LIMIT 1   [ RunTime:0.0000s ]
SQL: SELECT `id`,`pid`,`c_title` FROM `product_category` WHERE ( id=2 ) LIMIT 1   [ RunTime:0.0010s ]
SQL: SELECT `id`,`pid`,`c_title` FROM `product_category` WHERE ( id=1 ) LIMIT 1   [ RunTime:0.0000s ]
SQL: SELECT `id`,`pid`,`c_title` FROM `product_category` WHERE ( status=1 and pid=0 ) ORDER BY myorder  [ RunTime:0.0000s ]
SQL: SELECT `id`,`pid`,`c_title` FROM `product_category` WHERE ( pid=1 ) ORDER BY myorder  [ RunTime:0.0010s ]
SQL: SELECT `id`,`pid`,`c_title` FROM `product_category` WHERE ( pid=3 ) ORDER BY myorder  [ RunTime:0.0000s ]
INFO: [ view_parse ] --START--
INFO: [ template_filter ] --START--
INFO: Run Behavior\ContentReplaceBehavior [ RunTime:0.001000s ]
INFO: [ template_filter ] --END-- [ RunTime:0.001000s ]
NOTIC: [8] Undefined index: childY E:\www\fuzhuang\Application\Runtime\Cache\Admin\34e4b095905075aaede5ee9039415509.php 第 39 行.
INFO: Run Behavior\ParseTemplateBehavior [ RunTime:0.011000s ]
INFO: [ view_parse ] --END-- [ RunTime:0.011000s ]
INFO: [ view_filter ] --START--
INFO: Run Behavior\WriteHtmlCacheBehavior [ RunTime:0.000000s ]
INFO: [ view_filter ] --END-- [ RunTime:0.001001s ]
INFO: [ app_end ] --START--
INFO: Run Behavior\ShowPageTraceBehavior [ RunTime:0.000000s ]
INFO: [ app_end ] --END-- [ RunTime:0.000000s ]

[ 2015-02-05T00:18:15+08:00 ] ::1 /fuzhuang/index.php/Admin/Product/edit?id=8
INFO: [ app_init ] --START--
INFO: Run Behavior\BuildLiteBehavior [ RunTime:0.000000s ]
INFO: [ app_init ] --END-- [ RunTime:0.001000s ]
INFO: [ app_begin ] --START--
INFO: Run Behavior\ReadHtmlCacheBehavior [ RunTime:0.001000s ]
INFO: [ app_begin ] --END-- [ RunTime:0.001000s ]
SQL: SHOW COLUMNS FROM `product` [ RunTime:0.0090s ]
SQL: SHOW COLUMNS FROM `product_category` [ RunTime:0.0080s ]
SQL: SHOW COLUMNS FROM `product_content` [ RunTime:0.0080s ]
SQL: SELECT * FROM `product` WHERE ( id=8 ) LIMIT 1   [ RunTime:0.0000s ]
SQL: SELECT * FROM `product_content` WHERE ( product_id=8 ) LIMIT 1   [ RunTime:0.0000s ]
SQL: SELECT `id`,`pid`,`c_title` FROM `product_category` WHERE ( status=1 and pid=0 ) ORDER BY myorder  [ RunTime:0.0000s ]
SQL: SELECT `id`,`pid`,`c_title` FROM `product_category` WHERE ( pid=1 ) ORDER BY myorder  [ RunTime:0.0000s ]
SQL: SELECT `id`,`pid`,`c_title` FROM `product_category` WHERE ( pid=3 ) ORDER BY myorder  [ RunTime:0.0010s ]
INFO: [ view_parse ] --START--
INFO: [ template_filter ] --START--
INFO: Run Behavior\ContentReplaceBehavior [ RunTime:0.000000s ]
INFO: [ template_filter ] --END-- [ RunTime:0.000000s ]
NOTIC: [8] Undefined index: childY E:\www\fuzhuang\Application\Runtime\Cache\Admin\b3c4eeadefc336ccc37682b1e72f6690.php 第 48 行.
NOTIC: [8] Undefined variable: dl E:\www\fuzhuang\Application\Runtime\Cache\Admin\b3c4eeadefc336ccc37682b1e72f6690.php 第 85 行.
INFO: Run Behavior\ParseTemplateBehavior [ RunTime:0.012001s ]
INFO: [ view_parse ] --END-- [ RunTime:0.013001s ]
INFO: [ view_filter ] --START--
INFO: Run Behavior\WriteHtmlCacheBehavior [ RunTime:0.000000s ]
INFO: [ view_filter ] --END-- [ RunTime:0.000000s ]
INFO: [ app_end ] --START--
INFO: Run Behavior\ShowPageTraceBehavior [ RunTime:0.001000s ]
INFO: [ app_end ] --END-- [ RunTime:0.001000s ]

[ 2015-02-05T00:18:36+08:00 ] ::1 /fuzhuang/index.php/Admin/Product/edit
INFO: [ app_init ] --START--
INFO: Run Behavior\BuildLiteBehavior [ RunTime:0.000000s ]
INFO: [ app_init ] --END-- [ RunTime:0.000000s ]
INFO: [ app_begin ] --START--
INFO: Run Behavior\ReadHtmlCacheBehavior [ RunTime:0.001001s ]
INFO: [ app_begin ] --END-- [ RunTime:0.001001s ]
SQL: SHOW COLUMNS FROM `product` [ RunTime:0.0070s ]
SQL: SHOW COLUMNS FROM `product_category` [ RunTime:0.0060s ]
SQL: SHOW COLUMNS FROM `product_content` [ RunTime:0.0060s ]
SQL: SELECT `pid` FROM `product_category` WHERE ( id=2 ) LIMIT 1   [ RunTime:0.0010s ]
SQL: UPDATE `product_content` SET `content1`='&lt;p&gt;
	dddddddd
&lt;/p&gt;
&lt;p&gt;
	dlll到底多大的到底多大的
&lt;/p&gt;
&lt;p&gt;
	都是干部
&lt;/p&gt;
&lt;p&gt;
	&lt;img src=&quot;http://localhost:81/fuzhuang/plug-in/kindeditor/plugins/emoticons/images/20.gif&quot; border=&quot;0&quot; alt=&quot;&quot; /&gt;
&lt;/p&gt;' WHERE ( product_id=8 ) [ RunTime:0.0000s ]
SQL: UPDATE `product` SET `cid`='2',`cpid`='1',`product_title`='333',`product_desc`='pl',`status`='1',`hotOffers`='1',`meta_title`='',`meta_keywords`='',`meta_description`='' WHERE ( id=8 ) [ RunTime:0.0000s ]

[ 2015-02-05T00:18:38+08:00 ] ::1 /fuzhuang/index.php/Admin/Product/index
INFO: [ app_init ] --START--
INFO: Run Behavior\BuildLiteBehavior [ RunTime:0.000000s ]
INFO: [ app_init ] --END-- [ RunTime:0.000000s ]
INFO: [ app_begin ] --START--
INFO: Run Behavior\ReadHtmlCacheBehavior [ RunTime:0.001000s ]
INFO: [ app_begin ] --END-- [ RunTime:0.001000s ]
SQL: SHOW COLUMNS FROM `product` [ RunTime:0.0160s ]
SQL: SHOW COLUMNS FROM `product_category` [ RunTime:0.0170s ]
NOTIC: [2] Invalid argument supplied for foreach() E:\www\fuzhuang\system\core\Library\Think\Db\Driver.class.php 第 488 行.
SQL: SELECT COUNT(*) AS tp_count FROM `product` LIMIT 1   [ RunTime:0.0000s ]
NOTIC: [2] Invalid argument supplied for foreach() E:\www\fuzhuang\system\core\Library\Think\Db\Driver.class.php 第 488 行.
SQL: SELECT `id`,`cid`,`cpid`,`product_title`,`status`,`small_img`,`hotoffers` FROM `product` ORDER BY add_time LIMIT 0,10   [ RunTime:0.0000s ]
SQL: SELECT `id`,`pid`,`c_title` FROM `product_category` WHERE ( id=2 ) LIMIT 1   [ RunTime:0.0000s ]
SQL: SELECT `id`,`pid`,`c_title` FROM `product_category` WHERE ( id=1 ) LIMIT 1   [ RunTime:0.0000s ]
SQL: SELECT `id`,`pid`,`c_title` FROM `product_category` WHERE ( id=3 ) LIMIT 1   [ RunTime:0.0010s ]
SQL: SELECT `id`,`pid`,`c_title` FROM `product_category` WHERE ( id=2 ) LIMIT 1   [ RunTime:0.0000s ]
SQL: SELECT `id`,`pid`,`c_title` FROM `product_category` WHERE ( id=1 ) LIMIT 1   [ RunTime:0.0000s ]
SQL: SELECT `id`,`pid`,`c_title` FROM `product_category` WHERE ( id=5 ) LIMIT 1   [ RunTime:0.0010s ]
SQL: SELECT `id`,`pid`,`c_title` FROM `product_category` WHERE ( id=1 ) LIMIT 1   [ RunTime:0.0010s ]
SQL: SELECT `id`,`pid`,`c_title` FROM `product_category` WHERE ( id=2 ) LIMIT 1   [ RunTime:0.0000s ]
SQL: SELECT `id`,`pid`,`c_title` FROM `product_category` WHERE ( id=1 ) LIMIT 1   [ RunTime:0.0000s ]
SQL: SELECT `id`,`pid`,`c_title` FROM `product_category` WHERE ( status=1 and pid=0 ) ORDER BY myorder  [ RunTime:0.0010s ]
SQL: SELECT `id`,`pid`,`c_title` FROM `product_category` WHERE ( pid=1 ) ORDER BY myorder  [ RunTime:0.0010s ]
SQL: SELECT `id`,`pid`,`c_title` FROM `product_category` WHERE ( pid=3 ) ORDER BY myorder  [ RunTime:0.0000s ]
INFO: [ view_parse ] --START--
INFO: [ template_filter ] --START--
INFO: Run Behavior\ContentReplaceBehavior [ RunTime:0.000000s ]
INFO: [ template_filter ] --END-- [ RunTime:0.000000s ]
NOTIC: [8] Undefined index: childY E:\www\fuzhuang\Application\Runtime\Cache\Admin\34e4b095905075aaede5ee9039415509.php 第 39 行.
INFO: Run Behavior\ParseTemplateBehavior [ RunTime:0.018001s ]
INFO: [ view_parse ] --END-- [ RunTime:0.018001s ]
INFO: [ view_filter ] --START--
INFO: Run Behavior\WriteHtmlCacheBehavior [ RunTime:0.001000s ]
INFO: [ view_filter ] --END-- [ RunTime:0.001000s ]
INFO: [ app_end ] --START--
INFO: Run Behavior\ShowPageTraceBehavior [ RunTime:0.001000s ]
INFO: [ app_end ] --END-- [ RunTime:0.001000s ]

